{"C:\\Users\\vikas nallani\\Downloads\\java\\Knowledge_Sharing_Tech_Community\\knowledge-sharing-community\\backend\\src\\app.js": {"path":"C:\\Users\\vikas nallani\\Downloads\\java\\Knowledge_Sharing_Tech_Community\\knowledge-sharing-community\\backend\\src\\app.js","statementMap":{"0":{"start":{"line":73,"column":0},"end":{"line":73,"column":27}},"1":{"start":{"line":74,"column":0},"end":{"line":74,"column":26}},"2":{"start":{"line":76,"column":12},"end":{"line":76,"column":21}},"3":{"start":{"line":79,"column":0},"end":{"line":81,"column":3}},"4":{"start":{"line":80,"column":2},"end":{"line":80,"column":41}},"5":{"start":{"line":84,"column":0},"end":{"line":84,"column":24}},"6":{"start":{"line":87,"column":0},"end":{"line":87,"column":31}},"7":{"start":{"line":88,"column":0},"end":{"line":88,"column":42}},"8":{"start":{"line":89,"column":0},"end":{"line":89,"column":41}},"9":{"start":{"line":90,"column":0},"end":{"line":90,"column":27}},"10":{"start":{"line":91,"column":0},"end":{"line":91,"column":39}},"11":{"start":{"line":92,"column":0},"end":{"line":92,"column":35}},"12":{"start":{"line":93,"column":0},"end":{"line":93,"column":42}},"13":{"start":{"line":94,"column":0},"end":{"line":94,"column":32}},"14":{"start":{"line":95,"column":0},"end":{"line":95,"column":40}},"15":{"start":{"line":96,"column":0},"end":{"line":96,"column":38}},"16":{"start":{"line":97,"column":0},"end":{"line":97,"column":36}},"17":{"start":{"line":98,"column":0},"end":{"line":98,"column":35}},"18":{"start":{"line":99,"column":0},"end":{"line":99,"column":41}},"19":{"start":{"line":102,"column":0},"end":{"line":102,"column":25}},"20":{"start":{"line":103,"column":0},"end":{"line":103,"column":19}},"21":{"start":{"line":104,"column":0},"end":{"line":104,"column":28}},"22":{"start":{"line":105,"column":0},"end":{"line":105,"column":23}},"23":{"start":{"line":106,"column":0},"end":{"line":106,"column":32}},"24":{"start":{"line":107,"column":0},"end":{"line":107,"column":34}},"25":{"start":{"line":110,"column":0},"end":{"line":110,"column":38}},"26":{"start":{"line":111,"column":0},"end":{"line":111,"column":21}},"27":{"start":{"line":114,"column":0},"end":{"line":114,"column":27}},"28":{"start":{"line":117,"column":0},"end":{"line":117,"column":27}},"29":{"start":{"line":120,"column":0},"end":{"line":120,"column":27}},"30":{"start":{"line":123,"column":0},"end":{"line":126,"column":3}},"31":{"start":{"line":124,"column":2},"end":{"line":124,"column":73}},"32":{"start":{"line":125,"column":2},"end":{"line":125,"column":9}},"33":{"start":{"line":129,"column":0},"end":{"line":131,"column":4}},"34":{"start":{"line":130,"column":32},"end":{"line":130,"column":59}},"35":{"start":{"line":134,"column":0},"end":{"line":134,"column":33}},"36":{"start":{"line":137,"column":0},"end":{"line":137,"column":36}},"37":{"start":{"line":141,"column":0},"end":{"line":141,"column":53}},"38":{"start":{"line":142,"column":0},"end":{"line":142,"column":50}},"39":{"start":{"line":145,"column":0},"end":{"line":145,"column":63}},"40":{"start":{"line":146,"column":0},"end":{"line":146,"column":50}},"41":{"start":{"line":147,"column":0},"end":{"line":147,"column":50}},"42":{"start":{"line":148,"column":0},"end":{"line":148,"column":51}},"43":{"start":{"line":151,"column":0},"end":{"line":151,"column":54}},"44":{"start":{"line":154,"column":0},"end":{"line":154,"column":42}},"45":{"start":{"line":157,"column":0},"end":{"line":157,"column":83}},"46":{"start":{"line":160,"column":0},"end":{"line":163,"column":3}},"47":{"start":{"line":161,"column":2},"end":{"line":161,"column":52}},"48":{"start":{"line":162,"column":2},"end":{"line":162,"column":18}},"49":{"start":{"line":166,"column":0},"end":{"line":166,"column":22}},"50":{"start":{"line":172,"column":28},"end":{"line":212,"column":1}},"51":{"start":{"line":173,"column":15},"end":{"line":173,"column":52}},"52":{"start":{"line":174,"column":17},"end":{"line":174,"column":39}},"53":{"start":{"line":176,"column":13},"end":{"line":182,"column":4}},"54":{"start":{"line":184,"column":2},"end":{"line":209,"column":5}},"55":{"start":{"line":185,"column":4},"end":{"line":190,"column":7}},"56":{"start":{"line":192,"column":4},"end":{"line":200,"column":7}},"57":{"start":{"line":193,"column":6},"end":{"line":193,"column":24}},"58":{"start":{"line":194,"column":6},"end":{"line":199,"column":9}},"59":{"start":{"line":202,"column":4},"end":{"line":208,"column":7}},"60":{"start":{"line":203,"column":6},"end":{"line":207,"column":9}},"61":{"start":{"line":211,"column":2},"end":{"line":211,"column":24}}},"fnMap":{"0":{"name":"(anonymous_0)","decl":{"start":{"line":79,"column":19},"end":{"line":79,"column":20}},"loc":{"start":{"line":79,"column":33},"end":{"line":81,"column":1}},"line":79},"1":{"name":"(anonymous_1)","decl":{"start":{"line":123,"column":8},"end":{"line":123,"column":9}},"loc":{"start":{"line":123,"column":28},"end":{"line":126,"column":1}},"line":123},"2":{"name":"(anonymous_2)","decl":{"start":{"line":130,"column":19},"end":{"line":130,"column":20}},"loc":{"start":{"line":130,"column":32},"end":{"line":130,"column":59}},"line":130},"3":{"name":"(anonymous_3)","decl":{"start":{"line":160,"column":29},"end":{"line":160,"column":30}},"loc":{"start":{"line":160,"column":43},"end":{"line":163,"column":1}},"line":160},"4":{"name":"(anonymous_4)","decl":{"start":{"line":172,"column":28},"end":{"line":172,"column":29}},"loc":{"start":{"line":172,"column":34},"end":{"line":212,"column":1}},"line":172},"5":{"name":"(anonymous_5)","decl":{"start":{"line":184,"column":22},"end":{"line":184,"column":23}},"loc":{"start":{"line":184,"column":34},"end":{"line":209,"column":3}},"line":184},"6":{"name":"(anonymous_6)","decl":{"start":{"line":192,"column":27},"end":{"line":192,"column":28}},"loc":{"start":{"line":192,"column":37},"end":{"line":200,"column":5}},"line":192},"7":{"name":"(anonymous_7)","decl":{"start":{"line":202,"column":28},"end":{"line":202,"column":29}},"loc":{"start":{"line":202,"column":34},"end":{"line":208,"column":5}},"line":202}},"branchMap":{"0":{"loc":{"start":{"line":173,"column":15},"end":{"line":173,"column":52}},"type":"binary-expr","locations":[{"start":{"line":173,"column":15},"end":{"line":173,"column":24}},{"start":{"line":173,"column":28},"end":{"line":173,"column":44}},{"start":{"line":173,"column":48},"end":{"line":173,"column":52}}],"line":173}},"s":{"0":1,"1":1,"2":1,"3":1,"4":0,"5":1,"6":1,"7":1,"8":1,"9":1,"10":1,"11":1,"12":1,"13":1,"14":1,"15":1,"16":1,"17":1,"18":1,"19":1,"20":1,"21":1,"22":1,"23":1,"24":1,"25":1,"26":1,"27":1,"28":1,"29":1,"30":1,"31":0,"32":0,"33":1,"34":0,"35":1,"36":1,"37":1,"38":1,"39":1,"40":1,"41":1,"42":1,"43":1,"44":1,"45":1,"46":1,"47":0,"48":0,"49":1,"50":1,"51":0,"52":0,"53":0,"54":0,"55":0,"56":0,"57":0,"58":0,"59":0,"60":0,"61":0},"f":{"0":0,"1":0,"2":0,"3":0,"4":0,"5":0,"6":0,"7":0},"b":{"0":[0,0,0]},"inputSourceMap":null,"_coverageSchema":"1a1c01bbd47fc00a2c39e90264f33305004495a9","hash":"dd1f709e92093589a7ad60a8976907b6faab6205"}
,"C:\\Users\\vikas nallani\\Downloads\\java\\Knowledge_Sharing_Tech_Community\\knowledge-sharing-community\\backend\\src\\base\\BaseController.js": {"path":"C:\\Users\\vikas nallani\\Downloads\\java\\Knowledge_Sharing_Tech_Community\\knowledge-sharing-community\\backend\\src\\base\\BaseController.js","statementMap":{"0":{"start":{"line":7,"column":4},"end":{"line":7,"column":29}},"1":{"start":{"line":12,"column":4},"end":{"line":12,"column":28}},"2":{"start":{"line":17,"column":4},"end":{"line":17,"column":53}},"3":{"start":{"line":21,"column":4},"end":{"line":21,"column":53}},"4":{"start":{"line":25,"column":4},"end":{"line":25,"column":53}},"5":{"start":{"line":29,"column":4},"end":{"line":29,"column":47}},"6":{"start":{"line":33,"column":4},"end":{"line":33,"column":67}},"7":{"start":{"line":38,"column":4},"end":{"line":38,"column":49}},"8":{"start":{"line":42,"column":4},"end":{"line":42,"column":58}},"9":{"start":{"line":46,"column":4},"end":{"line":46,"column":52}},"10":{"start":{"line":50,"column":4},"end":{"line":50,"column":49}},"11":{"start":{"line":54,"column":4},"end":{"line":54,"column":48}},"12":{"start":{"line":59,"column":4},"end":{"line":59,"column":20}},"13":{"start":{"line":63,"column":4},"end":{"line":63,"column":24}},"14":{"start":{"line":67,"column":4},"end":{"line":67,"column":26}},"15":{"start":{"line":71,"column":4},"end":{"line":71,"column":38}},"16":{"start":{"line":75,"column":4},"end":{"line":75,"column":39}},"17":{"start":{"line":79,"column":4},"end":{"line":79,"column":50}},"18":{"start":{"line":83,"column":4},"end":{"line":83,"column":66}},"19":{"start":{"line":88,"column":17},"end":{"line":88,"column":59}},"20":{"start":{"line":89,"column":18},"end":{"line":89,"column":76}},"21":{"start":{"line":90,"column":17},"end":{"line":90,"column":35}},"22":{"start":{"line":92,"column":4},"end":{"line":98,"column":6}},"23":{"start":{"line":102,"column":4},"end":{"line":109,"column":6}},"24":{"start":{"line":114,"column":4},"end":{"line":122,"column":7}},"25":{"start":{"line":126,"column":4},"end":{"line":134,"column":7}},"26":{"start":{"line":139,"column":20},"end":{"line":139,"column":64}},"27":{"start":{"line":139,"column":51},"end":{"line":139,"column":63}},"28":{"start":{"line":140,"column":4},"end":{"line":142,"column":5}},"29":{"start":{"line":141,"column":6},"end":{"line":141,"column":72}},"30":{"start":{"line":146,"column":22},"end":{"line":146,"column":24}},"31":{"start":{"line":147,"column":4},"end":{"line":151,"column":7}},"32":{"start":{"line":148,"column":6},"end":{"line":150,"column":7}},"33":{"start":{"line":149,"column":8},"end":{"line":149,"column":39}},"34":{"start":{"line":152,"column":4},"end":{"line":152,"column":21}}},"fnMap":{"0":{"name":"(anonymous_0)","decl":{"start":{"line":6,"column":2},"end":{"line":6,"column":3}},"loc":{"start":{"line":6,"column":16},"end":{"line":8,"column":3}},"line":6},"1":{"name":"(anonymous_1)","decl":{"start":{"line":11,"column":2},"end":{"line":11,"column":3}},"loc":{"start":{"line":11,"column":26},"end":{"line":13,"column":3}},"line":11},"2":{"name":"(anonymous_2)","decl":{"start":{"line":16,"column":2},"end":{"line":16,"column":3}},"loc":{"start":{"line":16,"column":42},"end":{"line":18,"column":3}},"line":16},"3":{"name":"(anonymous_3)","decl":{"start":{"line":20,"column":2},"end":{"line":20,"column":3}},"loc":{"start":{"line":20,"column":64},"end":{"line":22,"column":3}},"line":20},"4":{"name":"(anonymous_4)","decl":{"start":{"line":24,"column":2},"end":{"line":24,"column":3}},"loc":{"start":{"line":24,"column":64},"end":{"line":26,"column":3}},"line":24},"5":{"name":"(anonymous_5)","decl":{"start":{"line":28,"column":2},"end":{"line":28,"column":3}},"loc":{"start":{"line":28,"column":58},"end":{"line":30,"column":3}},"line":28},"6":{"name":"(anonymous_6)","decl":{"start":{"line":32,"column":2},"end":{"line":32,"column":3}},"loc":{"start":{"line":32,"column":56},"end":{"line":34,"column":3}},"line":32},"7":{"name":"(anonymous_7)","decl":{"start":{"line":37,"column":2},"end":{"line":37,"column":3}},"loc":{"start":{"line":37,"column":39},"end":{"line":39,"column":3}},"line":37},"8":{"name":"(anonymous_8)","decl":{"start":{"line":41,"column":2},"end":{"line":41,"column":3}},"loc":{"start":{"line":41,"column":42},"end":{"line":43,"column":3}},"line":41},"9":{"name":"(anonymous_9)","decl":{"start":{"line":45,"column":2},"end":{"line":45,"column":3}},"loc":{"start":{"line":45,"column":46},"end":{"line":47,"column":3}},"line":45},"10":{"name":"(anonymous_10)","decl":{"start":{"line":49,"column":2},"end":{"line":49,"column":3}},"loc":{"start":{"line":49,"column":40},"end":{"line":51,"column":3}},"line":49},"11":{"name":"(anonymous_11)","decl":{"start":{"line":53,"column":2},"end":{"line":53,"column":3}},"loc":{"start":{"line":53,"column":38},"end":{"line":55,"column":3}},"line":53},"12":{"name":"(anonymous_12)","decl":{"start":{"line":58,"column":2},"end":{"line":58,"column":3}},"loc":{"start":{"line":58,"column":15},"end":{"line":60,"column":3}},"line":58},"13":{"name":"(anonymous_13)","decl":{"start":{"line":62,"column":2},"end":{"line":62,"column":3}},"loc":{"start":{"line":62,"column":17},"end":{"line":64,"column":3}},"line":62},"14":{"name":"(anonymous_14)","decl":{"start":{"line":66,"column":2},"end":{"line":66,"column":3}},"loc":{"start":{"line":66,"column":19},"end":{"line":68,"column":3}},"line":66},"15":{"name":"(anonymous_15)","decl":{"start":{"line":70,"column":2},"end":{"line":70,"column":3}},"loc":{"start":{"line":70,"column":15},"end":{"line":72,"column":3}},"line":70},"16":{"name":"(anonymous_16)","decl":{"start":{"line":74,"column":2},"end":{"line":74,"column":3}},"loc":{"start":{"line":74,"column":16},"end":{"line":76,"column":3}},"line":74},"17":{"name":"(anonymous_17)","decl":{"start":{"line":78,"column":2},"end":{"line":78,"column":3}},"loc":{"start":{"line":78,"column":31},"end":{"line":80,"column":3}},"line":78},"18":{"name":"(anonymous_18)","decl":{"start":{"line":82,"column":2},"end":{"line":82,"column":3}},"loc":{"start":{"line":82,"column":33},"end":{"line":84,"column":3}},"line":82},"19":{"name":"(anonymous_19)","decl":{"start":{"line":87,"column":2},"end":{"line":87,"column":3}},"loc":{"start":{"line":87,"column":34},"end":{"line":99,"column":3}},"line":87},"20":{"name":"(anonymous_20)","decl":{"start":{"line":101,"column":2},"end":{"line":101,"column":3}},"loc":{"start":{"line":101,"column":45},"end":{"line":110,"column":3}},"line":101},"21":{"name":"(anonymous_21)","decl":{"start":{"line":113,"column":2},"end":{"line":113,"column":3}},"loc":{"start":{"line":113,"column":39},"end":{"line":123,"column":3}},"line":113},"22":{"name":"(anonymous_22)","decl":{"start":{"line":125,"column":2},"end":{"line":125,"column":3}},"loc":{"start":{"line":125,"column":44},"end":{"line":135,"column":3}},"line":125},"23":{"name":"(anonymous_23)","decl":{"start":{"line":138,"column":2},"end":{"line":138,"column":3}},"loc":{"start":{"line":138,"column":41},"end":{"line":143,"column":3}},"line":138},"24":{"name":"(anonymous_24)","decl":{"start":{"line":139,"column":42},"end":{"line":139,"column":43}},"loc":{"start":{"line":139,"column":51},"end":{"line":139,"column":63}},"line":139},"25":{"name":"(anonymous_25)","decl":{"start":{"line":145,"column":2},"end":{"line":145,"column":3}},"loc":{"start":{"line":145,"column":37},"end":{"line":153,"column":3}},"line":145},"26":{"name":"(anonymous_26)","decl":{"start":{"line":147,"column":26},"end":{"line":147,"column":27}},"loc":{"start":{"line":147,"column":35},"end":{"line":151,"column":5}},"line":147}},"branchMap":{"0":{"loc":{"start":{"line":16,"column":21},"end":{"line":16,"column":40}},"type":"default-arg","locations":[{"start":{"line":16,"column":31},"end":{"line":16,"column":40}}],"line":16},"1":{"loc":{"start":{"line":20,"column":21},"end":{"line":20,"column":62}},"type":"default-arg","locations":[{"start":{"line":20,"column":31},"end":{"line":20,"column":62}}],"line":20},"2":{"loc":{"start":{"line":24,"column":21},"end":{"line":24,"column":62}},"type":"default-arg","locations":[{"start":{"line":24,"column":31},"end":{"line":24,"column":62}}],"line":24},"3":{"loc":{"start":{"line":28,"column":15},"end":{"line":28,"column":56}},"type":"default-arg","locations":[{"start":{"line":28,"column":25},"end":{"line":28,"column":56}}],"line":28},"4":{"loc":{"start":{"line":32,"column":35},"end":{"line":32,"column":54}},"type":"default-arg","locations":[{"start":{"line":32,"column":45},"end":{"line":32,"column":54}}],"line":32},"5":{"loc":{"start":{"line":37,"column":16},"end":{"line":37,"column":37}},"type":"default-arg","locations":[{"start":{"line":37,"column":27},"end":{"line":37,"column":37}}],"line":37},"6":{"loc":{"start":{"line":41,"column":27},"end":{"line":41,"column":40}},"type":"default-arg","locations":[{"start":{"line":41,"column":36},"end":{"line":41,"column":40}}],"line":41},"7":{"loc":{"start":{"line":45,"column":20},"end":{"line":45,"column":44}},"type":"default-arg","locations":[{"start":{"line":45,"column":30},"end":{"line":45,"column":44}}],"line":45},"8":{"loc":{"start":{"line":49,"column":17},"end":{"line":49,"column":38}},"type":"default-arg","locations":[{"start":{"line":49,"column":27},"end":{"line":49,"column":38}}],"line":49},"9":{"loc":{"start":{"line":53,"column":16},"end":{"line":53,"column":36}},"type":"default-arg","locations":[{"start":{"line":53,"column":26},"end":{"line":53,"column":36}}],"line":53},"10":{"loc":{"start":{"line":83,"column":11},"end":{"line":83,"column":65}},"type":"binary-expr","locations":[{"start":{"line":83,"column":11},"end":{"line":83,"column":28}},{"start":{"line":83,"column":32},"end":{"line":83,"column":65}}],"line":83},"11":{"loc":{"start":{"line":88,"column":29},"end":{"line":88,"column":58}},"type":"binary-expr","locations":[{"start":{"line":88,"column":29},"end":{"line":88,"column":53}},{"start":{"line":88,"column":57},"end":{"line":88,"column":58}}],"line":88},"12":{"loc":{"start":{"line":89,"column":43},"end":{"line":89,"column":74}},"type":"binary-expr","locations":[{"start":{"line":89,"column":43},"end":{"line":89,"column":68}},{"start":{"line":89,"column":72},"end":{"line":89,"column":74}}],"line":89},"13":{"loc":{"start":{"line":96,"column":14},"end":{"line":96,"column":45}},"type":"binary-expr","locations":[{"start":{"line":96,"column":14},"end":{"line":96,"column":30}},{"start":{"line":96,"column":34},"end":{"line":96,"column":45}}],"line":96},"14":{"loc":{"start":{"line":97,"column":17},"end":{"line":97,"column":46}},"type":"binary-expr","locations":[{"start":{"line":97,"column":17},"end":{"line":97,"column":36}},{"start":{"line":97,"column":40},"end":{"line":97,"column":46}}],"line":97},"15":{"loc":{"start":{"line":113,"column":18},"end":{"line":113,"column":37}},"type":"default-arg","locations":[{"start":{"line":113,"column":35},"end":{"line":113,"column":37}}],"line":113},"16":{"loc":{"start":{"line":125,"column":23},"end":{"line":125,"column":42}},"type":"default-arg","locations":[{"start":{"line":125,"column":40},"end":{"line":125,"column":42}}],"line":125},"17":{"loc":{"start":{"line":140,"column":4},"end":{"line":142,"column":5}},"type":"if","locations":[{"start":{"line":140,"column":4},"end":{"line":142,"column":5}},{"start":{},"end":{}}],"line":140},"18":{"loc":{"start":{"line":148,"column":6},"end":{"line":150,"column":7}},"type":"if","locations":[{"start":{"line":148,"column":6},"end":{"line":150,"column":7}},{"start":{},"end":{}}],"line":148}},"s":{"0":0,"1":24,"2":0,"3":0,"4":0,"5":0,"6":0,"7":0,"8":0,"9":0,"10":0,"11":0,"12":0,"13":0,"14":0,"15":0,"16":0,"17":0,"18":0,"19":0,"20":0,"21":0,"22":0,"23":0,"24":0,"25":0,"26":0,"27":0,"28":0,"29":0,"30":0,"31":0,"32":0,"33":0,"34":0},"f":{"0":0,"1":24,"2":0,"3":0,"4":0,"5":0,"6":0,"7":0,"8":0,"9":0,"10":0,"11":0,"12":0,"13":0,"14":0,"15":0,"16":0,"17":0,"18":0,"19":0,"20":0,"21":0,"22":0,"23":0,"24":0,"25":0,"26":0},"b":{"0":[0],"1":[0],"2":[0],"3":[0],"4":[0],"5":[0],"6":[0],"7":[0],"8":[0],"9":[0],"10":[0,0],"11":[0,0],"12":[0,0],"13":[0,0],"14":[0,0],"15":[0],"16":[0],"17":[0,0],"18":[0,0]},"inputSourceMap":null,"_coverageSchema":"1a1c01bbd47fc00a2c39e90264f33305004495a9","hash":"8ffb19fe37e2a86efae43f971cc75cb892d51bd9"}
,"C:\\Users\\vikas nallani\\Downloads\\java\\Knowledge_Sharing_Tech_Community\\knowledge-sharing-community\\backend\\src\\base\\BaseRepository.js": {"path":"C:\\Users\\vikas nallani\\Downloads\\java\\Knowledge_Sharing_Tech_Community\\knowledge-sharing-community\\backend\\src\\base\\BaseRepository.js","statementMap":{"0":{"start":{"line":6,"column":4},"end":{"line":6,"column":23}},"1":{"start":{"line":7,"column":4},"end":{"line":7,"column":31}},"2":{"start":{"line":8,"column":4},"end":{"line":8,"column":25}},"3":{"start":{"line":13,"column":4},"end":{"line":21,"column":5}},"4":{"start":{"line":14,"column":21},"end":{"line":16,"column":8}},"5":{"start":{"line":17,"column":6},"end":{"line":17,"column":20}},"6":{"start":{"line":19,"column":6},"end":{"line":19,"column":69}},"7":{"start":{"line":20,"column":6},"end":{"line":20,"column":68}},"8":{"start":{"line":25,"column":4},"end":{"line":47,"column":5}},"9":{"start":{"line":33,"column":10},"end":{"line":33,"column":17}},"10":{"start":{"line":35,"column":21},"end":{"line":42,"column":8}},"11":{"start":{"line":43,"column":6},"end":{"line":43,"column":20}},"12":{"start":{"line":45,"column":6},"end":{"line":45,"column":69}},"13":{"start":{"line":46,"column":6},"end":{"line":46,"column":68}},"14":{"start":{"line":51,"column":4},"end":{"line":59,"column":5}},"15":{"start":{"line":52,"column":21},"end":{"line":54,"column":8}},"16":{"start":{"line":55,"column":6},"end":{"line":55,"column":20}},"17":{"start":{"line":57,"column":6},"end":{"line":57,"column":67}},"18":{"start":{"line":58,"column":6},"end":{"line":58,"column":66}},"19":{"start":{"line":63,"column":4},"end":{"line":72,"column":5}},"20":{"start":{"line":64,"column":21},"end":{"line":67,"column":8}},"21":{"start":{"line":68,"column":6},"end":{"line":68,"column":20}},"22":{"start":{"line":70,"column":6},"end":{"line":70,"column":67}},"23":{"start":{"line":71,"column":6},"end":{"line":71,"column":66}},"24":{"start":{"line":76,"column":4},"end":{"line":84,"column":5}},"25":{"start":{"line":77,"column":6},"end":{"line":79,"column":9}},"26":{"start":{"line":80,"column":6},"end":{"line":80,"column":18}},"27":{"start":{"line":82,"column":6},"end":{"line":82,"column":67}},"28":{"start":{"line":83,"column":6},"end":{"line":83,"column":66}},"29":{"start":{"line":88,"column":4},"end":{"line":97,"column":5}},"30":{"start":{"line":89,"column":29},"end":{"line":89,"column":36}},"31":{"start":{"line":90,"column":21},"end":{"line":92,"column":8}},"32":{"start":{"line":93,"column":6},"end":{"line":93,"column":20}},"33":{"start":{"line":95,"column":6},"end":{"line":95,"column":66}},"34":{"start":{"line":96,"column":6},"end":{"line":96,"column":65}},"35":{"start":{"line":101,"column":4},"end":{"line":110,"column":5}},"36":{"start":{"line":102,"column":21},"end":{"line":105,"column":8}},"37":{"start":{"line":106,"column":6},"end":{"line":106,"column":22}},"38":{"start":{"line":108,"column":6},"end":{"line":108,"column":67}},"39":{"start":{"line":109,"column":6},"end":{"line":109,"column":66}},"40":{"start":{"line":115,"column":4},"end":{"line":120,"column":5}},"41":{"start":{"line":116,"column":6},"end":{"line":116,"column":53}},"42":{"start":{"line":118,"column":6},"end":{"line":118,"column":72}},"43":{"start":{"line":119,"column":6},"end":{"line":119,"column":71}},"44":{"start":{"line":125,"column":4},"end":{"line":133,"column":5}},"45":{"start":{"line":126,"column":21},"end":{"line":128,"column":8}},"46":{"start":{"line":129,"column":6},"end":{"line":129,"column":20}},"47":{"start":{"line":131,"column":6},"end":{"line":131,"column":71}},"48":{"start":{"line":132,"column":6},"end":{"line":132,"column":70}},"49":{"start":{"line":137,"column":4},"end":{"line":146,"column":5}},"50":{"start":{"line":138,"column":21},"end":{"line":141,"column":8}},"51":{"start":{"line":142,"column":6},"end":{"line":142,"column":20}},"52":{"start":{"line":144,"column":6},"end":{"line":144,"column":71}},"53":{"start":{"line":145,"column":6},"end":{"line":145,"column":70}},"54":{"start":{"line":150,"column":4},"end":{"line":158,"column":5}},"55":{"start":{"line":151,"column":21},"end":{"line":153,"column":8}},"56":{"start":{"line":154,"column":6},"end":{"line":154,"column":20}},"57":{"start":{"line":156,"column":6},"end":{"line":156,"column":71}},"58":{"start":{"line":157,"column":6},"end":{"line":157,"column":70}},"59":{"start":{"line":163,"column":4},"end":{"line":181,"column":5}},"60":{"start":{"line":169,"column":10},"end":{"line":169,"column":17}},"61":{"start":{"line":171,"column":21},"end":{"line":176,"column":8}},"62":{"start":{"line":177,"column":6},"end":{"line":177,"column":20}},"63":{"start":{"line":179,"column":6},"end":{"line":179,"column":70}},"64":{"start":{"line":180,"column":6},"end":{"line":180,"column":69}},"65":{"start":{"line":185,"column":4},"end":{"line":201,"column":5}},"66":{"start":{"line":190,"column":10},"end":{"line":190,"column":17}},"67":{"start":{"line":192,"column":21},"end":{"line":196,"column":8}},"68":{"start":{"line":197,"column":6},"end":{"line":197,"column":20}},"69":{"start":{"line":199,"column":6},"end":{"line":199,"column":71}},"70":{"start":{"line":200,"column":6},"end":{"line":200,"column":70}},"71":{"start":{"line":206,"column":4},"end":{"line":228,"column":5}},"72":{"start":{"line":214,"column":10},"end":{"line":214,"column":17}},"73":{"start":{"line":216,"column":21},"end":{"line":223,"column":8}},"74":{"start":{"line":224,"column":6},"end":{"line":224,"column":20}},"75":{"start":{"line":226,"column":6},"end":{"line":226,"column":70}},"76":{"start":{"line":227,"column":6},"end":{"line":227,"column":69}},"77":{"start":{"line":233,"column":4},"end":{"line":253,"column":5}},"78":{"start":{"line":240,"column":10},"end":{"line":240,"column":17}},"79":{"start":{"line":242,"column":21},"end":{"line":248,"column":8}},"80":{"start":{"line":249,"column":6},"end":{"line":249,"column":20}},"81":{"start":{"line":251,"column":6},"end":{"line":251,"column":68}},"82":{"start":{"line":252,"column":6},"end":{"line":252,"column":67}},"83":{"start":{"line":258,"column":4},"end":{"line":264,"column":5}},"84":{"start":{"line":259,"column":21},"end":{"line":259,"column":57}},"85":{"start":{"line":260,"column":6},"end":{"line":260,"column":20}},"86":{"start":{"line":262,"column":6},"end":{"line":262,"column":69}},"87":{"start":{"line":263,"column":6},"end":{"line":263,"column":68}},"88":{"start":{"line":268,"column":4},"end":{"line":274,"column":5}},"89":{"start":{"line":269,"column":21},"end":{"line":269,"column":61}},"90":{"start":{"line":270,"column":6},"end":{"line":270,"column":20}},"91":{"start":{"line":272,"column":6},"end":{"line":272,"column":71}},"92":{"start":{"line":273,"column":6},"end":{"line":273,"column":70}},"93":{"start":{"line":279,"column":4},"end":{"line":288,"column":5}},"94":{"start":{"line":280,"column":21},"end":{"line":283,"column":8}},"95":{"start":{"line":284,"column":6},"end":{"line":284,"column":20}},"96":{"start":{"line":286,"column":6},"end":{"line":286,"column":71}},"97":{"start":{"line":287,"column":6},"end":{"line":287,"column":70}},"98":{"start":{"line":292,"column":4},"end":{"line":301,"column":5}},"99":{"start":{"line":293,"column":21},"end":{"line":296,"column":8}},"100":{"start":{"line":297,"column":6},"end":{"line":297,"column":20}},"101":{"start":{"line":299,"column":6},"end":{"line":299,"column":68}},"102":{"start":{"line":300,"column":6},"end":{"line":300,"column":67}},"103":{"start":{"line":306,"column":4},"end":{"line":308,"column":5}},"104":{"start":{"line":307,"column":6},"end":{"line":307,"column":45}},"105":{"start":{"line":312,"column":18},"end":{"line":312,"column":20}},"106":{"start":{"line":314,"column":4},"end":{"line":327,"column":7}},"107":{"start":{"line":315,"column":20},"end":{"line":315,"column":32}},"108":{"start":{"line":316,"column":6},"end":{"line":326,"column":7}},"109":{"start":{"line":317,"column":8},"end":{"line":325,"column":9}},"110":{"start":{"line":319,"column":10},"end":{"line":322,"column":12}},"111":{"start":{"line":324,"column":10},"end":{"line":324,"column":29}},"112":{"start":{"line":329,"column":4},"end":{"line":329,"column":17}},"113":{"start":{"line":333,"column":4},"end":{"line":333,"column":46}},"114":{"start":{"line":333,"column":17},"end":{"line":333,"column":46}},"115":{"start":{"line":335,"column":4},"end":{"line":335,"column":35}}},"fnMap":{"0":{"name":"(anonymous_0)","decl":{"start":{"line":5,"column":2},"end":{"line":5,"column":3}},"loc":{"start":{"line":5,"column":32},"end":{"line":9,"column":3}},"line":5},"1":{"name":"(anonymous_1)","decl":{"start":{"line":12,"column":2},"end":{"line":12,"column":3}},"loc":{"start":{"line":12,"column":21},"end":{"line":22,"column":3}},"line":12},"2":{"name":"(anonymous_2)","decl":{"start":{"line":24,"column":2},"end":{"line":24,"column":3}},"loc":{"start":{"line":24,"column":31},"end":{"line":48,"column":3}},"line":24},"3":{"name":"(anonymous_3)","decl":{"start":{"line":50,"column":2},"end":{"line":50,"column":3}},"loc":{"start":{"line":50,"column":21},"end":{"line":60,"column":3}},"line":50},"4":{"name":"(anonymous_4)","decl":{"start":{"line":62,"column":2},"end":{"line":62,"column":3}},"loc":{"start":{"line":62,"column":25},"end":{"line":73,"column":3}},"line":62},"5":{"name":"(anonymous_5)","decl":{"start":{"line":75,"column":2},"end":{"line":75,"column":3}},"loc":{"start":{"line":75,"column":19},"end":{"line":85,"column":3}},"line":75},"6":{"name":"(anonymous_6)","decl":{"start":{"line":87,"column":2},"end":{"line":87,"column":3}},"loc":{"start":{"line":87,"column":28},"end":{"line":98,"column":3}},"line":87},"7":{"name":"(anonymous_7)","decl":{"start":{"line":100,"column":2},"end":{"line":100,"column":3}},"loc":{"start":{"line":100,"column":19},"end":{"line":111,"column":3}},"line":100},"8":{"name":"(anonymous_8)","decl":{"start":{"line":114,"column":2},"end":{"line":114,"column":3}},"loc":{"start":{"line":114,"column":30},"end":{"line":121,"column":3}},"line":114},"9":{"name":"(anonymous_9)","decl":{"start":{"line":124,"column":2},"end":{"line":124,"column":3}},"loc":{"start":{"line":124,"column":30},"end":{"line":134,"column":3}},"line":124},"10":{"name":"(anonymous_10)","decl":{"start":{"line":136,"column":2},"end":{"line":136,"column":3}},"loc":{"start":{"line":136,"column":32},"end":{"line":147,"column":3}},"line":136},"11":{"name":"(anonymous_11)","decl":{"start":{"line":149,"column":2},"end":{"line":149,"column":3}},"loc":{"start":{"line":149,"column":26},"end":{"line":159,"column":3}},"line":149},"12":{"name":"(anonymous_12)","decl":{"start":{"line":162,"column":2},"end":{"line":162,"column":3}},"loc":{"start":{"line":162,"column":32},"end":{"line":182,"column":3}},"line":162},"13":{"name":"(anonymous_13)","decl":{"start":{"line":184,"column":2},"end":{"line":184,"column":3}},"loc":{"start":{"line":184,"column":33},"end":{"line":202,"column":3}},"line":184},"14":{"name":"(anonymous_14)","decl":{"start":{"line":205,"column":2},"end":{"line":205,"column":3}},"loc":{"start":{"line":205,"column":32},"end":{"line":229,"column":3}},"line":205},"15":{"name":"(anonymous_15)","decl":{"start":{"line":232,"column":2},"end":{"line":232,"column":3}},"loc":{"start":{"line":232,"column":30},"end":{"line":254,"column":3}},"line":232},"16":{"name":"(anonymous_16)","decl":{"start":{"line":257,"column":2},"end":{"line":257,"column":3}},"loc":{"start":{"line":257,"column":41},"end":{"line":265,"column":3}},"line":257},"17":{"name":"(anonymous_17)","decl":{"start":{"line":267,"column":2},"end":{"line":267,"column":3}},"loc":{"start":{"line":267,"column":45},"end":{"line":275,"column":3}},"line":267},"18":{"name":"(anonymous_18)","decl":{"start":{"line":278,"column":2},"end":{"line":278,"column":3}},"loc":{"start":{"line":278,"column":23},"end":{"line":289,"column":3}},"line":278},"19":{"name":"(anonymous_19)","decl":{"start":{"line":291,"column":2},"end":{"line":291,"column":3}},"loc":{"start":{"line":291,"column":20},"end":{"line":302,"column":3}},"line":291},"20":{"name":"(anonymous_20)","decl":{"start":{"line":305,"column":2},"end":{"line":305,"column":3}},"loc":{"start":{"line":305,"column":17},"end":{"line":309,"column":3}},"line":305},"21":{"name":"(anonymous_21)","decl":{"start":{"line":311,"column":2},"end":{"line":311,"column":3}},"loc":{"start":{"line":311,"column":28},"end":{"line":330,"column":3}},"line":311},"22":{"name":"(anonymous_22)","decl":{"start":{"line":314,"column":33},"end":{"line":314,"column":34}},"loc":{"start":{"line":314,"column":40},"end":{"line":327,"column":5}},"line":314},"23":{"name":"(anonymous_23)","decl":{"start":{"line":332,"column":2},"end":{"line":332,"column":3}},"loc":{"start":{"line":332,"column":49},"end":{"line":336,"column":3}},"line":332}},"branchMap":{"0":{"loc":{"start":{"line":24,"column":17},"end":{"line":24,"column":29}},"type":"default-arg","locations":[{"start":{"line":24,"column":27},"end":{"line":24,"column":29}}],"line":24},"1":{"loc":{"start":{"line":27,"column":8},"end":{"line":27,"column":18}},"type":"default-arg","locations":[{"start":{"line":27,"column":16},"end":{"line":27,"column":18}}],"line":27},"2":{"loc":{"start":{"line":28,"column":8},"end":{"line":28,"column":39}},"type":"default-arg","locations":[{"start":{"line":28,"column":18},"end":{"line":28,"column":39}}],"line":28},"3":{"loc":{"start":{"line":29,"column":8},"end":{"line":29,"column":16}},"type":"default-arg","locations":[{"start":{"line":29,"column":15},"end":{"line":29,"column":16}}],"line":29},"4":{"loc":{"start":{"line":30,"column":8},"end":{"line":30,"column":17}},"type":"default-arg","locations":[{"start":{"line":30,"column":15},"end":{"line":30,"column":17}}],"line":30},"5":{"loc":{"start":{"line":31,"column":8},"end":{"line":31,"column":20}},"type":"default-arg","locations":[{"start":{"line":31,"column":18},"end":{"line":31,"column":20}}],"line":31},"6":{"loc":{"start":{"line":32,"column":8},"end":{"line":32,"column":26}},"type":"default-arg","locations":[{"start":{"line":32,"column":17},"end":{"line":32,"column":26}}],"line":32},"7":{"loc":{"start":{"line":87,"column":14},"end":{"line":87,"column":26}},"type":"default-arg","locations":[{"start":{"line":87,"column":24},"end":{"line":87,"column":26}}],"line":87},"8":{"loc":{"start":{"line":89,"column":14},"end":{"line":89,"column":24}},"type":"default-arg","locations":[{"start":{"line":89,"column":22},"end":{"line":89,"column":24}}],"line":89},"9":{"loc":{"start":{"line":162,"column":18},"end":{"line":162,"column":30}},"type":"default-arg","locations":[{"start":{"line":162,"column":28},"end":{"line":162,"column":30}}],"line":162},"10":{"loc":{"start":{"line":165,"column":8},"end":{"line":165,"column":18}},"type":"default-arg","locations":[{"start":{"line":165,"column":16},"end":{"line":165,"column":18}}],"line":165},"11":{"loc":{"start":{"line":166,"column":8},"end":{"line":166,"column":39}},"type":"default-arg","locations":[{"start":{"line":166,"column":18},"end":{"line":166,"column":39}}],"line":166},"12":{"loc":{"start":{"line":167,"column":8},"end":{"line":167,"column":20}},"type":"default-arg","locations":[{"start":{"line":167,"column":18},"end":{"line":167,"column":20}}],"line":167},"13":{"loc":{"start":{"line":168,"column":8},"end":{"line":168,"column":26}},"type":"default-arg","locations":[{"start":{"line":168,"column":17},"end":{"line":168,"column":26}}],"line":168},"14":{"loc":{"start":{"line":184,"column":19},"end":{"line":184,"column":31}},"type":"default-arg","locations":[{"start":{"line":184,"column":29},"end":{"line":184,"column":31}}],"line":184},"15":{"loc":{"start":{"line":187,"column":8},"end":{"line":187,"column":18}},"type":"default-arg","locations":[{"start":{"line":187,"column":16},"end":{"line":187,"column":18}}],"line":187},"16":{"loc":{"start":{"line":188,"column":8},"end":{"line":188,"column":20}},"type":"default-arg","locations":[{"start":{"line":188,"column":18},"end":{"line":188,"column":20}}],"line":188},"17":{"loc":{"start":{"line":189,"column":8},"end":{"line":189,"column":26}},"type":"default-arg","locations":[{"start":{"line":189,"column":17},"end":{"line":189,"column":26}}],"line":189},"18":{"loc":{"start":{"line":205,"column":18},"end":{"line":205,"column":30}},"type":"default-arg","locations":[{"start":{"line":205,"column":28},"end":{"line":205,"column":30}}],"line":205},"19":{"loc":{"start":{"line":208,"column":8},"end":{"line":208,"column":18}},"type":"default-arg","locations":[{"start":{"line":208,"column":16},"end":{"line":208,"column":18}}],"line":208},"20":{"loc":{"start":{"line":209,"column":8},"end":{"line":209,"column":19}},"type":"default-arg","locations":[{"start":{"line":209,"column":17},"end":{"line":209,"column":19}}],"line":209},"21":{"loc":{"start":{"line":210,"column":8},"end":{"line":210,"column":17}},"type":"default-arg","locations":[{"start":{"line":210,"column":15},"end":{"line":210,"column":17}}],"line":210},"22":{"loc":{"start":{"line":211,"column":8},"end":{"line":211,"column":17}},"type":"default-arg","locations":[{"start":{"line":211,"column":15},"end":{"line":211,"column":17}}],"line":211},"23":{"loc":{"start":{"line":212,"column":8},"end":{"line":212,"column":17}},"type":"default-arg","locations":[{"start":{"line":212,"column":15},"end":{"line":212,"column":17}}],"line":212},"24":{"loc":{"start":{"line":213,"column":8},"end":{"line":213,"column":17}},"type":"default-arg","locations":[{"start":{"line":213,"column":15},"end":{"line":213,"column":17}}],"line":213},"25":{"loc":{"start":{"line":232,"column":16},"end":{"line":232,"column":28}},"type":"default-arg","locations":[{"start":{"line":232,"column":26},"end":{"line":232,"column":28}}],"line":232},"26":{"loc":{"start":{"line":235,"column":8},"end":{"line":235,"column":15}},"type":"default-arg","locations":[{"start":{"line":235,"column":13},"end":{"line":235,"column":15}}],"line":235},"27":{"loc":{"start":{"line":236,"column":8},"end":{"line":236,"column":18}},"type":"default-arg","locations":[{"start":{"line":236,"column":16},"end":{"line":236,"column":18}}],"line":236},"28":{"loc":{"start":{"line":237,"column":8},"end":{"line":237,"column":19}},"type":"default-arg","locations":[{"start":{"line":237,"column":17},"end":{"line":237,"column":19}}],"line":237},"29":{"loc":{"start":{"line":238,"column":8},"end":{"line":238,"column":17}},"type":"default-arg","locations":[{"start":{"line":238,"column":15},"end":{"line":238,"column":17}}],"line":238},"30":{"loc":{"start":{"line":239,"column":8},"end":{"line":239,"column":17}},"type":"default-arg","locations":[{"start":{"line":239,"column":15},"end":{"line":239,"column":17}}],"line":239},"31":{"loc":{"start":{"line":257,"column":24},"end":{"line":257,"column":39}},"type":"default-arg","locations":[{"start":{"line":257,"column":37},"end":{"line":257,"column":39}}],"line":257},"32":{"loc":{"start":{"line":267,"column":28},"end":{"line":267,"column":43}},"type":"default-arg","locations":[{"start":{"line":267,"column":41},"end":{"line":267,"column":43}}],"line":267},"33":{"loc":{"start":{"line":306,"column":4},"end":{"line":308,"column":5}},"type":"if","locations":[{"start":{"line":306,"column":4},"end":{"line":308,"column":5}},{"start":{},"end":{}}],"line":306},"34":{"loc":{"start":{"line":306,"column":8},"end":{"line":306,"column":48}},"type":"binary-expr","locations":[{"start":{"line":306,"column":8},"end":{"line":306,"column":11}},{"start":{"line":306,"column":15},"end":{"line":306,"column":37}},{"start":{"line":306,"column":41},"end":{"line":306,"column":48}}],"line":306},"35":{"loc":{"start":{"line":316,"column":6},"end":{"line":326,"column":7}},"type":"if","locations":[{"start":{"line":316,"column":6},"end":{"line":326,"column":7}},{"start":{},"end":{}}],"line":316},"36":{"loc":{"start":{"line":316,"column":10},"end":{"line":316,"column":63}},"type":"binary-expr","locations":[{"start":{"line":316,"column":10},"end":{"line":316,"column":29}},{"start":{"line":316,"column":33},"end":{"line":316,"column":47}},{"start":{"line":316,"column":51},"end":{"line":316,"column":63}}],"line":316},"37":{"loc":{"start":{"line":317,"column":8},"end":{"line":325,"column":9}},"type":"if","locations":[{"start":{"line":317,"column":8},"end":{"line":325,"column":9}},{"start":{"line":323,"column":15},"end":{"line":325,"column":9}}],"line":317},"38":{"loc":{"start":{"line":317,"column":12},"end":{"line":317,"column":60}},"type":"binary-expr","locations":[{"start":{"line":317,"column":12},"end":{"line":317,"column":37}},{"start":{"line":317,"column":41},"end":{"line":317,"column":60}}],"line":317},"39":{"loc":{"start":{"line":332,"column":29},"end":{"line":332,"column":47}},"type":"default-arg","locations":[{"start":{"line":332,"column":41},"end":{"line":332,"column":47}}],"line":332},"40":{"loc":{"start":{"line":333,"column":4},"end":{"line":333,"column":46}},"type":"if","locations":[{"start":{"line":333,"column":4},"end":{"line":333,"column":46}},{"start":{},"end":{}}],"line":333}},"s":{"0":5,"1":5,"2":5,"3":0,"4":0,"5":0,"6":0,"7":0,"8":0,"9":0,"10":0,"11":0,"12":0,"13":0,"14":0,"15":0,"16":0,"17":0,"18":0,"19":0,"20":0,"21":0,"22":0,"23":0,"24":0,"25":0,"26":0,"27":0,"28":0,"29":0,"30":0,"31":0,"32":0,"33":0,"34":0,"35":0,"36":0,"37":0,"38":0,"39":0,"40":0,"41":0,"42":0,"43":0,"44":0,"45":0,"46":0,"47":0,"48":0,"49":0,"50":0,"51":0,"52":0,"53":0,"54":0,"55":0,"56":0,"57":0,"58":0,"59":0,"60":0,"61":0,"62":0,"63":0,"64":0,"65":0,"66":0,"67":0,"68":0,"69":0,"70":0,"71":0,"72":0,"73":0,"74":0,"75":0,"76":0,"77":0,"78":0,"79":0,"80":0,"81":0,"82":0,"83":0,"84":0,"85":0,"86":0,"87":0,"88":0,"89":0,"90":0,"91":0,"92":0,"93":0,"94":0,"95":0,"96":0,"97":0,"98":0,"99":0,"100":0,"101":0,"102":0,"103":0,"104":0,"105":0,"106":0,"107":0,"108":0,"109":0,"110":0,"111":0,"112":0,"113":0,"114":0,"115":0},"f":{"0":5,"1":0,"2":0,"3":0,"4":0,"5":0,"6":0,"7":0,"8":0,"9":0,"10":0,"11":0,"12":0,"13":0,"14":0,"15":0,"16":0,"17":0,"18":0,"19":0,"20":0,"21":0,"22":0,"23":0},"b":{"0":[0],"1":[0],"2":[0],"3":[0],"4":[0],"5":[0],"6":[0],"7":[0],"8":[0],"9":[0],"10":[0],"11":[0],"12":[0],"13":[0],"14":[0],"15":[0],"16":[0],"17":[0],"18":[0],"19":[0],"20":[0],"21":[0],"22":[0],"23":[0],"24":[0],"25":[0],"26":[0],"27":[0],"28":[0],"29":[0],"30":[0],"31":[0],"32":[0],"33":[0,0],"34":[0,0,0],"35":[0,0],"36":[0,0,0],"37":[0,0],"38":[0,0],"39":[0],"40":[0,0]},"inputSourceMap":null,"_coverageSchema":"1a1c01bbd47fc00a2c39e90264f33305004495a9","hash":"63811e9ce0d1d0ae5a1f0d8057ca2dfb9e352e1e"}
,"C:\\Users\\vikas nallani\\Downloads\\java\\Knowledge_Sharing_Tech_Community\\knowledge-sharing-community\\backend\\src\\base\\BaseService.js": {"path":"C:\\Users\\vikas nallani\\Downloads\\java\\Knowledge_Sharing_Tech_Community\\knowledge-sharing-community\\backend\\src\\base\\BaseService.js","statementMap":{"0":{"start":{"line":6,"column":4},"end":{"line":6,"column":33}},"1":{"start":{"line":7,"column":4},"end":{"line":7,"column":25}},"2":{"start":{"line":12,"column":4},"end":{"line":21,"column":5}},"3":{"start":{"line":13,"column":21},"end":{"line":13,"column":55}},"4":{"start":{"line":14,"column":6},"end":{"line":16,"column":7}},"5":{"start":{"line":15,"column":8},"end":{"line":15,"column":38}},"6":{"start":{"line":17,"column":6},"end":{"line":17,"column":20}},"7":{"start":{"line":19,"column":6},"end":{"line":19,"column":53}},"8":{"start":{"line":20,"column":6},"end":{"line":20,"column":18}},"9":{"start":{"line":25,"column":4},"end":{"line":50,"column":5}},"10":{"start":{"line":26,"column":95},"end":{"line":26,"column":102}},"11":{"start":{"line":28,"column":19},"end":{"line":28,"column":37}},"12":{"start":{"line":29,"column":22},"end":{"line":29,"column":45}},"13":{"start":{"line":31,"column":28},"end":{"line":34,"column":8}},"14":{"start":{"line":36,"column":6},"end":{"line":46,"column":8}},"15":{"start":{"line":48,"column":6},"end":{"line":48,"column":51}},"16":{"start":{"line":49,"column":6},"end":{"line":49,"column":67}},"17":{"start":{"line":54,"column":4},"end":{"line":67,"column":5}},"18":{"start":{"line":55,"column":21},"end":{"line":55,"column":55}},"19":{"start":{"line":56,"column":6},"end":{"line":56,"column":76}},"20":{"start":{"line":57,"column":6},"end":{"line":57,"column":20}},"21":{"start":{"line":59,"column":6},"end":{"line":59,"column":49}},"22":{"start":{"line":62,"column":6},"end":{"line":64,"column":7}},"23":{"start":{"line":63,"column":8},"end":{"line":63,"column":63}},"24":{"start":{"line":66,"column":6},"end":{"line":66,"column":66}},"25":{"start":{"line":71,"column":4},"end":{"line":90,"column":5}},"26":{"start":{"line":73,"column":23},"end":{"line":73,"column":57}},"27":{"start":{"line":74,"column":6},"end":{"line":76,"column":7}},"28":{"start":{"line":75,"column":8},"end":{"line":75,"column":38}},"29":{"start":{"line":78,"column":21},"end":{"line":78,"column":59}},"30":{"start":{"line":79,"column":6},"end":{"line":79,"column":65}},"31":{"start":{"line":80,"column":6},"end":{"line":80,"column":20}},"32":{"start":{"line":82,"column":6},"end":{"line":82,"column":49}},"33":{"start":{"line":85,"column":6},"end":{"line":87,"column":7}},"34":{"start":{"line":86,"column":8},"end":{"line":86,"column":81}},"35":{"start":{"line":89,"column":6},"end":{"line":89,"column":66}},"36":{"start":{"line":94,"column":4},"end":{"line":107,"column":5}},"37":{"start":{"line":96,"column":23},"end":{"line":96,"column":57}},"38":{"start":{"line":97,"column":6},"end":{"line":99,"column":7}},"39":{"start":{"line":98,"column":8},"end":{"line":98,"column":38}},"40":{"start":{"line":101,"column":6},"end":{"line":101,"column":39}},"41":{"start":{"line":102,"column":6},"end":{"line":102,"column":65}},"42":{"start":{"line":103,"column":6},"end":{"line":103,"column":18}},"43":{"start":{"line":105,"column":6},"end":{"line":105,"column":49}},"44":{"start":{"line":106,"column":6},"end":{"line":106,"column":66}},"45":{"start":{"line":111,"column":4},"end":{"line":116,"column":5}},"46":{"start":{"line":112,"column":6},"end":{"line":112,"column":50}},"47":{"start":{"line":114,"column":6},"end":{"line":114,"column":48}},"48":{"start":{"line":115,"column":6},"end":{"line":115,"column":65}},"49":{"start":{"line":120,"column":4},"end":{"line":126,"column":5}},"50":{"start":{"line":121,"column":21},"end":{"line":121,"column":55}},"51":{"start":{"line":122,"column":6},"end":{"line":122,"column":22}},"52":{"start":{"line":124,"column":6},"end":{"line":124,"column":55}},"53":{"start":{"line":125,"column":6},"end":{"line":125,"column":66}},"54":{"start":{"line":131,"column":4},"end":{"line":136,"column":5}},"55":{"start":{"line":132,"column":6},"end":{"line":132,"column":57}},"56":{"start":{"line":134,"column":6},"end":{"line":134,"column":54}},"57":{"start":{"line":135,"column":6},"end":{"line":135,"column":71}},"58":{"start":{"line":141,"column":4},"end":{"line":148,"column":5}},"59":{"start":{"line":142,"column":22},"end":{"line":142,"column":65}},"60":{"start":{"line":143,"column":6},"end":{"line":143,"column":77}},"61":{"start":{"line":144,"column":6},"end":{"line":144,"column":21}},"62":{"start":{"line":146,"column":6},"end":{"line":146,"column":55}},"63":{"start":{"line":147,"column":6},"end":{"line":147,"column":70}},"64":{"start":{"line":152,"column":4},"end":{"line":159,"column":5}},"65":{"start":{"line":153,"column":21},"end":{"line":153,"column":68}},"66":{"start":{"line":154,"column":6},"end":{"line":154,"column":75}},"67":{"start":{"line":155,"column":6},"end":{"line":155,"column":20}},"68":{"start":{"line":157,"column":6},"end":{"line":157,"column":55}},"69":{"start":{"line":158,"column":6},"end":{"line":158,"column":70}},"70":{"start":{"line":163,"column":4},"end":{"line":170,"column":5}},"71":{"start":{"line":164,"column":21},"end":{"line":164,"column":62}},"72":{"start":{"line":165,"column":6},"end":{"line":165,"column":75}},"73":{"start":{"line":166,"column":6},"end":{"line":166,"column":20}},"74":{"start":{"line":168,"column":6},"end":{"line":168,"column":55}},"75":{"start":{"line":169,"column":6},"end":{"line":169,"column":70}},"76":{"start":{"line":175,"column":4},"end":{"line":205,"column":5}},"77":{"start":{"line":176,"column":52},"end":{"line":176,"column":59}},"78":{"start":{"line":177,"column":19},"end":{"line":177,"column":37}},"79":{"start":{"line":179,"column":28},"end":{"line":179,"column":66}},"80":{"start":{"line":181,"column":28},"end":{"line":189,"column":8}},"81":{"start":{"line":191,"column":6},"end":{"line":201,"column":8}},"82":{"start":{"line":203,"column":6},"end":{"line":203,"column":49}},"83":{"start":{"line":204,"column":6},"end":{"line":204,"column":66}},"84":{"start":{"line":211,"column":4},"end":{"line":215,"column":6}},"85":{"start":{"line":212,"column":31},"end":{"line":214,"column":7}},"86":{"start":{"line":220,"column":20},"end":{"line":220,"column":64}},"87":{"start":{"line":220,"column":51},"end":{"line":220,"column":63}},"88":{"start":{"line":221,"column":4},"end":{"line":223,"column":5}},"89":{"start":{"line":222,"column":6},"end":{"line":222,"column":72}},"90":{"start":{"line":227,"column":22},"end":{"line":227,"column":24}},"91":{"start":{"line":228,"column":4},"end":{"line":232,"column":7}},"92":{"start":{"line":229,"column":6},"end":{"line":231,"column":7}},"93":{"start":{"line":230,"column":8},"end":{"line":230,"column":39}},"94":{"start":{"line":233,"column":4},"end":{"line":233,"column":21}}},"fnMap":{"0":{"name":"(anonymous_0)","decl":{"start":{"line":5,"column":2},"end":{"line":5,"column":3}},"loc":{"start":{"line":5,"column":26},"end":{"line":8,"column":3}},"line":5},"1":{"name":"(anonymous_1)","decl":{"start":{"line":11,"column":2},"end":{"line":11,"column":3}},"loc":{"start":{"line":11,"column":21},"end":{"line":22,"column":3}},"line":11},"2":{"name":"(anonymous_2)","decl":{"start":{"line":24,"column":2},"end":{"line":24,"column":3}},"loc":{"start":{"line":24,"column":30},"end":{"line":51,"column":3}},"line":24},"3":{"name":"(anonymous_3)","decl":{"start":{"line":53,"column":2},"end":{"line":53,"column":3}},"loc":{"start":{"line":53,"column":21},"end":{"line":68,"column":3}},"line":53},"4":{"name":"(anonymous_4)","decl":{"start":{"line":70,"column":2},"end":{"line":70,"column":3}},"loc":{"start":{"line":70,"column":25},"end":{"line":91,"column":3}},"line":70},"5":{"name":"(anonymous_5)","decl":{"start":{"line":93,"column":2},"end":{"line":93,"column":3}},"loc":{"start":{"line":93,"column":19},"end":{"line":108,"column":3}},"line":93},"6":{"name":"(anonymous_6)","decl":{"start":{"line":110,"column":2},"end":{"line":110,"column":3}},"loc":{"start":{"line":110,"column":28},"end":{"line":117,"column":3}},"line":110},"7":{"name":"(anonymous_7)","decl":{"start":{"line":119,"column":2},"end":{"line":119,"column":3}},"loc":{"start":{"line":119,"column":19},"end":{"line":127,"column":3}},"line":119},"8":{"name":"(anonymous_8)","decl":{"start":{"line":130,"column":2},"end":{"line":130,"column":3}},"loc":{"start":{"line":130,"column":30},"end":{"line":137,"column":3}},"line":130},"9":{"name":"(anonymous_9)","decl":{"start":{"line":140,"column":2},"end":{"line":140,"column":3}},"loc":{"start":{"line":140,"column":30},"end":{"line":149,"column":3}},"line":140},"10":{"name":"(anonymous_10)","decl":{"start":{"line":151,"column":2},"end":{"line":151,"column":3}},"loc":{"start":{"line":151,"column":34},"end":{"line":160,"column":3}},"line":151},"11":{"name":"(anonymous_11)","decl":{"start":{"line":162,"column":2},"end":{"line":162,"column":3}},"loc":{"start":{"line":162,"column":28},"end":{"line":171,"column":3}},"line":162},"12":{"name":"(anonymous_12)","decl":{"start":{"line":174,"column":2},"end":{"line":174,"column":3}},"loc":{"start":{"line":174,"column":36},"end":{"line":206,"column":3}},"line":174},"13":{"name":"(anonymous_13)","decl":{"start":{"line":209,"column":2},"end":{"line":209,"column":3}},"loc":{"start":{"line":209,"column":36},"end":{"line":216,"column":3}},"line":209},"14":{"name":"(anonymous_14)","decl":{"start":{"line":212,"column":21},"end":{"line":212,"column":22}},"loc":{"start":{"line":212,"column":31},"end":{"line":214,"column":7}},"line":212},"15":{"name":"(anonymous_15)","decl":{"start":{"line":219,"column":2},"end":{"line":219,"column":3}},"loc":{"start":{"line":219,"column":41},"end":{"line":224,"column":3}},"line":219},"16":{"name":"(anonymous_16)","decl":{"start":{"line":220,"column":42},"end":{"line":220,"column":43}},"loc":{"start":{"line":220,"column":51},"end":{"line":220,"column":63}},"line":220},"17":{"name":"(anonymous_17)","decl":{"start":{"line":226,"column":2},"end":{"line":226,"column":3}},"loc":{"start":{"line":226,"column":36},"end":{"line":234,"column":3}},"line":226},"18":{"name":"(anonymous_18)","decl":{"start":{"line":228,"column":26},"end":{"line":228,"column":27}},"loc":{"start":{"line":228,"column":35},"end":{"line":232,"column":5}},"line":228}},"branchMap":{"0":{"loc":{"start":{"line":14,"column":6},"end":{"line":16,"column":7}},"type":"if","locations":[{"start":{"line":14,"column":6},"end":{"line":16,"column":7}},{"start":{},"end":{}}],"line":14},"1":{"loc":{"start":{"line":24,"column":16},"end":{"line":24,"column":28}},"type":"default-arg","locations":[{"start":{"line":24,"column":26},"end":{"line":24,"column":28}}],"line":24},"2":{"loc":{"start":{"line":26,"column":14},"end":{"line":26,"column":22}},"type":"default-arg","locations":[{"start":{"line":26,"column":21},"end":{"line":26,"column":22}}],"line":26},"3":{"loc":{"start":{"line":26,"column":24},"end":{"line":26,"column":34}},"type":"default-arg","locations":[{"start":{"line":26,"column":32},"end":{"line":26,"column":34}}],"line":26},"4":{"loc":{"start":{"line":26,"column":36},"end":{"line":26,"column":56}},"type":"default-arg","locations":[{"start":{"line":26,"column":45},"end":{"line":26,"column":56}}],"line":26},"5":{"loc":{"start":{"line":26,"column":58},"end":{"line":26,"column":76}},"type":"default-arg","locations":[{"start":{"line":26,"column":70},"end":{"line":26,"column":76}}],"line":26},"6":{"loc":{"start":{"line":26,"column":78},"end":{"line":26,"column":90}},"type":"default-arg","locations":[{"start":{"line":26,"column":88},"end":{"line":26,"column":90}}],"line":26},"7":{"loc":{"start":{"line":62,"column":6},"end":{"line":64,"column":7}},"type":"if","locations":[{"start":{"line":62,"column":6},"end":{"line":64,"column":7}},{"start":{},"end":{}}],"line":62},"8":{"loc":{"start":{"line":74,"column":6},"end":{"line":76,"column":7}},"type":"if","locations":[{"start":{"line":74,"column":6},"end":{"line":76,"column":7}},{"start":{},"end":{}}],"line":74},"9":{"loc":{"start":{"line":85,"column":6},"end":{"line":87,"column":7}},"type":"if","locations":[{"start":{"line":85,"column":6},"end":{"line":87,"column":7}},{"start":{},"end":{}}],"line":85},"10":{"loc":{"start":{"line":97,"column":6},"end":{"line":99,"column":7}},"type":"if","locations":[{"start":{"line":97,"column":6},"end":{"line":99,"column":7}},{"start":{},"end":{}}],"line":97},"11":{"loc":{"start":{"line":110,"column":14},"end":{"line":110,"column":26}},"type":"default-arg","locations":[{"start":{"line":110,"column":24},"end":{"line":110,"column":26}}],"line":110},"12":{"loc":{"start":{"line":174,"column":22},"end":{"line":174,"column":34}},"type":"default-arg","locations":[{"start":{"line":174,"column":32},"end":{"line":174,"column":34}}],"line":174},"13":{"loc":{"start":{"line":176,"column":14},"end":{"line":176,"column":22}},"type":"default-arg","locations":[{"start":{"line":176,"column":21},"end":{"line":176,"column":22}}],"line":176},"14":{"loc":{"start":{"line":176,"column":24},"end":{"line":176,"column":34}},"type":"default-arg","locations":[{"start":{"line":176,"column":32},"end":{"line":176,"column":34}}],"line":176},"15":{"loc":{"start":{"line":176,"column":36},"end":{"line":176,"column":47}},"type":"default-arg","locations":[{"start":{"line":176,"column":45},"end":{"line":176,"column":47}}],"line":176},"16":{"loc":{"start":{"line":221,"column":4},"end":{"line":223,"column":5}},"type":"if","locations":[{"start":{"line":221,"column":4},"end":{"line":223,"column":5}},{"start":{},"end":{}}],"line":221},"17":{"loc":{"start":{"line":229,"column":6},"end":{"line":231,"column":7}},"type":"if","locations":[{"start":{"line":229,"column":6},"end":{"line":231,"column":7}},{"start":{},"end":{}}],"line":229}},"s":{"0":3,"1":3,"2":0,"3":0,"4":0,"5":0,"6":0,"7":0,"8":0,"9":0,"10":0,"11":0,"12":0,"13":0,"14":0,"15":0,"16":0,"17":0,"18":0,"19":0,"20":0,"21":0,"22":0,"23":0,"24":0,"25":0,"26":0,"27":0,"28":0,"29":0,"30":0,"31":0,"32":0,"33":0,"34":0,"35":0,"36":0,"37":0,"38":0,"39":0,"40":0,"41":0,"42":0,"43":0,"44":0,"45":0,"46":0,"47":0,"48":0,"49":0,"50":0,"51":0,"52":0,"53":0,"54":0,"55":0,"56":0,"57":0,"58":0,"59":0,"60":0,"61":0,"62":0,"63":0,"64":0,"65":0,"66":0,"67":0,"68":0,"69":0,"70":0,"71":0,"72":0,"73":0,"74":0,"75":0,"76":0,"77":0,"78":0,"79":0,"80":0,"81":0,"82":0,"83":0,"84":0,"85":0,"86":2,"87":2,"88":2,"89":0,"90":2,"91":2,"92":6,"93":3,"94":2},"f":{"0":3,"1":0,"2":0,"3":0,"4":0,"5":0,"6":0,"7":0,"8":0,"9":0,"10":0,"11":0,"12":0,"13":0,"14":0,"15":2,"16":2,"17":2,"18":6},"b":{"0":[0,0],"1":[0],"2":[0],"3":[0],"4":[0],"5":[0],"6":[0],"7":[0,0],"8":[0,0],"9":[0,0],"10":[0,0],"11":[0],"12":[0],"13":[0],"14":[0],"15":[0],"16":[0,2],"17":[3,3]},"inputSourceMap":null,"_coverageSchema":"1a1c01bbd47fc00a2c39e90264f33305004495a9","hash":"7823d2881cb5ab1f2efaa0d4b993fd6c27eeed36"}
,"C:\\Users\\vikas nallani\\Downloads\\java\\Knowledge_Sharing_Tech_Community\\knowledge-sharing-community\\backend\\src\\cache\\cache.keys.js": {"path":"C:\\Users\\vikas nallani\\Downloads\\java\\Knowledge_Sharing_Tech_Community\\knowledge-sharing-community\\backend\\src\\cache\\cache.keys.js","statementMap":{"0":{"start":{"line":1,"column":26},"end":{"line":55,"column":1}},"1":{"start":{"line":3,"column":28},"end":{"line":3,"column":52}},"2":{"start":{"line":4,"column":26},"end":{"line":4,"column":48}},"3":{"start":{"line":5,"column":30},"end":{"line":5,"column":56}},"4":{"start":{"line":6,"column":30},"end":{"line":6,"column":56}},"5":{"start":{"line":9,"column":27},"end":{"line":9,"column":50}},"6":{"start":{"line":10,"column":29},"end":{"line":10,"column":54}},"7":{"start":{"line":11,"column":26},"end":{"line":11,"column":48}},"8":{"start":{"line":12,"column":28},"end":{"line":12,"column":48}},"9":{"start":{"line":13,"column":37},"end":{"line":13,"column":68}},"10":{"start":{"line":16,"column":33},"end":{"line":16,"column":62}},"11":{"start":{"line":17,"column":34},"end":{"line":17,"column":64}},"12":{"start":{"line":20,"column":39},"end":{"line":20,"column":74}},"13":{"start":{"line":21,"column":30},"end":{"line":21,"column":56}},"14":{"start":{"line":25,"column":43},"end":{"line":25,"column":82}},"15":{"start":{"line":26,"column":55},"end":{"line":26,"column":104}},"16":{"start":{"line":27,"column":34},"end":{"line":27,"column":64}},"17":{"start":{"line":35,"column":37},"end":{"line":35,"column":68}},"18":{"start":{"line":36,"column":37},"end":{"line":36,"column":68}},"19":{"start":{"line":37,"column":39},"end":{"line":37,"column":88}},"20":{"start":{"line":40,"column":32},"end":{"line":40,"column":62}},"21":{"start":{"line":41,"column":39},"end":{"line":41,"column":76}},"22":{"start":{"line":44,"column":31},"end":{"line":44,"column":53}},"23":{"start":{"line":45,"column":30},"end":{"line":45,"column":56}},"24":{"start":{"line":48,"column":25},"end":{"line":48,"column":46}},"25":{"start":{"line":49,"column":26},"end":{"line":49,"column":48}},"26":{"start":{"line":50,"column":28},"end":{"line":50,"column":52}},"27":{"start":{"line":57,"column":30},"end":{"line":75,"column":1}},"28":{"start":{"line":59,"column":28},"end":{"line":59,"column":77}},"29":{"start":{"line":60,"column":28},"end":{"line":60,"column":77}},"30":{"start":{"line":61,"column":44},"end":{"line":61,"column":91}},"31":{"start":{"line":77,"column":25},"end":{"line":98,"column":1}}},"fnMap":{"0":{"name":"(anonymous_0)","decl":{"start":{"line":3,"column":16},"end":{"line":3,"column":17}},"loc":{"start":{"line":3,"column":28},"end":{"line":3,"column":52}},"line":3},"1":{"name":"(anonymous_1)","decl":{"start":{"line":4,"column":14},"end":{"line":4,"column":15}},"loc":{"start":{"line":4,"column":26},"end":{"line":4,"column":48}},"line":4},"2":{"name":"(anonymous_2)","decl":{"start":{"line":5,"column":18},"end":{"line":5,"column":19}},"loc":{"start":{"line":5,"column":30},"end":{"line":5,"column":56}},"line":5},"3":{"name":"(anonymous_3)","decl":{"start":{"line":6,"column":18},"end":{"line":6,"column":19}},"loc":{"start":{"line":6,"column":30},"end":{"line":6,"column":56}},"line":6},"4":{"name":"(anonymous_4)","decl":{"start":{"line":9,"column":15},"end":{"line":9,"column":16}},"loc":{"start":{"line":9,"column":27},"end":{"line":9,"column":50}},"line":9},"5":{"name":"(anonymous_5)","decl":{"start":{"line":10,"column":17},"end":{"line":10,"column":18}},"loc":{"start":{"line":10,"column":29},"end":{"line":10,"column":54}},"line":10},"6":{"name":"(anonymous_6)","decl":{"start":{"line":11,"column":14},"end":{"line":11,"column":15}},"loc":{"start":{"line":11,"column":26},"end":{"line":11,"column":48}},"line":11},"7":{"name":"(anonymous_7)","decl":{"start":{"line":12,"column":14},"end":{"line":12,"column":15}},"loc":{"start":{"line":12,"column":28},"end":{"line":12,"column":48}},"line":12},"8":{"name":"(anonymous_8)","decl":{"start":{"line":13,"column":16},"end":{"line":13,"column":17}},"loc":{"start":{"line":13,"column":37},"end":{"line":13,"column":68}},"line":13},"9":{"name":"(anonymous_9)","decl":{"start":{"line":16,"column":18},"end":{"line":16,"column":19}},"loc":{"start":{"line":16,"column":33},"end":{"line":16,"column":62}},"line":16},"10":{"name":"(anonymous_10)","decl":{"start":{"line":17,"column":19},"end":{"line":17,"column":20}},"loc":{"start":{"line":17,"column":34},"end":{"line":17,"column":64}},"line":17},"11":{"name":"(anonymous_11)","decl":{"start":{"line":20,"column":21},"end":{"line":20,"column":22}},"loc":{"start":{"line":20,"column":39},"end":{"line":20,"column":74}},"line":20},"12":{"name":"(anonymous_12)","decl":{"start":{"line":21,"column":16},"end":{"line":21,"column":17}},"loc":{"start":{"line":21,"column":30},"end":{"line":21,"column":56}},"line":21},"13":{"name":"(anonymous_13)","decl":{"start":{"line":25,"column":23},"end":{"line":25,"column":24}},"loc":{"start":{"line":25,"column":43},"end":{"line":25,"column":82}},"line":25},"14":{"name":"(anonymous_14)","decl":{"start":{"line":26,"column":25},"end":{"line":26,"column":26}},"loc":{"start":{"line":26,"column":55},"end":{"line":26,"column":104}},"line":26},"15":{"name":"(anonymous_15)","decl":{"start":{"line":27,"column":22},"end":{"line":27,"column":23}},"loc":{"start":{"line":27,"column":34},"end":{"line":27,"column":64}},"line":27},"16":{"name":"(anonymous_16)","decl":{"start":{"line":35,"column":16},"end":{"line":35,"column":17}},"loc":{"start":{"line":35,"column":37},"end":{"line":35,"column":68}},"line":35},"17":{"name":"(anonymous_17)","decl":{"start":{"line":36,"column":16},"end":{"line":36,"column":17}},"loc":{"start":{"line":36,"column":37},"end":{"line":36,"column":68}},"line":36},"18":{"name":"(anonymous_18)","decl":{"start":{"line":37,"column":16},"end":{"line":37,"column":17}},"loc":{"start":{"line":37,"column":39},"end":{"line":37,"column":88}},"line":37},"19":{"name":"(anonymous_19)","decl":{"start":{"line":40,"column":14},"end":{"line":40,"column":15}},"loc":{"start":{"line":40,"column":32},"end":{"line":40,"column":62}},"line":40},"20":{"name":"(anonymous_20)","decl":{"start":{"line":41,"column":19},"end":{"line":41,"column":20}},"loc":{"start":{"line":41,"column":39},"end":{"line":41,"column":76}},"line":41},"21":{"name":"(anonymous_21)","decl":{"start":{"line":44,"column":16},"end":{"line":44,"column":17}},"loc":{"start":{"line":44,"column":31},"end":{"line":44,"column":53}},"line":44},"22":{"name":"(anonymous_22)","decl":{"start":{"line":45,"column":17},"end":{"line":45,"column":18}},"loc":{"start":{"line":45,"column":30},"end":{"line":45,"column":56}},"line":45},"23":{"name":"(anonymous_23)","decl":{"start":{"line":48,"column":15},"end":{"line":48,"column":16}},"loc":{"start":{"line":48,"column":25},"end":{"line":48,"column":46}},"line":48},"24":{"name":"(anonymous_24)","decl":{"start":{"line":49,"column":16},"end":{"line":49,"column":17}},"loc":{"start":{"line":49,"column":26},"end":{"line":49,"column":48}},"line":49},"25":{"name":"(anonymous_25)","decl":{"start":{"line":50,"column":17},"end":{"line":50,"column":18}},"loc":{"start":{"line":50,"column":28},"end":{"line":50,"column":52}},"line":50},"26":{"name":"(anonymous_26)","decl":{"start":{"line":59,"column":16},"end":{"line":59,"column":17}},"loc":{"start":{"line":59,"column":28},"end":{"line":59,"column":77}},"line":59},"27":{"name":"(anonymous_27)","decl":{"start":{"line":60,"column":16},"end":{"line":60,"column":17}},"loc":{"start":{"line":60,"column":28},"end":{"line":60,"column":77}},"line":60},"28":{"name":"(anonymous_28)","decl":{"start":{"line":61,"column":24},"end":{"line":61,"column":25}},"loc":{"start":{"line":61,"column":44},"end":{"line":61,"column":91}},"line":61}},"branchMap":{"0":{"loc":{"start":{"line":12,"column":15},"end":{"line":12,"column":23}},"type":"default-arg","locations":[{"start":{"line":12,"column":22},"end":{"line":12,"column":23}}],"line":12},"1":{"loc":{"start":{"line":13,"column":24},"end":{"line":13,"column":32}},"type":"default-arg","locations":[{"start":{"line":13,"column":31},"end":{"line":13,"column":32}}],"line":13},"2":{"loc":{"start":{"line":26,"column":42},"end":{"line":26,"column":50}},"type":"default-arg","locations":[{"start":{"line":26,"column":49},"end":{"line":26,"column":50}}],"line":26},"3":{"loc":{"start":{"line":35,"column":24},"end":{"line":35,"column":32}},"type":"default-arg","locations":[{"start":{"line":35,"column":31},"end":{"line":35,"column":32}}],"line":35},"4":{"loc":{"start":{"line":36,"column":24},"end":{"line":36,"column":32}},"type":"default-arg","locations":[{"start":{"line":36,"column":31},"end":{"line":36,"column":32}}],"line":36},"5":{"loc":{"start":{"line":37,"column":26},"end":{"line":37,"column":34}},"type":"default-arg","locations":[{"start":{"line":37,"column":33},"end":{"line":37,"column":34}}],"line":37}},"s":{"0":2,"1":24,"2":0,"3":0,"4":0,"5":8,"6":0,"7":0,"8":4,"9":0,"10":0,"11":0,"12":0,"13":0,"14":0,"15":0,"16":0,"17":0,"18":0,"19":0,"20":0,"21":0,"22":0,"23":0,"24":0,"25":0,"26":0,"27":2,"28":0,"29":0,"30":0,"31":2},"f":{"0":24,"1":0,"2":0,"3":0,"4":8,"5":0,"6":0,"7":4,"8":0,"9":0,"10":0,"11":0,"12":0,"13":0,"14":0,"15":0,"16":0,"17":0,"18":0,"19":0,"20":0,"21":0,"22":0,"23":0,"24":0,"25":0,"26":0,"27":0,"28":0},"b":{"0":[0],"1":[0],"2":[0],"3":[0],"4":[0],"5":[0]},"inputSourceMap":null,"_coverageSchema":"1a1c01bbd47fc00a2c39e90264f33305004495a9","hash":"91c3eb4e3b0cc73f438c3cf11b4108702798fa61"}
,"C:\\Users\\vikas nallani\\Downloads\\java\\Knowledge_Sharing_Tech_Community\\knowledge-sharing-community\\backend\\src\\cache\\cache.service.js": {"path":"C:\\Users\\vikas nallani\\Downloads\\java\\Knowledge_Sharing_Tech_Community\\knowledge-sharing-community\\backend\\src\\cache\\cache.service.js","statementMap":{"0":{"start":{"line":7,"column":4},"end":{"line":7,"column":27}},"1":{"start":{"line":8,"column":4},"end":{"line":8,"column":28}},"2":{"start":{"line":9,"column":4},"end":{"line":9,"column":29}},"3":{"start":{"line":10,"column":4},"end":{"line":10,"column":28}},"4":{"start":{"line":13,"column":4},"end":{"line":13,"column":68}},"5":{"start":{"line":13,"column":45},"end":{"line":13,"column":59}},"6":{"start":{"line":17,"column":4},"end":{"line":17,"column":47}},"7":{"start":{"line":18,"column":4},"end":{"line":18,"column":43}},"8":{"start":{"line":19,"column":4},"end":{"line":19,"column":38}},"9":{"start":{"line":23,"column":16},"end":{"line":23,"column":36}},"10":{"start":{"line":24,"column":4},"end":{"line":27,"column":5}},"11":{"start":{"line":25,"column":6},"end":{"line":25,"column":23}},"12":{"start":{"line":26,"column":6},"end":{"line":26,"column":18}},"13":{"start":{"line":29,"column":18},"end":{"line":29,"column":37}},"14":{"start":{"line":30,"column":4},"end":{"line":33,"column":5}},"15":{"start":{"line":31,"column":6},"end":{"line":31,"column":40}},"16":{"start":{"line":32,"column":6},"end":{"line":32,"column":31}},"17":{"start":{"line":35,"column":4},"end":{"line":35,"column":39}},"18":{"start":{"line":36,"column":4},"end":{"line":36,"column":16}},"19":{"start":{"line":40,"column":4},"end":{"line":40,"column":27}},"20":{"start":{"line":41,"column":4},"end":{"line":41,"column":28}},"21":{"start":{"line":42,"column":4},"end":{"line":42,"column":41}},"22":{"start":{"line":46,"column":4},"end":{"line":46,"column":23}},"23":{"start":{"line":47,"column":4},"end":{"line":47,"column":24}},"24":{"start":{"line":48,"column":4},"end":{"line":48,"column":33}},"25":{"start":{"line":52,"column":16},"end":{"line":52,"column":36}},"26":{"start":{"line":53,"column":4},"end":{"line":56,"column":5}},"27":{"start":{"line":54,"column":6},"end":{"line":54,"column":23}},"28":{"start":{"line":55,"column":6},"end":{"line":55,"column":19}},"29":{"start":{"line":57,"column":4},"end":{"line":57,"column":31}},"30":{"start":{"line":61,"column":16},"end":{"line":61,"column":26}},"31":{"start":{"line":62,"column":18},"end":{"line":62,"column":19}},"32":{"start":{"line":64,"column":4},"end":{"line":69,"column":5}},"33":{"start":{"line":65,"column":6},"end":{"line":68,"column":7}},"34":{"start":{"line":66,"column":8},"end":{"line":66,"column":25}},"35":{"start":{"line":67,"column":8},"end":{"line":67,"column":18}},"36":{"start":{"line":71,"column":4},"end":{"line":73,"column":5}},"37":{"start":{"line":72,"column":6},"end":{"line":72,"column":72}},"38":{"start":{"line":78,"column":18},"end":{"line":78,"column":37}},"39":{"start":{"line":79,"column":22},"end":{"line":79,"column":23}},"40":{"start":{"line":81,"column":4},"end":{"line":86,"column":5}},"41":{"start":{"line":82,"column":6},"end":{"line":85,"column":7}},"42":{"start":{"line":83,"column":8},"end":{"line":83,"column":25}},"43":{"start":{"line":84,"column":8},"end":{"line":84,"column":22}},"44":{"start":{"line":88,"column":4},"end":{"line":88,"column":89}},"45":{"start":{"line":89,"column":4},"end":{"line":89,"column":23}},"46":{"start":{"line":94,"column":4},"end":{"line":97,"column":6}},"47":{"start":{"line":101,"column":4},"end":{"line":104,"column":5}},"48":{"start":{"line":102,"column":6},"end":{"line":102,"column":42}},"49":{"start":{"line":103,"column":6},"end":{"line":103,"column":34}},"50":{"start":{"line":109,"column":4},"end":{"line":109,"column":42}},"51":{"start":{"line":110,"column":4},"end":{"line":115,"column":5}},"52":{"start":{"line":111,"column":6},"end":{"line":111,"column":29}},"53":{"start":{"line":112,"column":6},"end":{"line":112,"column":45}},"54":{"start":{"line":114,"column":6},"end":{"line":114,"column":51}},"55":{"start":{"line":122,"column":4},"end":{"line":122,"column":12}},"56":{"start":{"line":123,"column":4},"end":{"line":128,"column":6}},"57":{"start":{"line":132,"column":18},"end":{"line":132,"column":32}},"58":{"start":{"line":133,"column":4},"end":{"line":137,"column":5}},"59":{"start":{"line":134,"column":6},"end":{"line":134,"column":24}},"60":{"start":{"line":136,"column":6},"end":{"line":136,"column":26}},"61":{"start":{"line":138,"column":4},"end":{"line":138,"column":17}},"62":{"start":{"line":142,"column":4},"end":{"line":142,"column":31}},"63":{"start":{"line":143,"column":4},"end":{"line":143,"column":22}},"64":{"start":{"line":147,"column":4},"end":{"line":147,"column":22}},"65":{"start":{"line":148,"column":4},"end":{"line":148,"column":25}},"66":{"start":{"line":152,"column":4},"end":{"line":156,"column":6}},"67":{"start":{"line":160,"column":4},"end":{"line":165,"column":6}},"68":{"start":{"line":172,"column":4},"end":{"line":172,"column":26}},"69":{"start":{"line":173,"column":4},"end":{"line":173,"column":28}},"70":{"start":{"line":174,"column":4},"end":{"line":174,"column":50}},"71":{"start":{"line":175,"column":4},"end":{"line":175,"column":33}},"72":{"start":{"line":179,"column":4},"end":{"line":200,"column":5}},"73":{"start":{"line":180,"column":20},"end":{"line":180,"column":50}},"74":{"start":{"line":181,"column":6},"end":{"line":187,"column":7}},"75":{"start":{"line":182,"column":8},"end":{"line":184,"column":9}},"76":{"start":{"line":183,"column":10},"end":{"line":183,"column":92}},"77":{"start":{"line":185,"column":8},"end":{"line":185,"column":74}},"78":{"start":{"line":186,"column":8},"end":{"line":186,"column":62}},"79":{"start":{"line":189,"column":22},"end":{"line":189,"column":47}},"80":{"start":{"line":190,"column":6},"end":{"line":190,"column":61}},"81":{"start":{"line":191,"column":6},"end":{"line":191,"column":52}},"82":{"start":{"line":192,"column":6},"end":{"line":192,"column":18}},"83":{"start":{"line":194,"column":6},"end":{"line":197,"column":7}},"84":{"start":{"line":195,"column":8},"end":{"line":195,"column":68}},"85":{"start":{"line":196,"column":8},"end":{"line":196,"column":20}},"86":{"start":{"line":198,"column":6},"end":{"line":198,"column":70}},"87":{"start":{"line":199,"column":6},"end":{"line":199,"column":60}},"88":{"start":{"line":204,"column":4},"end":{"line":230,"column":5}},"89":{"start":{"line":205,"column":20},"end":{"line":205,"column":50}},"90":{"start":{"line":206,"column":6},"end":{"line":212,"column":7}},"91":{"start":{"line":207,"column":8},"end":{"line":209,"column":9}},"92":{"start":{"line":208,"column":10},"end":{"line":208,"column":92}},"93":{"start":{"line":210,"column":8},"end":{"line":210,"column":75}},"94":{"start":{"line":211,"column":8},"end":{"line":211,"column":43}},"95":{"start":{"line":214,"column":22},"end":{"line":214,"column":47}},"96":{"start":{"line":215,"column":20},"end":{"line":215,"column":44}},"97":{"start":{"line":217,"column":6},"end":{"line":220,"column":7}},"98":{"start":{"line":218,"column":8},"end":{"line":218,"column":54}},"99":{"start":{"line":219,"column":8},"end":{"line":219,"column":33}},"100":{"start":{"line":221,"column":6},"end":{"line":221,"column":53}},"101":{"start":{"line":222,"column":6},"end":{"line":222,"column":18}},"102":{"start":{"line":224,"column":6},"end":{"line":227,"column":7}},"103":{"start":{"line":225,"column":8},"end":{"line":225,"column":68}},"104":{"start":{"line":226,"column":8},"end":{"line":226,"column":20}},"105":{"start":{"line":228,"column":6},"end":{"line":228,"column":70}},"106":{"start":{"line":229,"column":6},"end":{"line":229,"column":41}},"107":{"start":{"line":234,"column":4},"end":{"line":255,"column":5}},"108":{"start":{"line":235,"column":20},"end":{"line":235,"column":50}},"109":{"start":{"line":236,"column":6},"end":{"line":242,"column":7}},"110":{"start":{"line":237,"column":8},"end":{"line":239,"column":9}},"111":{"start":{"line":238,"column":10},"end":{"line":238,"column":92}},"112":{"start":{"line":240,"column":8},"end":{"line":240,"column":78}},"113":{"start":{"line":241,"column":8},"end":{"line":241,"column":46}},"114":{"start":{"line":244,"column":22},"end":{"line":244,"column":47}},"115":{"start":{"line":245,"column":6},"end":{"line":245,"column":31}},"116":{"start":{"line":246,"column":6},"end":{"line":246,"column":55}},"117":{"start":{"line":247,"column":6},"end":{"line":247,"column":18}},"118":{"start":{"line":249,"column":6},"end":{"line":252,"column":7}},"119":{"start":{"line":250,"column":8},"end":{"line":250,"column":71}},"120":{"start":{"line":251,"column":8},"end":{"line":251,"column":20}},"121":{"start":{"line":253,"column":6},"end":{"line":253,"column":73}},"122":{"start":{"line":254,"column":6},"end":{"line":254,"column":44}},"123":{"start":{"line":259,"column":4},"end":{"line":277,"column":5}},"124":{"start":{"line":260,"column":20},"end":{"line":260,"column":50}},"125":{"start":{"line":261,"column":6},"end":{"line":264,"column":7}},"126":{"start":{"line":262,"column":8},"end":{"line":262,"column":77}},"127":{"start":{"line":263,"column":8},"end":{"line":263,"column":42}},"128":{"start":{"line":267,"column":22},"end":{"line":267,"column":42}},"129":{"start":{"line":268,"column":19},"end":{"line":268,"column":44}},"130":{"start":{"line":269,"column":6},"end":{"line":272,"column":7}},"131":{"start":{"line":270,"column":8},"end":{"line":270,"column":33}},"132":{"start":{"line":271,"column":8},"end":{"line":271,"column":72}},"133":{"start":{"line":273,"column":6},"end":{"line":273,"column":18}},"134":{"start":{"line":275,"column":6},"end":{"line":275,"column":72}},"135":{"start":{"line":276,"column":6},"end":{"line":276,"column":40}},"136":{"start":{"line":281,"column":4},"end":{"line":293,"column":5}},"137":{"start":{"line":282,"column":20},"end":{"line":282,"column":50}},"138":{"start":{"line":283,"column":6},"end":{"line":285,"column":7}},"139":{"start":{"line":284,"column":8},"end":{"line":284,"column":43}},"140":{"start":{"line":287,"column":22},"end":{"line":287,"column":47}},"141":{"start":{"line":288,"column":21},"end":{"line":288,"column":48}},"142":{"start":{"line":289,"column":6},"end":{"line":289,"column":26}},"143":{"start":{"line":291,"column":6},"end":{"line":291,"column":73}},"144":{"start":{"line":292,"column":6},"end":{"line":292,"column":41}},"145":{"start":{"line":297,"column":4},"end":{"line":339,"column":5}},"146":{"start":{"line":298,"column":20},"end":{"line":298,"column":50}},"147":{"start":{"line":299,"column":6},"end":{"line":314,"column":7}},"148":{"start":{"line":300,"column":8},"end":{"line":302,"column":9}},"149":{"start":{"line":301,"column":10},"end":{"line":301,"column":92}},"150":{"start":{"line":304,"column":22},"end":{"line":304,"column":41}},"151":{"start":{"line":305,"column":26},"end":{"line":305,"column":27}},"152":{"start":{"line":306,"column":8},"end":{"line":311,"column":9}},"153":{"start":{"line":307,"column":10},"end":{"line":310,"column":11}},"154":{"start":{"line":308,"column":12},"end":{"line":308,"column":43}},"155":{"start":{"line":309,"column":12},"end":{"line":309,"column":26}},"156":{"start":{"line":312,"column":8},"end":{"line":312,"column":94}},"157":{"start":{"line":313,"column":8},"end":{"line":313,"column":27}},"158":{"start":{"line":316,"column":26},"end":{"line":316,"column":55}},"159":{"start":{"line":317,"column":19},"end":{"line":317,"column":48}},"160":{"start":{"line":318,"column":6},"end":{"line":321,"column":7}},"161":{"start":{"line":319,"column":8},"end":{"line":319,"column":33}},"162":{"start":{"line":320,"column":8},"end":{"line":320,"column":97}},"163":{"start":{"line":322,"column":6},"end":{"line":322,"column":25}},"164":{"start":{"line":324,"column":6},"end":{"line":327,"column":7}},"165":{"start":{"line":325,"column":8},"end":{"line":325,"column":77}},"166":{"start":{"line":326,"column":8},"end":{"line":326,"column":20}},"167":{"start":{"line":328,"column":6},"end":{"line":328,"column":79}},"168":{"start":{"line":329,"column":20},"end":{"line":329,"column":39}},"169":{"start":{"line":330,"column":24},"end":{"line":330,"column":25}},"170":{"start":{"line":331,"column":6},"end":{"line":336,"column":7}},"171":{"start":{"line":332,"column":8},"end":{"line":335,"column":9}},"172":{"start":{"line":333,"column":10},"end":{"line":333,"column":41}},"173":{"start":{"line":334,"column":10},"end":{"line":334,"column":24}},"174":{"start":{"line":337,"column":6},"end":{"line":337,"column":101}},"175":{"start":{"line":338,"column":6},"end":{"line":338,"column":25}},"176":{"start":{"line":343,"column":4},"end":{"line":362,"column":5}},"177":{"start":{"line":344,"column":20},"end":{"line":344,"column":50}},"178":{"start":{"line":345,"column":6},"end":{"line":347,"column":7}},"179":{"start":{"line":346,"column":8},"end":{"line":346,"column":45}},"180":{"start":{"line":349,"column":19},"end":{"line":349,"column":45}},"181":{"start":{"line":350,"column":23},"end":{"line":350,"column":51}},"182":{"start":{"line":351,"column":21},"end":{"line":351,"column":41}},"183":{"start":{"line":353,"column":6},"end":{"line":358,"column":8}},"184":{"start":{"line":360,"column":6},"end":{"line":360,"column":72}},"185":{"start":{"line":361,"column":6},"end":{"line":361,"column":43}},"186":{"start":{"line":367,"column":4},"end":{"line":369,"column":5}},"187":{"start":{"line":368,"column":6},"end":{"line":368,"column":36}},"188":{"start":{"line":372,"column":4},"end":{"line":380,"column":5}},"189":{"start":{"line":373,"column":20},"end":{"line":373,"column":50}},"190":{"start":{"line":374,"column":6},"end":{"line":377,"column":7}},"191":{"start":{"line":375,"column":8},"end":{"line":375,"column":27}},"192":{"start":{"line":376,"column":8},"end":{"line":376,"column":49}},"193":{"start":{"line":379,"column":6},"end":{"line":379,"column":78}},"194":{"start":{"line":382,"column":4},"end":{"line":382,"column":57}},"195":{"start":{"line":387,"column":20},"end":{"line":387,"column":39}},"
[...]
mn":7}},"type":"if","locations":[{"start":{"line":28,"column":6},"end":{"line":35,"column":7}},{"start":{},"end":{}}],"line":28},"4":{"loc":{"start":{"line":51,"column":43},"end":{"line":51,"column":55}},"type":"default-arg","locations":[{"start":{"line":51,"column":53},"end":{"line":51,"column":55}}],"line":51},"5":{"loc":{"start":{"line":51,"column":57},"end":{"line":51,"column":69}},"type":"default-arg","locations":[{"start":{"line":51,"column":65},"end":{"line":51,"column":69}}],"line":51},"6":{"loc":{"start":{"line":52,"column":4},"end":{"line":61,"column":5}},"type":"if","locations":[{"start":{"line":52,"column":4},"end":{"line":61,"column":5}},{"start":{},"end":{}}],"line":52},"7":{"loc":{"start":{"line":69,"column":4},"end":{"line":71,"column":5}},"type":"if","locations":[{"start":{"line":69,"column":4},"end":{"line":71,"column":5}},{"start":{},"end":{}}],"line":69},"8":{"loc":{"start":{"line":75,"column":4},"end":{"line":77,"column":5}},"type":"if","locations":[{"start":{"line":75,"column":4},"end":{"line":77,"column":5}},{"start":{},"end":{}}],"line":75},"9":{"loc":{"start":{"line":87,"column":4},"end":{"line":89,"column":5}},"type":"if","locations":[{"start":{"line":87,"column":4},"end":{"line":89,"column":5}},{"start":{},"end":{}}],"line":87},"10":{"loc":{"start":{"line":109,"column":13},"end":{"line":109,"column":35}},"type":"binary-expr","locations":[{"start":{"line":109,"column":13},"end":{"line":109,"column":28}},{"start":{"line":109,"column":32},"end":{"line":109,"column":35}}],"line":109},"11":{"loc":{"start":{"line":110,"column":13},"end":{"line":110,"column":35}},"type":"binary-expr","locations":[{"start":{"line":110,"column":13},"end":{"line":110,"column":28}},{"start":{"line":110,"column":32},"end":{"line":110,"column":35}}],"line":110},"12":{"loc":{"start":{"line":111,"column":13},"end":{"line":111,"column":35}},"type":"binary-expr","locations":[{"start":{"line":111,"column":13},"end":{"line":111,"column":28}},{"start":{"line":111,"column":32},"end":{"line":111,"column":35}}],"line":111},"13":{"loc":{"start":{"line":112,"column":13},"end":{"line":112,"column":35}},"type":"binary-expr","locations":[{"start":{"line":112,"column":13},"end":{"line":112,"column":28}},{"start":{"line":112,"column":32},"end":{"line":112,"column":35}}],"line":112},"14":{"loc":{"start":{"line":134,"column":27},"end":{"line":134,"column":62}},"type":"default-arg","locations":[{"start":{"line":134,"column":39},"end":{"line":134,"column":62}}],"line":134},"15":{"loc":{"start":{"line":143,"column":32},"end":{"line":143,"column":54}},"type":"default-arg","locations":[{"start":{"line":143,"column":53},"end":{"line":143,"column":54}}],"line":143},"16":{"loc":{"start":{"line":154,"column":4},"end":{"line":154,"column":38}},"type":"if","locations":[{"start":{"line":154,"column":4},"end":{"line":154,"column":38}},{"start":{},"end":{}}],"line":154},"17":{"loc":{"start":{"line":160,"column":4},"end":{"line":162,"column":5}},"type":"if","locations":[{"start":{"line":160,"column":4},"end":{"line":162,"column":5}},{"start":{},"end":{}}],"line":160},"18":{"loc":{"start":{"line":180,"column":6},"end":{"line":182,"column":7}},"type":"if","locations":[{"start":{"line":180,"column":6},"end":{"line":182,"column":7}},{"start":{},"end":{}}],"line":180},"19":{"loc":{"start":{"line":241,"column":4},"end":{"line":254,"column":5}},"type":"if","locations":[{"start":{"line":241,"column":4},"end":{"line":254,"column":5}},{"start":{},"end":{}}],"line":241},"20":{"loc":{"start":{"line":256,"column":4},"end":{"line":269,"column":5}},"type":"if","locations":[{"start":{"line":256,"column":4},"end":{"line":269,"column":5}},{"start":{},"end":{}}],"line":256},"21":{"loc":{"start":{"line":281,"column":39},"end":{"line":281,"column":66}},"type":"binary-expr","locations":[{"start":{"line":281,"column":39},"end":{"line":281,"column":54}},{"start":{"line":281,"column":58},"end":{"line":281,"column":66}}],"line":281},"22":{"loc":{"start":{"line":293,"column":9},"end":{"line":293,"column":75}},"type":"cond-expr","locations":[{"start":{"line":293,"column":33},"end":{"line":293,"column":68}},{"start":{"line":293,"column":71},"end":{"line":293,"column":75}}],"line":293},"23":{"loc":{"start":{"line":306,"column":22},"end":{"line":306,"column":82}},"type":"binary-expr","locations":[{"start":{"line":306,"column":22},"end":{"line":306,"column":35}},{"start":{"line":306,"column":39},"end":{"line":306,"column":82}}],"line":306}},"s":{"0":0,"1":0,"2":0,"3":0,"4":0,"5":3,"6":3,"7":3,"8":3,"9":3,"10":0,"11":3,"12":3,"13":3,"14":1,"15":3,"16":3,"17":3,"18":3,"19":3,"20":3,"21":0,"22":3,"23":3,"24":0,"25":0,"26":0,"27":0,"28":0,"29":0,"30":0,"31":0,"32":0,"33":0,"34":0,"35":0,"36":0,"37":0,"38":0,"39":0,"40":0,"41":0,"42":0,"43":0,"44":0,"45":0,"46":0,"47":0,"48":0,"49":0,"50":0,"51":0,"52":0,"53":0,"54":0,"55":0,"56":0,"57":0,"58":0,"59":0,"60":0,"61":0,"62":0,"63":0,"64":0,"65":0,"66":0,"67":0,"68":0,"69":0,"70":0,"71":0,"72":0,"73":0,"74":0,"75":0,"76":0,"77":0,"78":0,"79":0,"80":0,"81":0,"82":0,"83":0,"84":0,"85":0,"86":0,"87":0,"88":0,"89":0,"90":0,"91":0,"92":0,"93":0,"94":0,"95":0,"96":0,"97":2,"98":2,"99":2,"100":2,"101":0},"f":{"0":0,"1":0,"2":3,"3":3,"4":3,"5":0,"6":0,"7":0,"8":0,"9":0,"10":0,"11":0,"12":0,"13":0,"14":0,"15":0,"16":0,"17":0,"18":0,"19":0,"20":0,"21":0,"22":0,"23":0,"24":0,"25":0,"26":0,"27":0,"28":0,"29":0},"b":{"0":[0],"1":[0],"2":[3],"3":[0,3],"4":[0],"5":[0],"6":[1,2],"7":[0,3],"8":[0,3],"9":[0,0],"10":[0,0],"11":[0,0],"12":[0,0],"13":[0,0],"14":[0],"15":[0],"16":[0,0],"17":[0,0],"18":[0,0],"19":[0,0],"20":[0,0],"21":[0,0],"22":[0,0],"23":[0,0]},"inputSourceMap":null,"_coverageSchema":"1a1c01bbd47fc00a2c39e90264f33305004495a9","hash":"f5949c9485743371d0165aa81fb74f8af9bbf8d4"}
,"C:\\Users\\vikas nallani\\Downloads\\java\\Knowledge_Sharing_Tech_Community\\knowledge-sharing-community\\backend\\src\\utils\\structuredLogger.js": {"path":"C:\\Users\\vikas nallani\\Downloads\\java\\Knowledge_Sharing_Tech_Community\\knowledge-sharing-community\\backend\\src\\utils\\structuredLogger.js","statementMap":{"0":{"start":{"line":10,"column":4},"end":{"line":10,"column":35}},"1":{"start":{"line":11,"column":4},"end":{"line":11,"column":61}},"2":{"start":{"line":12,"column":4},"end":{"line":12,"column":52}},"3":{"start":{"line":17,"column":19},"end":{"line":17,"column":53}},"4":{"start":{"line":18,"column":30},"end":{"line":18,"column":59}},"5":{"start":{"line":19,"column":30},"end":{"line":19,"column":51}},"6":{"start":{"line":20,"column":4},"end":{"line":20,"column":50}},"7":{"start":{"line":25,"column":4},"end":{"line":25,"column":39}},"8":{"start":{"line":25,"column":32},"end":{"line":25,"column":39}},"9":{"start":{"line":27,"column":21},"end":{"line":34,"column":5}},"10":{"start":{"line":37,"column":4},"end":{"line":47,"column":5}},"11":{"start":{"line":38,"column":6},"end":{"line":45,"column":8}},"12":{"start":{"line":46,"column":6},"end":{"line":46,"column":24}},"13":{"start":{"line":50,"column":4},"end":{"line":50,"column":45}},"14":{"start":{"line":55,"column":4},"end":{"line":55,"column":37}},"15":{"start":{"line":59,"column":4},"end":{"line":59,"column":36}},"16":{"start":{"line":63,"column":4},"end":{"line":63,"column":36}},"17":{"start":{"line":67,"column":4},"end":{"line":67,"column":37}},"18":{"start":{"line":72,"column":4},"end":{"line":78,"column":7}},"19":{"start":{"line":82,"column":4},"end":{"line":93,"column":7}},"20":{"start":{"line":97,"column":20},"end":{"line":101,"column":5}},"21":{"start":{"line":103,"column":4},"end":{"line":107,"column":5}},"22":{"start":{"line":104,"column":6},"end":{"line":104,"column":65}},"23":{"start":{"line":106,"column":6},"end":{"line":106,"column":53}},"24":{"start":{"line":111,"column":20},"end":{"line":118,"column":5}},"25":{"start":{"line":120,"column":4},"end":{"line":124,"column":5}},"26":{"start":{"line":121,"column":6},"end":{"line":121,"column":84}},"27":{"start":{"line":123,"column":6},"end":{"line":123,"column":73}},"28":{"start":{"line":128,"column":20},"end":{"line":132,"column":5}},"29":{"start":{"line":134,"column":4},"end":{"line":138,"column":5}},"30":{"start":{"line":135,"column":6},"end":{"line":135,"column":80}},"31":{"start":{"line":136,"column":11},"end":{"line":138,"column":5}},"32":{"start":{"line":137,"column":6},"end":{"line":137,"column":73}},"33":{"start":{"line":143,"column":4},"end":{"line":147,"column":7}},"34":{"start":{"line":152,"column":20},"end":{"line":157,"column":5}},"35":{"start":{"line":159,"column":4},"end":{"line":163,"column":5}},"36":{"start":{"line":160,"column":6},"end":{"line":160,"column":66}},"37":{"start":{"line":162,"column":6},"end":{"line":162,"column":62}},"38":{"start":{"line":168,"column":15},"end":{"line":168,"column":37}}},"fnMap":{"0":{"name":"(anonymous_0)","decl":{"start":{"line":9,"column":2},"end":{"line":9,"column":3}},"loc":{"start":{"line":9,"column":53},"end":{"line":13,"column":3}},"line":9},"1":{"name":"(anonymous_1)","decl":{"start":{"line":16,"column":2},"end":{"line":16,"column":3}},"loc":{"start":{"line":16,"column":19},"end":{"line":21,"column":3}},"line":16},"2":{"name":"(anonymous_2)","decl":{"start":{"line":24,"column":2},"end":{"line":24,"column":3}},"loc":{"start":{"line":24,"column":33},"end":{"line":51,"column":3}},"line":24},"3":{"name":"(anonymous_3)","decl":{"start":{"line":54,"column":2},"end":{"line":54,"column":3}},"loc":{"start":{"line":54,"column":28},"end":{"line":56,"column":3}},"line":54},"4":{"name":"(anonymous_4)","decl":{"start":{"line":58,"column":2},"end":{"line":58,"column":3}},"loc":{"start":{"line":58,"column":27},"end":{"line":60,"column":3}},"line":58},"5":{"name":"(anonymous_5)","decl":{"start":{"line":62,"column":2},"end":{"line":62,"column":3}},"loc":{"start":{"line":62,"column":27},"end":{"line":64,"column":3}},"line":62},"6":{"name":"(anonymous_6)","decl":{"start":{"line":66,"column":2},"end":{"line":66,"column":3}},"loc":{"start":{"line":66,"column":28},"end":{"line":68,"column":3}},"line":66},"7":{"name":"(anonymous_7)","decl":{"start":{"line":71,"column":2},"end":{"line":71,"column":3}},"loc":{"start":{"line":71,"column":32},"end":{"line":79,"column":3}},"line":71},"8":{"name":"(anonymous_8)","decl":{"start":{"line":81,"column":2},"end":{"line":81,"column":3}},"loc":{"start":{"line":81,"column":37},"end":{"line":94,"column":3}},"line":81},"9":{"name":"(anonymous_9)","decl":{"start":{"line":96,"column":2},"end":{"line":96,"column":3}},"loc":{"start":{"line":96,"column":50},"end":{"line":108,"column":3}},"line":96},"10":{"name":"(anonymous_10)","decl":{"start":{"line":110,"column":2},"end":{"line":110,"column":3}},"loc":{"start":{"line":110,"column":83},"end":{"line":125,"column":3}},"line":110},"11":{"name":"(anonymous_11)","decl":{"start":{"line":127,"column":2},"end":{"line":127,"column":3}},"loc":{"start":{"line":127,"column":62},"end":{"line":139,"column":3}},"line":127},"12":{"name":"(anonymous_12)","decl":{"start":{"line":142,"column":2},"end":{"line":142,"column":3}},"loc":{"start":{"line":142,"column":40},"end":{"line":148,"column":3}},"line":142},"13":{"name":"(anonymous_13)","decl":{"start":{"line":151,"column":2},"end":{"line":151,"column":3}},"loc":{"start":{"line":151,"column":53},"end":{"line":164,"column":3}},"line":151}},"branchMap":{"0":{"loc":{"start":{"line":9,"column":14},"end":{"line":9,"column":51}},"type":"default-arg","locations":[{"start":{"line":9,"column":28},"end":{"line":9,"column":51}}],"line":9},"1":{"loc":{"start":{"line":11,"column":23},"end":{"line":11,"column":60}},"type":"binary-expr","locations":[{"start":{"line":11,"column":23},"end":{"line":11,"column":43}},{"start":{"line":11,"column":47},"end":{"line":11,"column":60}}],"line":11},"2":{"loc":{"start":{"line":12,"column":20},"end":{"line":12,"column":51}},"type":"binary-expr","locations":[{"start":{"line":12,"column":20},"end":{"line":12,"column":41}},{"start":{"line":12,"column":45},"end":{"line":12,"column":51}}],"line":12},"3":{"loc":{"start":{"line":24,"column":22},"end":{"line":24,"column":31}},"type":"default-arg","locations":[{"start":{"line":24,"column":29},"end":{"line":24,"column":31}}],"line":24},"4":{"loc":{"start":{"line":25,"column":4},"end":{"line":25,"column":39}},"type":"if","locations":[{"start":{"line":25,"column":4},"end":{"line":25,"column":39}},{"start":{},"end":{}}],"line":25},"5":{"loc":{"start":{"line":37,"column":4},"end":{"line":47,"column":5}},"type":"if","locations":[{"start":{"line":37,"column":4},"end":{"line":47,"column":5}},{"start":{},"end":{}}],"line":37},"6":{"loc":{"start":{"line":54,"column":17},"end":{"line":54,"column":26}},"type":"default-arg","locations":[{"start":{"line":54,"column":24},"end":{"line":54,"column":26}}],"line":54},"7":{"loc":{"start":{"line":58,"column":16},"end":{"line":58,"column":25}},"type":"default-arg","locations":[{"start":{"line":58,"column":23},"end":{"line":58,"column":25}}],"line":58},"8":{"loc":{"start":{"line":62,"column":16},"end":{"line":62,"column":25}},"type":"default-arg","locations":[{"start":{"line":62,"column":23},"end":{"line":62,"column":25}}],"line":62},"9":{"loc":{"start":{"line":66,"column":17},"end":{"line":66,"column":26}},"type":"default-arg","locations":[{"start":{"line":66,"column":24},"end":{"line":66,"column":26}}],"line":66},"10":{"loc":{"start":{"line":71,"column":18},"end":{"line":71,"column":30}},"type":"default-arg","locations":[{"start":{"line":71,"column":28},"end":{"line":71,"column":30}}],"line":71},"11":{"loc":{"start":{"line":75,"column":12},"end":{"line":75,"column":52}},"type":"binary-expr","locations":[{"start":{"line":75,"column":12},"end":{"line":75,"column":22}},{"start":{"line":75,"column":26},"end":{"line":75,"column":52}}],"line":75},"12":{"loc":{"start":{"line":76,"column":21},"end":{"line":76,"column":84}},"type":"cond-expr","locations":[{"start":{"line":76,"column":57},"end":{"line":76,"column":76}},{"start":{"line":76,"column":79},"end":{"line":76,"column":84}}],"line":76},"13":{"loc":{"start":{"line":96,"column":36},"end":{"line":96,"column":48}},"type":"default-arg","locations":[{"start":{"line":96,"column":44},"end":{"line":96,"column":48}}],"line":96},"14":{"loc":{"start":{"line":98,"column":13},"end":{"line":98,"column":80}},"type":"cond-expr","locations":[{"start":{"line":98,"column":41},"end":{"line":98,"column":72}},{"start":{"line":98,"column":75},"end":{"line":98,"column":80}}],"line":98},"15":{"loc":{"start":{"line":103,"column":4},"end":{"line":107,"column":5}},"type":"if","locations":[{"start":{"line":103,"column":4},"end":{"line":107,"column":5}},{"start":{"line":105,"column":11},"end":{"line":107,"column":5}}],"line":103},"16":{"loc":{"start":{"line":110,"column":69},"end":{"line":110,"column":81}},"type":"default-arg","locations":[{"start":{"line":110,"column":77},"end":{"line":110,"column":81}}],"line":110},"17":{"loc":{"start":{"line":120,"column":4},"end":{"line":124,"column":5}},"type":"if","locations":[{"start":{"line":120,"column":4},"end":{"line":124,"column":5}},{"start":{"line":122,"column":11},"end":{"line":124,"column":5}}],"line":120},"18":{"loc":{"start":{"line":127,"column":36},"end":{"line":127,"column":46}},"type":"default-arg","locations":[{"start":{"line":127,"column":42},"end":{"line":127,"column":46}}],"line":127},"19":{"loc":{"start":{"line":127,"column":48},"end":{"line":127,"column":60}},"type":"default-arg","locations":[{"start":{"line":127,"column":56},"end":{"line":127,"column":60}}],"line":127},"20":{"loc":{"start":{"line":134,"column":4},"end":{"line":138,"column":5}},"type":"if","locations":[{"start":{"line":134,"column":4},"end":{"line":138,"column":5}},{"start":{"line":136,"column":11},"end":{"line":138,"column":5}}],"line":134},"21":{"loc":{"start":{"line":136,"column":11},"end":{"line":138,"column":5}},"type":"if","locations":[{"start":{"line":136,"column":11},"end":{"line":138,"column":5}},{"start":{},"end":{}}],"line":136},"22":{"loc":{"start":{"line":137,"column":40},"end":{"line":137,"column":60}},"type":"cond-expr","locations":[{"start":{"line":137,"column":46},"end":{"line":137,"column":51}},{"start":{"line":137,"column":54},"end":{"line":137,"column":60}}],"line":137},"23":{"loc":{"start":{"line":142,"column":26},"end":{"line":142,"column":38}},"type":"default-arg","locations":[{"start":{"line":142,"column":36},"end":{"line":142,"column":38}}],"line":142},"24":{"loc":{"start":{"line":151,"column":38},"end":{"line":151,"column":51}},"type":"default-arg","locations":[{"start":{"line":151,"column":49},"end":{"line":151,"column":51}}],"line":151},"25":{"loc":{"start":{"line":159,"column":4},"end":{"line":163,"column":5}},"type":"if","locations":[{"start":{"line":159,"column":4},"end":{"line":163,"column":5}},{"start":{"line":161,"column":11},"end":{"line":163,"column":5}}],"line":159}},"s":{"0":1,"1":1,"2":1,"3":0,"4":0,"5":0,"6":0,"7":0,"8":0,"9":0,"10":0,"11":0,"12":0,"13":0,"14":0,"15":0,"16":0,"17":0,"18":0,"19":0,"20":0,"21":0,"22":0,"23":0,"24":0,"25":0,"26":0,"27":0,"28":0,"29":0,"30":0,"31":0,"32":0,"33":0,"34":0,"35":0,"36":0,"37":0,"38":1},"f":{"0":1,"1":0,"2":0,"3":0,"4":0,"5":0,"6":0,"7":0,"8":0,"9":0,"10":0,"11":0,"12":0,"13":0},"b":{"0":[1],"1":[1,0],"2":[1,1],"3":[0],"4":[0,0],"5":[0,0],"6":[0],"7":[0],"8":[0],"9":[0],"10":[0],"11":[0,0],"12":[0,0],"13":[0],"14":[0,0],"15":[0,0],"16":[0],"17":[0,0],"18":[0],"19":[0],"20":[0,0],"21":[0,0],"22":[0,0],"23":[0],"24":[0],"25":[0,0]},"inputSourceMap":null,"_coverageSchema":"1a1c01bbd47fc00a2c39e90264f33305004495a9","hash":"4aec31b1a90707c900212974132f11f962c49880"}
,"C:\\Users\\vikas nallani\\Downloads\\java\\Knowledge_Sharing_Tech_Community\\knowledge-sharing-community\\backend\\src\\validators\\auth.schema.js": {"path":"C:\\Users\\vikas nallani\\Downloads\\java\\Knowledge_Sharing_Tech_Community\\knowledge-sharing-community\\backend\\src\\validators\\auth.schema.js","statementMap":{"0":{"start":{"line":3,"column":30},"end":{"line":10,"column":2}},"1":{"start":{"line":12,"column":27},"end":{"line":17,"column":2}}},"fnMap":{},"branchMap":{},"s":{"0":1,"1":1},"f":{},"b":{},"inputSourceMap":null,"_coverageSchema":"1a1c01bbd47fc00a2c39e90264f33305004495a9","hash":"493a5dc331d612b37a89da4d35a5b6ba5c388f52"}
,"C:\\Users\\vikas nallani\\Downloads\\java\\Knowledge_Sharing_Tech_Community\\knowledge-sharing-community\\backend\\src\\validators\\comment.schema.js": {"path":"C:\\Users\\vikas nallani\\Downloads\\java\\Knowledge_Sharing_Tech_Community\\knowledge-sharing-community\\backend\\src\\validators\\comment.schema.js","statementMap":{"0":{"start":{"line":3,"column":35},"end":{"line":7,"column":2}},"1":{"start":{"line":9,"column":35},"end":{"line":13,"column":2}}},"fnMap":{},"branchMap":{},"s":{"0":1,"1":1},"f":{},"b":{},"inputSourceMap":null,"_coverageSchema":"1a1c01bbd47fc00a2c39e90264f33305004495a9","hash":"6ccdae28ccc4ac4e09dcdd15a353470d320b4d17"}
,"C:\\Users\\vikas nallani\\Downloads\\java\\Knowledge_Sharing_Tech_Community\\knowledge-sharing-community\\backend\\src\\validators\\pagination.schema.js": {"path":"C:\\Users\\vikas nallani\\Downloads\\java\\Knowledge_Sharing_Tech_Community\\knowledge-sharing-community\\backend\\src\\validators\\pagination.schema.js","statementMap":{"0":{"start":{"line":3,"column":32},"end":{"line":9,"column":2}}},"fnMap":{},"branchMap":{},"s":{"0":1},"f":{},"b":{},"inputSourceMap":null,"_coverageSchema":"1a1c01bbd47fc00a2c39e90264f33305004495a9","hash":"07ae7bae1ee8bf9c97694fb4f46ce20d0713d198"}
,"C:\\Users\\vikas nallani\\Downloads\\java\\Knowledge_Sharing_Tech_Community\\knowledge-sharing-community\\backend\\src\\validators\\user.schema.js": {"path":"C:\\Users\\vikas nallani\\Downloads\\java\\Knowledge_Sharing_Tech_Community\\knowledge-sharing-community\\backend\\src\\validators\\user.schema.js","statementMap":{"0":{"start":{"line":3,"column":35},"end":{"line":10,"column":2}}},"fnMap":{},"branchMap":{},"s":{"0":1},"f":{},"b":{},"inputSourceMap":null,"_coverageSchema":"1a1c01bbd47fc00a2c39e90264f33305004495a9","hash":"0f2a27975311c42342cb45fabb7a0d5755bf5ce9"}
}
