TN:
SF:src\app.js
FN:79,(anonymous_0)
FN:123,(anonymous_1)
FN:130,(anonymous_2)
FN:160,(anonymous_3)
FN:172,(anonymous_4)
FN:184,(anonymous_5)
FN:192,(anonymous_6)
FN:202,(anonymous_7)
FNF:8
FNH:0
FNDA:0,(anonymous_0)
FNDA:0,(anonymous_1)
FNDA:0,(anonymous_2)
FNDA:0,(anonymous_3)
FNDA:0,(anonymous_4)
FNDA:0,(anonymous_5)
FNDA:0,(anonymous_6)
FNDA:0,(anonymous_7)
DA:73,1
DA:74,1
DA:76,1
DA:79,1
DA:80,0
DA:84,1
DA:87,1
DA:88,1
DA:89,1
DA:90,1
DA:91,1
DA:92,1
DA:93,1
DA:94,1
DA:95,1
DA:96,1
DA:97,1
DA:98,1
DA:99,1
DA:102,1
DA:103,1
DA:104,1
DA:105,1
DA:106,1
DA:107,1
DA:110,1
DA:111,1
DA:114,1
DA:117,1
DA:120,1
DA:123,1
DA:124,0
DA:125,0
DA:129,1
DA:130,0
DA:134,1
DA:137,1
DA:141,1
DA:142,1
DA:145,1
DA:146,1
DA:147,1
DA:148,1
DA:151,1
DA:154,1
DA:157,1
DA:160,1
DA:161,0
DA:162,0
DA:166,1
DA:172,1
DA:173,0
DA:174,0
DA:176,0
DA:184,0
DA:185,0
DA:192,0
DA:193,0
DA:194,0
DA:202,0
DA:203,0
DA:211,0
LF:62
LH:45
BRDA:173,0,0,0
BRDA:173,0,1,0
BRDA:173,0,2,0
BRF:3
BRH:0
end_of_record
TN:
SF:src\base\BaseController.js
FN:6,(anonymous_0)
FN:11,(anonymous_1)
FN:16,(anonymous_2)
FN:20,(anonymous_3)
FN:24,(anonymous_4)
FN:28,(anonymous_5)
FN:32,(anonymous_6)
FN:37,(anonymous_7)
FN:41,(anonymous_8)
FN:45,(anonymous_9)
FN:49,(anonymous_10)
FN:53,(anonymous_11)
FN:58,(anonymous_12)
FN:62,(anonymous_13)
FN:66,(anonymous_14)
FN:70,(anonymous_15)
FN:74,(anonymous_16)
FN:78,(anonymous_17)
FN:82,(anonymous_18)
FN:87,(anonymous_19)
FN:101,(anonymous_20)
FN:113,(anonymous_21)
FN:125,(anonymous_22)
FN:138,(anonymous_23)
FN:139,(anonymous_24)
FN:145,(anonymous_25)
FN:147,(anonymous_26)
FNF:27
FNH:1
FNDA:0,(anonymous_0)
FNDA:24,(anonymous_1)
FNDA:0,(anonymous_2)
FNDA:0,(anonymous_3)
FNDA:0,(anonymous_4)
FNDA:0,(anonymous_5)
FNDA:0,(anonymous_6)
FNDA:0,(anonymous_7)
FNDA:0,(anonymous_8)
FNDA:0,(anonymous_9)
FNDA:0,(anonymous_10)
FNDA:0,(anonymous_11)
FNDA:0,(anonymous_12)
FNDA:0,(anonymous_13)
FNDA:0,(anonymous_14)
FNDA:0,(anonymous_15)
FNDA:0,(anonymous_16)
FNDA:0,(anonymous_17)
FNDA:0,(anonymous_18)
FNDA:0,(anonymous_19)
FNDA:0,(anonymous_20)
FNDA:0,(anonymous_21)
FNDA:0,(anonymous_22)
FNDA:0,(anonymous_23)
FNDA:0,(anonymous_24)
FNDA:0,(anonymous_25)
FNDA:0,(anonymous_26)
DA:7,0
DA:12,24
DA:17,0
DA:21,0
DA:25,0
DA:29,0
DA:33,0
DA:38,0
DA:42,0
DA:46,0
DA:50,0
DA:54,0
DA:59,0
DA:63,0
DA:67,0
DA:71,0
DA:75,0
DA:79,0
DA:83,0
DA:88,0
DA:89,0
DA:90,0
DA:92,0
DA:102,0
DA:114,0
DA:126,0
DA:139,0
DA:140,0
DA:141,0
DA:146,0
DA:147,0
DA:148,0
DA:149,0
DA:152,0
LF:34
LH:1
BRDA:16,0,0,0
BRDA:20,1,0,0
BRDA:24,2,0,0
BRDA:28,3,0,0
BRDA:32,4,0,0
BRDA:37,5,0,0
BRDA:41,6,0,0
BRDA:45,7,0,0
BRDA:49,8,0,0
BRDA:53,9,0,0
BRDA:83,10,0,0
BRDA:83,10,1,0
BRDA:88,11,0,0
BRDA:88,11,1,0
BRDA:89,12,0,0
BRDA:89,12,1,0
BRDA:96,13,0,0
BRDA:96,13,1,0
BRDA:97,14,0,0
BRDA:97,14,1,0
BRDA:113,15,0,0
BRDA:125,16,0,0
BRDA:140,17,0,0
BRDA:140,17,1,0
BRDA:148,18,0,0
BRDA:148,18,1,0
BRF:26
BRH:0
end_of_record
TN:
SF:src\base\BaseRepository.js
FN:5,(anonymous_0)
FN:12,(anonymous_1)
FN:24,(anonymous_2)
FN:50,(anonymous_3)
FN:62,(anonymous_4)
FN:75,(anonymous_5)
FN:87,(anonymous_6)
FN:100,(anonymous_7)
FN:114,(anonymous_8)
FN:124,(anonymous_9)
FN:136,(anonymous_10)
FN:149,(anonymous_11)
FN:162,(anonymous_12)
FN:184,(anonymous_13)
FN:205,(anonymous_14)
FN:232,(anonymous_15)
FN:257,(anonymous_16)
FN:267,(anonymous_17)
FN:278,(anonymous_18)
FN:291,(anonymous_19)
FN:305,(anonymous_20)
FN:311,(anonymous_21)
FN:314,(anonymous_22)
FN:332,(anonymous_23)
FNF:24
FNH:1
FNDA:5,(anonymous_0)
FNDA:0,(anonymous_1)
FNDA:0,(anonymous_2)
FNDA:0,(anonymous_3)
FNDA:0,(anonymous_4)
FNDA:0,(anonymous_5)
FNDA:0,(anonymous_6)
FNDA:0,(anonymous_7)
FNDA:0,(anonymous_8)
FNDA:0,(anonymous_9)
FNDA:0,(anonymous_10)
FNDA:0,(anonymous_11)
FNDA:0,(anonymous_12)
FNDA:0,(anonymous_13)
FNDA:0,(anonymous_14)
FNDA:0,(anonymous_15)
FNDA:0,(anonymous_16)
FNDA:0,(anonymous_17)
FNDA:0,(anonymous_18)
FNDA:0,(anonymous_19)
FNDA:0,(anonymous_20)
FNDA:0,(anonymous_21)
FNDA:0,(anonymous_22)
FNDA:0,(anonymous_23)
DA:6,5
DA:7,5
DA:8,5
DA:13,0
DA:14,0
DA:17,0
DA:19,0
DA:20,0
DA:25,0
DA:33,0
DA:35,0
DA:43,0
DA:45,0
DA:46,0
DA:51,0
DA:52,0
DA:55,0
DA:57,0
DA:58,0
DA:63,0
DA:64,0
DA:68,0
DA:70,0
DA:71,0
DA:76,0
DA:77,0
DA:80,0
DA:82,0
DA:83,0
DA:88,0
DA:89,0
DA:90,0
DA:93,0
DA:95,0
DA:96,0
DA:101,0
DA:102,0
DA:106,0
DA:108,0
DA:109,0
DA:115,0
DA:116,0
DA:118,0
DA:119,0
DA:125,0
DA:126,0
DA:129,0
DA:131,0
DA:132,0
DA:137,0
DA:138,0
DA:142,0
DA:144,0
DA:145,0
DA:150,0
DA:151,0
DA:154,0
DA:156,0
DA:157,0
DA:163,0
DA:169,0
DA:171,0
DA:177,0
DA:179,0
DA:180,0
DA:185,0
DA:190,0
DA:192,0
DA:197,0
DA:199,0
DA:200,0
DA:206,0
DA:214,0
DA:216,0
DA:224,0
DA:226,0
DA:227,0
DA:233,0
DA:240,0
DA:242,0
DA:249,0
DA:251,0
DA:252,0
DA:258,0
DA:259,0
DA:260,0
DA:262,0
DA:263,0
DA:268,0
DA:269,0
DA:270,0
DA:272,0
DA:273,0
DA:279,0
DA:280,0
DA:284,0
DA:286,0
DA:287,0
DA:292,0
DA:293,0
DA:297,0
DA:299,0
DA:300,0
DA:306,0
DA:307,0
DA:312,0
DA:314,0
DA:315,0
DA:316,0
DA:317,0
DA:319,0
DA:324,0
DA:329,0
DA:333,0
DA:335,0
LF:115
LH:3
BRDA:24,0,0,0
BRDA:27,1,0,0
BRDA:28,2,0,0
BRDA:29,3,0,0
BRDA:30,4,0,0
BRDA:31,5,0,0
BRDA:32,6,0,0
BRDA:87,7,0,0
BRDA:89,8,0,0
BRDA:162,9,0,0
BRDA:165,10,0,0
BRDA:166,11,0,0
BRDA:167,12,0,0
BRDA:168,13,0,0
BRDA:184,14,0,0
BRDA:187,15,0,0
BRDA:188,16,0,0
BRDA:189,17,0,0
BRDA:205,18,0,0
BRDA:208,19,0,0
BRDA:209,20,0,0
BRDA:210,21,0,0
BRDA:211,22,0,0
BRDA:212,23,0,0
BRDA:213,24,0,0
BRDA:232,25,0,0
BRDA:235,26,0,0
BRDA:236,27,0,0
BRDA:237,28,0,0
BRDA:238,29,0,0
BRDA:239,30,0,0
BRDA:257,31,0,0
BRDA:267,32,0,0
BRDA:306,33,0,0
BRDA:306,33,1,0
BRDA:306,34,0,0
BRDA:306,34,1,0
BRDA:306,34,2,0
BRDA:316,35,0,0
BRDA:316,35,1,0
BRDA:316,36,0,0
BRDA:316,36,1,0
BRDA:316,36,2,0
BRDA:317,37,0,0
BRDA:317,37,1,0
BRDA:317,38,0,0
BRDA:317,38,1,0
BRDA:332,39,0,0
BRDA:333,40,0,0
BRDA:333,40,1,0
BRF:50
BRH:0
end_of_record
TN:
SF:src\base\BaseService.js
FN:5,(anonymous_0)
FN:11,(anonymous_1)
FN:24,(anonymous_2)
FN:53,(anonymous_3)
FN:70,(anonymous_4)
FN:93,(anonymous_5)
FN:110,(anonymous_6)
FN:119,(anonymous_7)
FN:130,(anonymous_8)
FN:140,(anonymous_9)
FN:151,(anonymous_10)
FN:162,(anonymous_11)
FN:174,(anonymous_12)
FN:209,(anonymous_13)
FN:212,(anonymous_14)
FN:219,(anonymous_15)
FN:220,(anonymous_16)
FN:226,(anonymous_17)
FN:228,(anonymous_18)
FNF:19
FNH:5
FNDA:3,(anonymous_0)
FNDA:0,(anonymous_1)
FNDA:0,(anonymous_2)
FNDA:0,(anonymous_3)
FNDA:0,(anonymous_4)
FNDA:0,(anonymous_5)
FNDA:0,(anonymous_6)
FNDA:0,(anonymous_7)
FNDA:0,(anonymous_8)
FNDA:0,(anonymous_9)
FNDA:0,(anonymous_10)
FNDA:0,(anonymous_11)
FNDA:0,(anonymous_12)
FNDA:0,(anonymous_13)
FNDA:0,(anonymous_14)
FNDA:2,(anonymous_15)
FNDA:2,(anonymous_16)
FNDA:2,(anonymous_17)
FNDA:6,(anonymous_18)
DA:6,3
DA:7,3
DA:12,0
DA:13,0
DA:14,0
DA:15,0
DA:17,0
DA:19,0
DA:20,0
DA:25,0
DA:26,0
DA:28,0
DA:29,0
DA:31,0
DA:36,0
DA:48,0
DA:49,0
DA:54,0
DA:55,0
DA:56,0
DA:57,0
DA:59,0
DA:62,0
DA:63,0
DA:66,0
DA:71,0
DA:73,0
DA:74,0
DA:75,0
DA:78,0
DA:79,0
DA:80,0
DA:82,0
DA:85,0
DA:86,0
DA:89,0
DA:94,0
DA:96,0
DA:97,0
DA:98,0
DA:101,0
DA:102,0
DA:103,0
DA:105,0
DA:106,0
DA:111,0
DA:112,0
DA:114,0
DA:115,0
DA:120,0
DA:121,0
DA:122,0
DA:124,0
DA:125,0
DA:131,0
DA:132,0
DA:134,0
DA:135,0
DA:141,0
DA:142,0
DA:143,0
DA:144,0
DA:146,0
DA:147,0
DA:152,0
DA:153,0
DA:154,0
DA:155,0
DA:157,0
DA:158,0
DA:163,0
DA:164,0
DA:165,0
DA:166,0
DA:168,0
DA:169,0
DA:175,0
DA:176,0
DA:177,0
DA:179,0
DA:181,0
DA:191,0
DA:203,0
DA:204,0
DA:211,0
DA:212,0
DA:220,2
DA:221,2
DA:222,0
DA:227,2
DA:228,2
DA:229,6
DA:230,3
DA:233,2
LF:94
LH:9
BRDA:14,0,0,0
BRDA:14,0,1,0
BRDA:24,1,0,0
BRDA:26,2,0,0
BRDA:26,3,0,0
BRDA:26,4,0,0
BRDA:26,5,0,0
BRDA:26,6,0,0
BRDA:62,7,0,0
BRDA:62,7,1,0
BRDA:74,8,0,0
BRDA:74,8,1,0
BRDA:85,9,0,0
BRDA:85,9,1,0
BRDA:97,10,0,0
BRDA:97,10,1,0
BRDA:110,11,0,0
BRDA:174,12,0,0
BRDA:176,13,0,0
BRDA:176,14,0,0
BRDA:176,15,0,0
BRDA:221,16,0,0
BRDA:221,16,1,2
BRDA:229,17,0,3
BRDA:229,17,1,3
BRF:25
BRH:3
end_of_record
TN:
SF:src\cache\cache.keys.js
FN:3,(anonymous_0)
FN:4,(anonymous_1)
FN:5,(anonymous_2)
FN:6,(anonymous_3)
FN:9,(anonymous_4)
FN:10,(anonymous_5)
FN:11,(anonymous_6)
FN:12,(anonymous_7)
FN:13,(anonymous_8)
FN:16,(anonymous_9)
FN:17,(anonymous_10)
FN:20,(anonymous_11)
FN:21,(anonymous_12)
FN:25,(anonymous_13)
FN:26,(anonymous_14)
FN:27,(anonymous_15)
FN:35,(anonymous_16)
FN:36,(anonymous_17)
FN:37,(anonymous_18)
FN:40,(anonymous_19)
FN:41,(anonymous_20)
FN:44,(anonymous_21)
FN:45,(anonymous_22)
FN:48,(anonymous_23)
FN:49,(anonymous_24)
FN:50,(anonymous_25)
FN:59,(anonymous_26)
FN:60,(anonymous_27)
FN:61,(anonymous_28)
FNF:29
FNH:3
FNDA:24,(anonymous_0)
FNDA:0,(anonymous_1)
FNDA:0,(anonymous_2)
FNDA:0,(anonymous_3)
FNDA:8,(anonymous_4)
FNDA:0,(anonymous_5)
FNDA:0,(anonymous_6)
FNDA:4,(anonymous_7)
FNDA:0,(anonymous_8)
FNDA:0,(anonymous_9)
FNDA:0,(anonymous_10)
FNDA:0,(anonymous_11)
FNDA:0,(anonymous_12)
FNDA:0,(anonymous_13)
FNDA:0,(anonymous_14)
FNDA:0,(anonymous_15)
FNDA:0,(anonymous_16)
FNDA:0,(anonymous_17)
FNDA:0,(anonymous_18)
FNDA:0,(anonymous_19)
FNDA:0,(anonymous_20)
FNDA:0,(anonymous_21)
FNDA:0,(anonymous_22)
FNDA:0,(anonymous_23)
FNDA:0,(anonymous_24)
FNDA:0,(anonymous_25)
FNDA:0,(anonymous_26)
FNDA:0,(anonymous_27)
FNDA:0,(anonymous_28)
DA:1,2
DA:3,24
DA:4,0
DA:5,0
DA:6,0
DA:9,8
DA:10,0
DA:11,0
DA:12,4
DA:13,0
DA:16,0
DA:17,0
DA:20,0
DA:21,0
DA:25,0
DA:26,0
DA:27,0
DA:35,0
DA:36,0
DA:37,0
DA:40,0
DA:41,0
DA:44,0
DA:45,0
DA:48,0
DA:49,0
DA:50,0
DA:57,2
DA:59,0
DA:60,0
DA:61,0
DA:77,2
LF:32
LH:6
BRDA:12,0,0,0
BRDA:13,1,0,0
BRDA:26,2,0,0
BRDA:35,3,0,0
BRDA:36,4,0,0
BRDA:37,5,0,0
BRF:6
BRH:0
end_of_record
TN:
SF:src\cache\cache.service.js
FN:6,(anonymous_0)
FN:13,(anonymous_1)
FN:16,(anonymous_2)
FN:22,(anonymous_3)
FN:39,(anonymous_4)
FN:45,(anonymous_5)
FN:51,(anonymous_6)
FN:60,(anonymous_7)
FN:77,(anonymous_8)
FN:93,(anonymous_9)
FN:100,(anonymous_10)
FN:108,(anonymous_11)
FN:121,(anonymous_12)
FN:131,(anonymous_13)
FN:141,(anonymous_14)
FN:146,(anonymous_15)
FN:151,(anonymous_16)
FN:159,(anonymous_17)
FN:171,(anonymous_18)
FN:178,(anonymous_19)
FN:203,(anonymous_20)
FN:233,(anonymous_21)
FN:258,(anonymous_22)
FN:280,(anonymous_23)
FN:296,(anonymous_24)
FN:342,(anonymous_25)
FN:365,(anonymous_26)
FN:386,(anonymous_27)
FN:391,(anonymous_28)
FN:396,(anonymous_29)
FN:401,(anonymous_30)
FN:416,(anonymous_31)
FN:429,(anonymous_32)
FN:431,(anonymous_33)
FN:433,(anonymous_34)
FN:437,(anonymous_35)
FN:452,(anonymous_36)
FNF:37
FNH:12
FNDA:2,(anonymous_0)
FNDA:0,(anonymous_1)
FNDA:12,(anonymous_2)
FNDA:38,(anonymous_3)
FNDA:4,(anonymous_4)
FNDA:28,(anonymous_5)
FNDA:0,(anonymous_6)
FNDA:0,(anonymous_7)
FNDA:12,(anonymous_8)
FNDA:0,(anonymous_9)
FNDA:1,(anonymous_10)
FNDA:0,(anonymous_11)
FNDA:2,(anonymous_12)
FNDA:38,(anonymous_13)
FNDA:12,(anonymous_14)
FNDA:4,(anonymous_15)
FNDA:0,(anonymous_16)
FNDA:0,(anonymous_17)
FNDA:0,(anonymous_18)
FNDA:0,(anonymous_19)
FNDA:0,(anonymous_20)
FNDA:0,(anonymous_21)
FNDA:0,(anonymous_22)
FNDA:0,(anonymous_23)
FNDA:0,(anonymous_24)
FNDA:0,(anonymous_25)
FNDA:0,(anonymous_26)
FNDA:0,(anonymous_27)
FNDA:0,(anonymous_28)
FNDA:0,(anonymous_29)
FNDA:0,(anonymous_30)
FNDA:2,(anonymous_31)
FNDA:0,(anonymous_32)
FNDA:0,(anonymous_33)
FNDA:0,(anonymous_34)
FNDA:0,(anonymous_35)
FNDA:0,(anonymous_36)
DA:7,2
DA:8,2
DA:9,2
DA:10,2
DA:13,2
DA:17,12
DA:18,12
DA:19,12
DA:23,38
DA:24,38
DA:25,0
DA:26,0
DA:29,38
DA:30,38
DA:31,23
DA:32,23
DA:35,15
DA:36,15
DA:40,4
DA:41,4
DA:42,4
DA:46,28
DA:47,28
DA:48,28
DA:52,0
DA:53,0
DA:54,0
DA:55,0
DA:57,0
DA:61,0
DA:62,0
DA:64,0
DA:65,0
DA:66,0
DA:67,0
DA:71,0
DA:72,0
DA:78,12
DA:79,6
DA:81,6
DA:82,1
DA:83,1
DA:84,1
DA:88,6
DA:89,6
DA:94,0
DA:101,1
DA:102,1
DA:103,1
DA:109,0
DA:110,0
DA:111,0
DA:112,0
DA:114,0
DA:122,2
DA:123,2
DA:132,38
DA:133,38
DA:134,23
DA:136,15
DA:138,38
DA:142,12
DA:143,12
DA:147,4
DA:148,4
DA:152,0
DA:160,0
DA:172,0
DA:173,0
DA:174,0
DA:175,0
DA:179,0
DA:180,0
DA:181,0
DA:182,0
DA:183,0
DA:185,0
DA:186,0
DA:189,0
DA:190,0
DA:191,0
DA:192,0
DA:194,0
DA:195,0
DA:196,0
DA:198,0
DA:199,0
DA:204,0
DA:205,0
DA:206,0
DA:207,0
DA:208,0
DA:210,0
DA:211,0
DA:214,0
DA:215,0
DA:217,0
DA:218,0
DA:219,0
DA:221,0
DA:222,0
DA:224,0
DA:225,0
DA:226,0
DA:228,0
DA:229,0
DA:234,0
DA:235,0
DA:236,0
DA:237,0
DA:238,0
DA:240,0
DA:241,0
DA:244,0
DA:245,0
DA:246,0
DA:247,0
DA:249,0
DA:250,0
DA:251,0
DA:253,0
DA:254,0
DA:259,0
DA:260,0
DA:261,0
DA:262,0
DA:263,0
DA:267,0
DA:268,0
DA:269,0
DA:270,0
DA:271,0
DA:273,0
DA:275,0
DA:276,0
DA:281,0
DA:282,0
DA:283,0
DA:284,0
DA:287,0
DA:288,0
DA:289,0
DA:291,0
DA:292,0
DA:297,0
DA:298,0
DA:299,0
DA:300,0
DA:301,0
DA:304,0
DA:305,0
DA:306,0
DA:307,0
DA:308,0
DA:309,0
DA:312,0
DA:313,0
DA:316,0
DA:317,0
DA:318,0
DA:319,0
DA:320,0
DA:322,0
DA:324,0
DA:325,0
DA:326,0
DA:328,0
DA:329,0
DA:330,0
DA:331,0
DA:332,0
DA:333,0
DA:334,0
DA:337,0
DA:338,0
DA:343,0
DA:344,0
DA:345,0
DA:346,0
DA:349,0
DA:350,0
DA:351,0
DA:353,0
DA:360,0
DA:361,0
DA:367,0
DA:368,0
DA:372,0
DA:373,0
DA:374,0
DA:375,0
DA:376,0
DA:379,0
DA:382,0
DA:387,0
DA:388,0
DA:392,0
DA:393,0
DA:397,0
DA:398,0
DA:402,0
DA:407,0
DA:408,0
DA:409,0
DA:411,0
DA:416,2
DA:417,2
DA:418,0
DA:419,0
DA:421,2
DA:422,2
DA:426,2
DA:429,2
DA:431,0
DA:433,0
DA:435,0
DA:437,0
DA:439,0
DA:440,0
DA:443,0
DA:444,0
DA:446,0
DA:447,0
DA:451,0
DA:452,0
DA:453,0
DA:454,0
DA:457,0
LF:228
LH:50
BRDA:16,0,0,0
BRDA:24,1,0,0
BRDA:24,1,1,38
BRDA:24,2,0,38
BRDA:24,2,1,23
BRDA:30,3,0,23
BRDA:30,3,1,15
BRDA:53,4,0,0
BRDA:53,4,1,0
BRDA:53,5,0,0
BRDA:53,5,1,0
BRDA:65,6,0,0
BRDA:65,6,1,0
BRDA:71,7,0,0
BRDA:71,7,1,0
BRDA:82,8,0,1
BRDA:82,8,1,0
BRDA:101,9,0,1
BRDA:101,9,1,0
BRDA:133,10,0,23
BRDA:133,10,1,15
BRDA:155,11,0,0
BRDA:155,11,1,0
BRDA:178,12,0,0
BRDA:181,13,0,0
BRDA:181,13,1,0
BRDA:182,14,0,0
BRDA:182,14,1,0
BRDA:194,15,0,0
BRDA:194,15,1,0
BRDA:206,16,0,0
BRDA:206,16,1,0
BRDA:207,17,0,0
BRDA:207,17,1,0
BRDA:217,18,0,0
BRDA:217,18,1,0
BRDA:224,19,0,0
BRDA:224,19,1,0
BRDA:236,20,0,0
BRDA:236,20,1,0
BRDA:237,21,0,0
BRDA:237,21,1,0
BRDA:249,22,0,0
BRDA:249,22,1,0
BRDA:261,23,0,0
BRDA:261,23,1,0
BRDA:269,24,0,0
BRDA:269,24,1,0
BRDA:283,25,0,0
BRDA:283,25,1,0
BRDA:299,26,0,0
BRDA:299,26,1,0
BRDA:300,27,0,0
BRDA:300,27,1,0
BRDA:307,28,0,0
BRDA:307,28,1,0
BRDA:318,29,0,0
BRDA:318,29,1,0
BRDA:324,30,0,0
BRDA:324,30,1,0
BRDA:332,31,0,0
BRDA:332,31,1,0
BRDA:345,32,0,0
BRDA:345,32,1,0
BRDA:367,33,0,0
BRDA:367,33,1,0
BRDA:374,34,0,0
BRDA:374,34,1,0
BRDA:374,35,0,0
BRDA:374,35,1,0
BRDA:417,36,0,0
BRDA:417,36,1,2
BRDA:417,37,0,2
BRDA:417,37,1,2
BRDA:429,38,0,0
BRDA:431,39,0,0
BRDA:432,40,0,0
BRDA:433,41,0,0
BRDA:434,42,0,0
BRDA:439,43,0,0
BRDA:439,43,1,0
BRDA:439,44,0,0
BRDA:439,44,1,0
BRDA:446,45,0,0
BRDA:446,45,1,0
BRF:85
BRH:12
end_of_record
TN:
SF:src\config\config-loader.js
FN:5,(anonymous_0)
FN:10,(anonymous_1)
FN:132,(anonymous_2)
FN:141,(anonymous_3)
FN:147,(anonymous_4)
FN:148,(anonymous_5)
FN:181,(anonymous_6)
FN:182,(anonymous_7)
FN:185,(anonymous_8)
FN:189,(anonymous_9)
FN:193,(anonymous_10)
FNF:11
FNH:8
FNDA:1,(anonymous_0)
FNDA:1,(anonymous_1)
FNDA:1,(anonymous_2)
FNDA:1,(anonymous_3)
FNDA:2,(anonymous_4)
FNDA:4,(anonymous_5)
FNDA:2,(anonymous_6)
FNDA:3,(anonymous_7)
FNDA:0,(anonymous_8)
FNDA:0,(anonymous_9)
FNDA:0,(anonymous_10)
DA:6,1
DA:7,1
DA:11,1
DA:13,1
DA:129,1
DA:133,1
DA:134,1
DA:135,1
DA:138,0
DA:142,1
DA:147,1
DA:148,4
DA:149,2
DA:152,1
DA:153,0
DA:154,0
DA:155,0
DA:159,1
DA:160,0
DA:164,1
DA:165,0
DA:167,0
DA:168,0
DA:171,0
DA:172,0
DA:175,0
DA:176,0
DA:182,3
DA:186,0
DA:190,0
DA:194,0
DA:199,1
LF:32
LH:17
BRDA:11,0,0,1
BRDA:11,0,1,0
BRDA:15,1,0,1
BRDA:15,1,1,0
BRDA:32,2,0,1
BRDA:32,2,1,1
BRDA:47,3,0,1
BRDA:47,3,1,1
BRDA:48,4,0,1
BRDA:48,4,1,1
BRDA:64,5,0,1
BRDA:64,5,1,1
BRDA:65,6,0,1
BRDA:65,6,1,1
BRDA:71,7,0,1
BRDA:71,7,1,0
BRDA:71,7,2,0
BRDA:73,8,0,1
BRDA:73,8,1,1
BRDA:83,9,0,1
BRDA:83,9,1,1
BRDA:84,10,0,1
BRDA:84,10,1,1
BRDA:91,11,0,1
BRDA:91,11,1,1
BRDA:108,12,0,1
BRDA:108,12,1,1
BRDA:109,13,0,1
BRDA:109,13,1,1
BRDA:116,14,0,1
BRDA:116,14,1,1
BRDA:134,15,0,1
BRDA:134,15,1,0
BRDA:135,16,0,0
BRDA:135,16,1,1
BRDA:138,17,0,0
BRDA:138,17,1,0
BRDA:152,18,0,0
BRDA:152,18,1,1
BRDA:159,19,0,0
BRDA:159,19,1,1
BRDA:164,20,0,0
BRDA:164,20,1,1
BRDA:167,21,0,0
BRDA:167,21,1,0
BRDA:171,22,0,0
BRDA:171,22,1,0
BRDA:175,23,0,0
BRDA:175,23,1,0
BRF:49
BRH:32
end_of_record
TN:
SF:src\config\database.js
FN:5,(anonymous_0)
FN:10,(anonymous_1)
FN:33,(anonymous_2)
FN:49,(anonymous_3)
FN:86,(anonymous_4)
FN:100,(anonymous_5)
FN:101,(anonymous_6)
FN:105,(anonymous_7)
FN:122,(anonymous_8)
FN:140,(anonymous_9)
FN:152,connectDatabase
FNF:11
FNH:2
FNDA:2,(anonymous_0)
FNDA:0,(anonymous_1)
FNDA:0,(anonymous_2)
FNDA:1,(anonymous_3)
FNDA:0,(anonymous_4)
FNDA:0,(anonymous_5)
FNDA:0,(anonymous_6)
FNDA:0,(anonymous_7)
FNDA:0,(anonymous_8)
FNDA:0,(anonymous_9)
FNDA:0,connectDatabase
DA:6,2
DA:7,2
DA:11,0
DA:12,0
DA:15,0
DA:17,0
DA:18,0
DA:20,0
DA:21,0
DA:23,0
DA:24,0
DA:27,0
DA:28,0
DA:29,0
DA:34,0
DA:35,0
DA:36,0
DA:37,0
DA:38,0
DA:39,0
DA:40,0
DA:42,0
DA:43,0
DA:54,1
DA:58,1
DA:59,1
DA:60,1
DA:65,0
DA:68,0
DA:69,0
DA:75,0
DA:76,0
DA:79,0
DA:83,0
DA:88,0
DA:94,0
DA:101,0
DA:106,0
DA:107,0
DA:108,0
DA:113,0
DA:123,0
DA:124,0
DA:133,0
DA:135,0
DA:136,0
DA:141,0
DA:142,0
DA:144,0
DA:149,2
DA:153,0
DA:154,0
DA:155,0
DA:157,0
DA:159,0
LF:55
LH:7
BRDA:11,0,0,0
BRDA:11,0,1,0
BRDA:11,1,0,0
BRDA:11,1,1,0
BRDA:34,2,0,0
BRDA:34,2,1,0
BRDA:49,3,0,0
BRDA:51,4,0,0
BRDA:52,5,0,0
BRDA:53,6,0,1
BRDA:68,7,0,0
BRDA:68,7,1,0
BRDA:68,8,0,0
BRDA:68,8,1,0
BRDA:94,9,0,0
BRDA:94,9,1,0
BRDA:94,9,2,0
BRDA:94,9,3,0
BRDA:141,10,0,0
BRDA:141,10,1,0
BRF:20
BRH:1
end_of_record
TN:
SF:src\config\env.js
FN:18,(anonymous_0)
FNF:1
FNH:1
FNDA:12,(anonymous_0)
DA:3,3
DA:5,3
DA:12,3
DA:18,3
DA:19,12
DA:20,0
DA:21,0
DA:25,3
LF:8
LH:6
BRDA:19,0,0,0
BRDA:19,0,1,12
BRDA:31,1,0,3
BRDA:31,1,1,3
BRDA:32,2,0,3
BRDA:32,2,1,3
BRF:6
BRH:5
end_of_record
TN:
SF:src\config\index.js
FN:6,(anonymous_0)
FN:13,(anonymous_1)
FNF:2
FNH:0
FNDA:0,(anonymous_0)
FNDA:0,(anonymous_1)
DA:6,3
DA:7,0
DA:13,0
DA:15,0
DA:16,0
DA:20,0
DA:21,0
DA:24,0
LF:8
LH:1
BRDA:15,0,0,0
BRDA:15,0,1,0
BRDA:20,1,0,0
BRDA:20,1,1,0
BRDA:20,2,0,0
BRDA:20,2,1,0
BRF:6
BRH:0
end_of_record
TN:
SF:src\config\logger.js
FN:7,(anonymous_0)
FN:8,(anonymous_1)
FNF:2
FNH:2
FNDA:18,(anonymous_0)
FNDA:151,(anonymous_1)
DA:4,3
DA:7,18
DA:10,151
LF:3
LH:3
BRDA:5,0,0,0
BRDA:5,0,1,3
BRDA:14,1,0,151
BRDA:14,1,1,0
BRF:4
BRH:2
end_of_record
TN:
SF:src\config\prisma.js
FN:9,getPrisma
FN:36,(anonymous_1)
FN:88,(anonymous_2)
FN:98,(anonymous_3)
FN:128,cleanupPrismaMetrics
FNF:5
FNH:4
FNDA:11,getPrisma
FNDA:94,(anonymous_1)
FNDA:1,(anonymous_2)
FNDA:0,(anonymous_3)
FNDA:3,cleanupPrismaMetrics
DA:6,3
DA:7,3
DA:10,11
DA:12,2
DA:13,2
DA:15,2
DA:31,2
DA:32,0
DA:36,2
DA:37,94
DA:38,94
DA:39,94
DA:40,94
DA:43,94
DA:44,94
DA:45,94
DA:50,94
DA:60,94
DA:61,0
DA:74,94
DA:75,0
DA:88,2
DA:89,1
DA:98,2
DA:99,0
DA:101,0
DA:110,0
DA:111,0
DA:116,0
DA:122,2
DA:124,11
DA:129,3
DA:130,0
DA:131,0
LF:34
LH:24
BRDA:10,0,0,2
BRDA:10,0,1,9
BRDA:23,1,0,2
BRDA:23,1,1,0
BRDA:31,2,0,0
BRDA:31,2,1,2
BRDA:43,3,0,94
BRDA:43,3,1,0
BRDA:45,4,0,87
BRDA:45,4,1,7
BRDA:51,5,0,55
BRDA:51,5,1,39
BRDA:54,6,0,94
BRDA:54,6,1,0
BRDA:60,7,0,0
BRDA:60,7,1,94
BRDA:62,8,0,0
BRDA:62,8,1,0
BRDA:65,9,0,0
BRDA:65,9,1,0
BRDA:67,10,0,0
BRDA:67,10,1,0
BRDA:74,11,0,0
BRDA:74,11,1,94
BRDA:79,12,0,0
BRDA:79,12,1,0
BRDA:110,13,0,0
BRDA:110,13,1,0
BRDA:110,14,0,0
BRDA:110,14,1,0
BRDA:129,15,0,0
BRDA:129,15,1,3
BRF:32
BRH:13
end_of_record
TN:
SF:src\config\rbac.js
FN:33,(anonymous_0)
FN:38,(anonymous_1)
FN:38,(anonymous_2)
FN:49,(anonymous_3)
FN:49,(anonymous_4)
FNF:5
FNH:1
FNDA:0,(anonymous_0)
FNDA:3,(anonymous_1)
FNDA:0,(anonymous_2)
FNDA:0,(anonymous_3)
FNDA:0,(anonymous_4)
DA:3,1
DA:10,1
DA:19,1
DA:33,1
DA:34,0
DA:35,0
DA:38,3
DA:39,0
DA:40,0
DA:41,0
DA:43,0
DA:44,0
DA:46,0
DA:49,1
DA:50,0
DA:51,0
DA:52,0
DA:55,0
DA:56,0
DA:59,0
LF:20
LH:6
BRDA:30,0,0,1
BRDA:30,0,1,0
BRDA:34,1,0,0
BRDA:34,1,1,0
BRDA:40,2,0,0
BRDA:40,2,1,0
BRDA:43,3,0,0
BRDA:43,3,1,0
BRDA:51,4,0,0
BRDA:51,4,1,0
BRDA:55,5,0,0
BRDA:55,5,1,0
BRF:12
BRH:1
end_of_record
TN:
SF:src\config\redis.js
FN:5,(anonymous_0)
FN:11,(anonymous_1)
FN:30,(anonymous_2)
FN:40,(anonymous_3)
FN:57,(anonymous_4)
FN:61,(anonymous_5)
FN:66,(anonymous_6)
FN:71,(anonymous_7)
FN:87,(anonymous_8)
FN:102,(anonymous_9)
FN:123,(anonymous_10)
FN:144,(anonymous_11)
FN:158,(anonymous_12)
FN:172,(anonymous_13)
FN:186,(anonymous_14)
FN:199,(anonymous_15)
FN:212,(anonymous_16)
FN:225,(anonymous_17)
FN:239,(anonymous_18)
FN:252,(anonymous_19)
FN:256,(anonymous_20)
FNF:21
FNH:1
FNDA:3,(anonymous_0)
FNDA:0,(anonymous_1)
FNDA:0,(anonymous_2)
FNDA:0,(anonymous_3)
FNDA:0,(anonymous_4)
FNDA:0,(anonymous_5)
FNDA:0,(anonymous_6)
FNDA:0,(anonymous_7)
FNDA:0,(anonymous_8)
FNDA:0,(anonymous_9)
FNDA:0,(anonymous_10)
FNDA:0,(anonymous_11)
FNDA:0,(anonymous_12)
FNDA:0,(anonymous_13)
FNDA:0,(anonymous_14)
FNDA:0,(anonymous_15)
FNDA:0,(anonymous_16)
FNDA:0,(anonymous_17)
FNDA:0,(anonymous_18)
FNDA:0,(anonymous_19)
FNDA:0,(anonymous_20)
DA:6,3
DA:7,3
DA:8,3
DA:13,0
DA:14,0
DA:15,0
DA:18,0
DA:19,0
DA:22,0
DA:23,0
DA:26,0
DA:27,0
DA:31,0
DA:32,0
DA:34,0
DA:41,0
DA:42,0
DA:43,0
DA:45,0
DA:46,0
DA:47,0
DA:49,0
DA:50,0
DA:51,0
DA:53,0
DA:57,0
DA:58,0
DA:61,0
DA:62,0
DA:63,0
DA:66,0
DA:67,0
DA:68,0
DA:71,0
DA:72,0
DA:73,0
DA:76,0
DA:77,0
DA:79,0
DA:81,0
DA:82,0
DA:83,0
DA:88,0
DA:89,0
DA:90,0
DA:91,0
DA:93,0
DA:95,0
DA:96,0
DA:97,0
DA:103,0
DA:104,0
DA:106,0
DA:107,0
DA:108,0
DA:110,0
DA:111,0
DA:113,0
DA:116,0
DA:118,0
DA:119,0
DA:124,0
DA:125,0
DA:127,0
DA:128,0
DA:129,0
DA:131,0
DA:133,0
DA:134,0
DA:136,0
DA:139,0
DA:140,0
DA:145,0
DA:146,0
DA:148,0
DA:149,0
DA:150,0
DA:151,0
DA:153,0
DA:154,0
DA:159,0
DA:160,0
DA:162,0
DA:163,0
DA:164,0
DA:165,0
DA:167,0
DA:168,0
DA:173,0
DA:174,0
DA:176,0
DA:177,0
DA:178,0
DA:179,0
DA:181,0
DA:182,0
DA:187,0
DA:188,0
DA:190,0
DA:191,0
DA:192,0
DA:194,0
DA:195,0
DA:200,0
DA:201,0
DA:203,0
DA:204,0
DA:205,0
DA:207,0
DA:208,0
DA:213,0
DA:214,0
DA:216,0
DA:217,0
DA:218,0
DA:220,0
DA:221,0
DA:226,0
DA:227,0
DA:229,0
DA:230,0
DA:231,0
DA:232,0
DA:234,0
DA:235,0
DA:240,0
DA:241,0
DA:243,0
DA:244,0
DA:245,0
DA:247,0
DA:248,0
DA:253,0
DA:257,0
DA:258,0
DA:260,0
DA:261,0
DA:262,0
DA:270,0
DA:271,0
DA:277,3
LF:141
LH:4
BRDA:13,0,0,0
BRDA:13,0,1,0
BRDA:13,1,0,0
BRDA:13,1,1,0
BRDA:18,2,0,0
BRDA:18,2,1,0
BRDA:18,3,0,0
BRDA:18,3,1,0
BRDA:22,4,0,0
BRDA:22,4,1,0
BRDA:32,5,0,0
BRDA:32,5,1,0
BRDA:32,6,0,0
BRDA:32,6,1,0
BRDA:32,7,0,0
BRDA:32,7,1,0
BRDA:41,8,0,0
BRDA:41,8,1,0
BRDA:41,9,0,0
BRDA:41,9,1,0
BRDA:45,10,0,0
BRDA:45,10,1,0
BRDA:49,11,0,0
BRDA:49,11,1,0
BRDA:88,12,0,0
BRDA:88,12,1,0
BRDA:102,13,0,0
BRDA:104,14,0,0
BRDA:104,14,1,0
BRDA:108,15,0,0
BRDA:108,15,1,0
BRDA:110,16,0,0
BRDA:110,16,1,0
BRDA:125,17,0,0
BRDA:125,17,1,0
BRDA:128,18,0,0
BRDA:128,18,1,0
BRDA:131,19,0,0
BRDA:131,19,1,0
BRDA:146,20,0,0
BRDA:146,20,1,0
BRDA:149,21,0,0
BRDA:149,21,1,0
BRDA:160,22,0,0
BRDA:160,22,1,0
BRDA:163,23,0,0
BRDA:163,23,1,0
BRDA:174,24,0,0
BRDA:174,24,1,0
BRDA:177,25,0,0
BRDA:177,25,1,0
BRDA:188,26,0,0
BRDA:188,26,1,0
BRDA:191,27,0,0
BRDA:191,27,1,0
BRDA:199,28,0,0
BRDA:201,29,0,0
BRDA:201,29,1,0
BRDA:204,30,0,0
BRDA:204,30,1,0
BRDA:212,31,0,0
BRDA:214,32,0,0
BRDA:214,32,1,0
BRDA:217,33,0,0
BRDA:217,33,1,0
BRDA:227,34,0,0
BRDA:227,34,1,0
BRDA:241,35,0,0
BRDA:241,35,1,0
BRDA:253,36,0,0
BRDA:253,36,1,0
BRDA:258,37,0,0
BRDA:258,37,1,0
BRDA:264,38,0,0
BRDA:264,38,1,0
BRDA:264,39,0,0
BRDA:264,39,1,0
BRDA:264,40,0,0
BRDA:264,40,1,0
BRDA:265,41,0,0
BRDA:265,41,1,0
BRDA:266,42,0,0
BRDA:266,42,1,0
BRF:83
BRH:0
end_of_record
TN:
SF:src\config\roles.js
FN:104,(anonymous_0)
FN:109,(anonymous_1)
FN:111,(anonymous_2)
FN:114,(anonymous_3)
FN:116,(anonymous_4)
FN:119,(anonymous_5)
FN:126,(anonymous_6)
FNF:7
FNH:0
FNDA:0,(anonymous_0)
FNDA:0,(anonymous_1)
FNDA:0,(anonymous_2)
FNDA:0,(anonymous_3)
FNDA:0,(anonymous_4)
FNDA:0,(anonymous_5)
FNDA:0,(anonymous_6)
DA:1,1
DA:8,1
DA:53,1
DA:70,1
DA:78,1
DA:90,1
DA:97,1
DA:104,1
DA:105,0
DA:106,0
DA:109,1
DA:110,0
DA:111,0
DA:114,1
DA:115,0
DA:116,0
DA:119,1
DA:126,1
DA:127,0
DA:128,0
LF:20
LH:12
BRDA:105,0,0,0
BRDA:105,0,1,0
BRDA:110,1,0,0
BRDA:110,1,1,0
BRDA:115,2,0,0
BRDA:115,2,1,0
BRF:6
BRH:0
end_of_record
TN:
SF:src\config\structured-logger.js
FN:5,generateRequestId
FN:9,generateTraceId
FN:13,generateSpanId
FN:17,setLogContext
FN:23,(anonymous_4)
FN:35,(anonymous_5)
FN:36,(anonymous_6)
FN:58,(anonymous_7)
FN:62,(anonymous_8)
FN:67,(anonymous_9)
FN:71,(anonymous_10)
FN:75,(anonymous_11)
FN:79,(anonymous_12)
FN:84,(anonymous_13)
FN:94,(anonymous_14)
FN:104,(anonymous_15)
FN:114,(anonymous_16)
FN:127,(anonymous_17)
FN:137,(anonymous_18)
FN:146,(anonymous_19)
FN:147,(anonymous_20)
FN:148,(anonymous_21)
FN:149,(anonymous_22)
FN:150,(anonymous_23)
FN:151,(anonymous_24)
FN:152,(anonymous_25)
FN:153,(anonymous_26)
FN:154,(anonymous_27)
FN:155,(anonymous_28)
FNF:29
FNH:5
FNDA:0,generateRequestId
FNDA:0,generateTraceId
FNDA:0,generateSpanId
FNDA:0,setLogContext
FNDA:3,(anonymous_4)
FNDA:18,(anonymous_5)
FNDA:95,(anonymous_6)
FNDA:0,(anonymous_7)
FNDA:0,(anonymous_8)
FNDA:0,(anonymous_9)
FNDA:0,(anonymous_10)
FNDA:1,(anonymous_11)
FNDA:94,(anonymous_12)
FNDA:0,(anonymous_13)
FNDA:0,(anonymous_14)
FNDA:0,(anonymous_15)
FNDA:0,(anonymous_16)
FNDA:0,(anonymous_17)
FNDA:0,(anonymous_18)
FNDA:0,(anonymous_19)
FNDA:0,(anonymous_20)
FNDA:0,(anonymous_21)
FNDA:0,(anonymous_22)
FNDA:0,(anonymous_23)
FNDA:0,(anonymous_24)
FNDA:0,(anonymous_25)
FNDA:0,(anonymous_26)
FNDA:0,(anonymous_27)
FNDA:0,(anonymous_28)
DA:6,0
DA:10,0
DA:14,0
DA:18,0
DA:24,3
DA:25,3
DA:26,3
DA:29,3
DA:32,3
DA:35,18
DA:38,95
DA:46,95
DA:47,0
DA:50,95
DA:59,0
DA:63,0
DA:68,0
DA:72,0
DA:76,1
DA:80,94
DA:85,0
DA:95,0
DA:105,0
DA:115,0
DA:128,0
DA:138,0
DA:143,3
DA:146,3
DA:147,3
DA:148,3
DA:149,3
DA:150,3
DA:151,3
DA:152,3
DA:153,3
DA:154,3
DA:155,3
LF:37
LH:22
BRDA:23,0,0,3
BRDA:24,1,0,3
BRDA:24,1,1,3
BRDA:24,1,2,3
BRDA:25,2,0,3
BRDA:25,2,1,3
BRDA:25,2,2,0
BRDA:26,3,0,3
BRDA:26,3,1,3
BRDA:26,3,2,0
BRDA:33,4,0,0
BRDA:33,4,1,3
BRDA:46,5,0,0
BRDA:46,5,1,95
BRDA:67,6,0,0
BRDA:71,7,0,0
BRDA:75,8,0,0
BRDA:79,9,0,0
BRDA:84,10,0,0
BRDA:94,11,0,0
BRDA:104,12,0,0
BRDA:127,13,0,0
BRDA:137,14,0,0
BRDA:151,15,0,0
BRDA:152,16,0,0
BRDA:153,17,0,0
BRDA:154,18,0,0
BRDA:155,19,0,0
BRF:28
BRH:10
end_of_record
TN:
SF:src\controllers\adminController.js
FN:8,(anonymous_0)
FN:19,(anonymous_1)
FN:29,(anonymous_2)
FNF:3
FNH:0
FNDA:0,(anonymous_0)
FNDA:0,(anonymous_1)
FNDA:0,(anonymous_2)
DA:8,1
DA:9,0
DA:11,0
DA:19,1
DA:20,0
DA:21,0
DA:23,0
DA:25,0
DA:29,1
DA:30,0
DA:31,0
DA:33,0
DA:35,0
LF:13
LH:3
BRDA:21,0,0,0
BRDA:21,0,1,0
BRDA:31,1,0,0
BRDA:31,1,1,0
BRF:4
BRH:0
end_of_record
TN:
SF:src\controllers\authController.js
FN:9,(anonymous_0)
FN:16,(anonymous_1)
FN:40,(anonymous_2)
FN:52,(anonymous_3)
FN:72,(anonymous_4)
FNF:5
FNH:0
FNDA:0,(anonymous_0)
FNDA:0,(anonymous_1)
FNDA:0,(anonymous_2)
FNDA:0,(anonymous_3)
FNDA:0,(anonymous_4)
DA:9,1
DA:11,0
DA:12,0
DA:13,0
DA:16,1
DA:18,0
DA:19,0
DA:22,0
DA:30,0
DA:31,0
DA:34,0
DA:40,1
DA:41,0
DA:43,0
DA:44,0
DA:47,0
DA:48,0
DA:49,0
DA:52,1
DA:53,0
DA:55,0
DA:56,0
DA:59,0
DA:62,0
DA:68,0
DA:69,0
DA:72,1
DA:73,0
DA:75,0
DA:76,0
DA:77,0
LF:31
LH:5
BRDA:30,0,0,0
BRDA:30,0,1,0
BRDA:30,1,0,0
BRDA:30,1,1,0
BRDA:43,2,0,0
BRDA:43,2,1,0
BRDA:55,3,0,0
BRDA:55,3,1,0
BRF:8
BRH:0
end_of_record
TN:
SF:src\controllers\commentController.js
FN:11,(anonymous_0)
FN:30,(anonymous_1)
FN:43,(anonymous_2)
FN:55,(anonymous_3)
FN:67,(anonymous_4)
FN:78,(anonymous_5)
FNF:6
FNH:0
FNDA:0,(anonymous_0)
FNDA:0,(anonymous_1)
FNDA:0,(anonymous_2)
FNDA:0,(anonymous_3)
FNDA:0,(anonymous_4)
FNDA:0,(anonymous_5)
DA:11,1
DA:12,0
DA:13,0
DA:15,0
DA:17,0
DA:19,0
DA:30,1
DA:31,0
DA:32,0
DA:34,0
DA:36,0
DA:43,1
DA:44,0
DA:45,0
DA:47,0
DA:49,0
DA:55,1
DA:56,0
DA:57,0
DA:59,0
DA:61,0
DA:67,1
DA:68,0
DA:70,0
DA:72,0
DA:78,1
DA:79,0
DA:80,0
DA:82,0
DA:84,0
LF:30
LH:6
BRDA:15,0,0,0
BRDA:15,0,1,0
BRDA:85,1,0,0
BRDA:85,1,1,0
BRF:4
BRH:0
end_of_record
TN:
SF:src\controllers\likeController.js
FN:10,(anonymous_0)
FN:33,(anonymous_1)
FN:56,(anonymous_2)
FN:65,(anonymous_3)
FN:66,(anonymous_4)
FN:66,(anonymous_5)
FN:87,(anonymous_6)
FN:104,(anonymous_7)
FN:122,(anonymous_8)
FN:138,(anonymous_9)
FN:161,(anonymous_10)
FN:186,(anonymous_11)
FN:201,(anonymous_12)
FN:210,(anonymous_13)
FN:211,(anonymous_14)
FN:211,(anonymous_15)
FNF:16
FNH:0
FNDA:0,(anonymous_0)
FNDA:0,(anonymous_1)
FNDA:0,(anonymous_2)
FNDA:0,(anonymous_3)
FNDA:0,(anonymous_4)
FNDA:0,(anonymous_5)
FNDA:0,(anonymous_6)
FNDA:0,(anonymous_7)
FNDA:0,(anonymous_8)
FNDA:0,(anonymous_9)
FNDA:0,(anonymous_10)
FNDA:0,(anonymous_11)
FNDA:0,(anonymous_12)
FNDA:0,(anonymous_13)
FNDA:0,(anonymous_14)
FNDA:0,(anonymous_15)
DA:10,1
DA:11,0
DA:12,0
DA:15,0
DA:17,0
DA:18,0
DA:25,0
DA:26,0
DA:29,0
DA:33,1
DA:34,0
DA:35,0
DA:38,0
DA:40,0
DA:41,0
DA:48,0
DA:49,0
DA:52,0
DA:56,1
DA:57,0
DA:58,0
DA:61,0
DA:62,0
DA:65,0
DA:66,0
DA:68,0
DA:69,0
DA:72,0
DA:73,0
DA:76,0
DA:77,0
DA:83,0
DA:87,1
DA:88,0
DA:91,0
DA:93,0
DA:94,0
DA:100,0
DA:104,1
DA:105,0
DA:106,0
DA:109,0
DA:111,0
DA:112,0
DA:118,0
DA:122,1
DA:123,0
DA:124,0
DA:127,0
DA:128,0
DA:134,0
DA:138,1
DA:139,0
DA:140,0
DA:143,0
DA:145,0
DA:146,0
DA:153,0
DA:154,0
DA:157,0
DA:161,1
DA:162,0
DA:163,0
DA:166,0
DA:167,0
DA:170,0
DA:171,0
DA:174,0
DA:175,0
DA:182,0
DA:186,1
DA:187,0
DA:190,0
DA:191,0
DA:197,0
DA:201,1
DA:202,0
DA:203,0
DA:206,0
DA:207,0
DA:210,0
DA:211,0
DA:213,0
DA:214,0
DA:217,0
DA:218,0
DA:221,0
DA:226,0
DA:227,0
DA:233,0
LF:90
LH:10
BRDA:25,0,0,0
BRDA:25,0,1,0
BRDA:48,1,0,0
BRDA:48,1,1,0
BRDA:61,2,0,0
BRDA:61,2,1,0
BRDA:65,3,0,0
BRDA:65,3,1,0
BRDA:68,4,0,0
BRDA:68,4,1,0
BRDA:72,5,0,0
BRDA:72,5,1,0
BRDA:153,6,0,0
BRDA:153,6,1,0
BRDA:166,7,0,0
BRDA:166,7,1,0
BRDA:166,8,0,0
BRDA:166,8,1,0
BRDA:170,9,0,0
BRDA:170,9,1,0
BRDA:206,10,0,0
BRDA:206,10,1,0
BRDA:210,11,0,0
BRDA:210,11,1,0
BRDA:213,12,0,0
BRDA:213,12,1,0
BRDA:217,13,0,0
BRDA:217,13,1,0
BRDA:221,14,0,0
BRDA:221,14,1,0
BRDA:230,15,0,0
BRDA:230,15,1,0
BRF:32
BRH:0
end_of_record
TN:
SF:src\controllers\optimizedPostController.js
FN:5,(anonymous_0)
FN:61,(anonymous_1)
FN:121,(anonymous_2)
FNF:3
FNH:0
FNDA:0,(anonymous_0)
FNDA:0,(anonymous_1)
FNDA:0,(anonymous_2)
DA:6,0
DA:7,0
DA:10,0
DA:12,0
DA:13,0
DA:17,0
DA:58,0
DA:61,0
DA:83,0
DA:85,0
DA:87,0
DA:108,0
DA:109,0
DA:122,0
DA:123,0
DA:124,0
DA:127,0
DA:129,0
DA:130,0
DA:134,0
DA:135,0
DA:136,0
DA:160,0
DA:163,0
DA:164,0
DA:165,0
DA:205,0
DA:207,0
DA:209,0
DA:210,0
DA:211,0
DA:212,0
DA:213,0
DA:215,0
DA:235,0
DA:236,0
LF:36
LH:0
BRDA:12,0,0,0
BRDA:12,0,1,0
BRDA:129,1,0,0
BRDA:129,1,1,0
BRF:4
BRH:0
end_of_record
TN:
SF:src\controllers\postController.js
FN:11,(anonymous_0)
FN:25,(anonymous_1)
FN:39,(anonymous_2)
FN:58,(anonymous_3)
FN:82,(anonymous_4)
FN:98,(anonymous_5)
FN:113,(anonymous_6)
FN:136,(anonymous_7)
FN:155,(anonymous_8)
FNF:9
FNH:0
FNDA:0,(anonymous_0)
FNDA:0,(anonymous_1)
FNDA:0,(anonymous_2)
FNDA:0,(anonymous_3)
FNDA:0,(anonymous_4)
FNDA:0,(anonymous_5)
FNDA:0,(anonymous_6)
FNDA:0,(anonymous_7)
FNDA:0,(anonymous_8)
DA:11,1
DA:12,0
DA:13,0
DA:16,0
DA:18,0
DA:19,0
DA:21,0
DA:25,1
DA:26,0
DA:27,0
DA:30,0
DA:32,0
DA:33,0
DA:35,0
DA:39,1
DA:40,0
DA:42,0
DA:44,0
DA:45,0
DA:47,0
DA:58,1
DA:59,0
DA:60,0
DA:62,0
DA:64,0
DA:65,0
DA:68,0
DA:69,0
DA:71,0
DA:82,1
DA:83,0
DA:84,0
DA:85,0
DA:88,0
DA:89,0
DA:91,0
DA:92,0
DA:94,0
DA:98,1
DA:99,0
DA:100,0
DA:101,0
DA:104,0
DA:106,0
DA:107,0
DA:109,0
DA:113,1
DA:114,0
DA:115,0
DA:117,0
DA:120,0
DA:122,0
DA:123,0
DA:125,0
DA:136,1
DA:137,0
DA:138,0
DA:140,0
DA:145,0
DA:147,0
DA:155,1
DA:156,0
DA:157,0
DA:160,0
DA:162,0
DA:163,0
DA:165,0
LF:67
LH:9
BRDA:50,0,0,0
BRDA:50,0,1,0
BRDA:51,1,0,0
BRDA:51,1,1,0
BRDA:52,2,0,0
BRDA:52,2,1,0
BRDA:64,3,0,0
BRDA:64,3,1,0
BRDA:138,4,0,0
BRDA:141,5,0,0
BRDA:141,5,1,0
BRDA:165,6,0,0
BRDA:165,6,1,0
BRF:13
BRH:0
end_of_record
TN:
SF:src\controllers\userController.js
FN:12,(anonymous_0)
FN:21,(anonymous_1)
FN:30,(anonymous_2)
FN:39,(anonymous_3)
FN:47,(anonymous_4)
FN:52,(anonymous_5)
FN:60,(anonymous_6)
FN:69,(anonymous_7)
FNF:8
FNH:0
FNDA:0,(anonymous_0)
FNDA:0,(anonymous_1)
FNDA:0,(anonymous_2)
FNDA:0,(anonymous_3)
FNDA:0,(anonymous_4)
FNDA:0,(anonymous_5)
FNDA:0,(anonymous_6)
FNDA:0,(anonymous_7)
DA:12,1
DA:13,0
DA:14,0
DA:21,1
DA:22,0
DA:23,0
DA:30,1
DA:31,0
DA:32,0
DA:39,1
DA:40,0
DA:41,0
DA:47,1
DA:48,0
DA:49,0
DA:52,1
DA:53,0
DA:54,0
DA:60,1
DA:61,0
DA:62,0
DA:69,1
DA:70,0
DA:71,0
LF:24
LH:8
BRF:0
BRH:0
end_of_record
TN:
SF:src\core\events\eventBus.js
FN:6,(anonymous_0)
FN:30,(anonymous_1)
FN:75,(anonymous_2)
FN:116,(anonymous_3)
FN:131,(anonymous_4)
FN:163,(anonymous_5)
FN:179,(anonymous_6)
FN:206,(anonymous_7)
FN:225,(anonymous_8)
FN:240,(anonymous_9)
FN:243,(anonymous_10)
FN:252,(anonymous_11)
FN:256,(anonymous_12)
FN:263,(anonymous_13)
FN:272,(anonymous_14)
FN:275,(anonymous_15)
FN:284,(anonymous_16)
FN:285,(anonymous_17)
FN:286,(anonymous_18)
FN:295,(anonymous_19)
FN:301,(anonymous_20)
FN:309,(anonymous_21)
FN:321,(anonymous_22)
FN:328,(anonymous_23)
FN:337,(anonymous_24)
FN:338,(anonymous_25)
FN:354,(anonymous_26)
FN:361,(anonymous_27)
FN:368,(anonymous_28)
FN:383,(anonymous_29)
FN:387,(anonymous_30)
FNF:31
FNH:1
FNDA:1,(anonymous_0)
FNDA:0,(anonymous_1)
FNDA:0,(anonymous_2)
FNDA:0,(anonymous_3)
FNDA:0,(anonymous_4)
FNDA:0,(anonymous_5)
FNDA:0,(anonymous_6)
FNDA:0,(anonymous_7)
FNDA:0,(anonymous_8)
FNDA:0,(anonymous_9)
FNDA:0,(anonymous_10)
FNDA:0,(anonymous_11)
FNDA:0,(anonymous_12)
FNDA:0,(anonymous_13)
FNDA:0,(anonymous_14)
FNDA:0,(anonymous_15)
FNDA:0,(anonymous_16)
FNDA:0,(anonymous_17)
FNDA:0,(anonymous_18)
FNDA:0,(anonymous_19)
FNDA:0,(anonymous_20)
FNDA:0,(anonymous_21)
FNDA:0,(anonymous_22)
FNDA:0,(anonymous_23)
FNDA:0,(anonymous_24)
FNDA:0,(anonymous_25)
FNDA:0,(anonymous_26)
FNDA:0,(anonymous_27)
FNDA:0,(anonymous_28)
FNDA:0,(anonymous_29)
FNDA:0,(anonymous_30)
DA:7,1
DA:10,1
DA:13,1
DA:20,1
DA:21,1
DA:22,1
DA:31,0
DA:33,0
DA:34,0
DA:35,0
DA:39,0
DA:40,0
DA:41,0
DA:45,0
DA:46,0
DA:50,0
DA:53,0
DA:63,0
DA:71,0
DA:73,0
DA:75,0
DA:76,0
DA:77,0
DA:80,0
DA:82,0
DA:91,0
DA:94,0
DA:97,0
DA:99,0
DA:106,0
DA:117,0
DA:119,0
DA:120,0
DA:123,0
DA:124,0
DA:128,0
DA:131,0
DA:132,0
DA:133,0
DA:136,0
DA:138,0
DA:147,0
DA:148,0
DA:154,0
DA:156,0
DA:163,0
DA:165,0
DA:170,0
DA:180,0
DA:181,0
DA:184,0
DA:188,0
DA:194,0
DA:207,0
DA:208,0
DA:211,0
DA:213,0
DA:215,0
DA:226,0
DA:227,0
DA:229,0
DA:233,0
DA:241,0
DA:243,0
DA:253,0
DA:254,0
DA:256,0
DA:257,0
DA:260,0
DA:263,0
DA:273,0
DA:275,0
DA:285,0
DA:286,0
DA:288,0
DA:289,0
DA:296,0
DA:301,0
DA:310,0
DA:315,0
DA:322,0
DA:329,0
DA:330,0
DA:333,0
DA:334,0
DA:337,0
DA:338,0
DA:339,0
DA:344,0
DA:345,0
DA:348,0
DA:355,0
DA:362,0
DA:369,0
DA:370,0
DA:371,0
DA:372,0
DA:374,0
DA:380,1
DA:383,1
DA:384,0
DA:387,1
DA:388,0
LF:103
LH:9
BRDA:30,0,0,0
BRDA:33,1,0,0
BRDA:33,1,1,0
BRDA:33,2,0,0
BRDA:33,2,1,0
BRDA:39,3,0,0
BRDA:39,3,1,0
BRDA:39,4,0,0
BRDA:39,4,1,0
BRDA:45,5,0,0
BRDA:45,5,1,0
BRDA:50,6,0,0
BRDA:50,6,1,0
BRDA:73,7,0,0
BRDA:73,7,1,0
BRDA:80,8,0,0
BRDA:80,8,1,0
BRDA:97,9,0,0
BRDA:97,9,1,0
BRDA:116,10,0,0
BRDA:119,11,0,0
BRDA:119,11,1,0
BRDA:119,12,0,0
BRDA:119,12,1,0
BRDA:123,13,0,0
BRDA:123,13,1,0
BRDA:128,14,0,0
BRDA:128,14,1,0
BRDA:136,15,0,0
BRDA:136,15,1,0
BRDA:143,16,0,0
BRDA:143,16,1,0
BRDA:147,17,0,0
BRDA:147,17,1,0
BRDA:158,18,0,0
BRDA:158,18,1,0
BRDA:168,19,0,0
BRDA:168,19,1,0
BRDA:185,20,0,0
BRDA:185,20,1,0
BRDA:190,21,0,0
BRDA:190,21,1,0
BRDA:197,22,0,0
BRDA:197,22,1,0
BRDA:288,23,0,0
BRDA:288,23,1,0
BRDA:329,24,0,0
BRDA:329,24,1,0
BRDA:329,25,0,0
BRDA:329,25,1,0
BRDA:338,26,0,0
BRDA:338,26,1,0
BRDA:344,27,0,0
BRDA:344,27,1,0
BRF:54
BRH:0
end_of_record
TN:
SF:src\core\events\eventTypes.js
FNF:0
FNH:0
DA:6,1
LF:1
LH:1
BRF:0
BRH:0
end_of_record
TN:
SF:src\docs\swagger.js
FNF:0
FNH:0
DA:4,1
DA:350,1
DA:352,1
LF:3
LH:3
BRDA:22,0,0,0
BRDA:22,0,1,1
BRDA:25,1,0,0
BRDA:25,1,1,1
BRF:4
BRH:2
end_of_record
TN:
SF:src\dto\comment.dto.js
FN:2,(anonymous_0)
FN:11,(anonymous_1)
FN:20,(anonymous_2)
FN:21,(anonymous_3)
FN:29,(anonymous_4)
FN:33,(anonymous_5)
FN:41,(anonymous_6)
FN:53,(anonymous_7)
FN:62,(anonymous_8)
FNF:9
FNH:0
FNDA:0,(anonymous_0)
FNDA:0,(anonymous_1)
FNDA:0,(anonymous_2)
FNDA:0,(anonymous_3)
FNDA:0,(anonymous_4)
FNDA:0,(anonymous_5)
FNDA:0,(anonymous_6)
FNDA:0,(anonymous_7)
FNDA:0,(anonymous_8)
DA:1,1
DA:2,0
DA:11,0
DA:20,0
DA:21,0
DA:29,0
DA:33,0
DA:41,0
DA:53,0
DA:62,0
LF:10
LH:1
BRDA:11,0,0,0
BRDA:19,1,0,0
BRDA:19,1,1,0
BRDA:20,2,0,0
BRDA:20,2,1,0
BRDA:21,3,0,0
BRDA:21,3,1,0
BRDA:28,4,0,0
BRDA:28,4,1,0
BRDA:29,5,0,0
BRDA:29,5,1,0
BRDA:35,6,0,0
BRDA:35,6,1,0
BRDA:38,7,0,0
BRDA:38,7,1,0
BRDA:49,8,0,0
BRDA:49,8,1,0
BRDA:53,9,0,0
BRDA:61,10,0,0
BRDA:61,10,1,0
BRDA:62,11,0,0
BRDA:62,11,1,0
BRF:22
BRH:0
end_of_record
TN:
SF:src\dto\user.dto.js
FN:2,(anonymous_0)
FN:9,(anonymous_1)
FN:20,(anonymous_2)
FN:30,(anonymous_3)
FN:36,(anonymous_4)
FN:49,(anonymous_5)
FNF:6
FNH:2
FNDA:0,(anonymous_0)
FNDA:4,(anonymous_1)
FNDA:1,(anonymous_2)
FNDA:0,(anonymous_3)
FNDA:0,(anonymous_4)
FNDA:0,(anonymous_5)
DA:1,2
DA:2,0
DA:9,4
DA:20,1
DA:30,0
DA:36,0
DA:49,0
LF:7
LH:3
BRF:0
BRH:0
end_of_record
TN:
SF:src\errors\errorCodes.js
FN:68,(anonymous_0)
FN:73,(anonymous_1)
FNF:2
FNH:0
FNDA:0,(anonymous_0)
FNDA:0,(anonymous_1)
DA:6,2
DA:68,2
DA:69,0
DA:73,2
DA:74,0
DA:75,0
DA:77,0
DA:78,0
DA:80,0
LF:9
LH:3
BRDA:74,0,0,0
BRDA:74,0,1,0
BRDA:74,1,0,0
BRDA:74,1,1,0
BRDA:74,1,2,0
BRDA:74,1,3,0
BRDA:77,2,0,0
BRDA:77,2,1,0
BRDA:77,3,0,0
BRDA:77,3,1,0
BRDA:77,3,2,0
BRDA:77,3,3,0
BRF:12
BRH:0
end_of_record
TN:
SF:src\errors\index.js
FNF:0
FNH:0
LF:0
LH:0
BRF:0
BRH:0
end_of_record
TN:
SF:src\middleware\asyncHandler.js
FN:1,(anonymous_0)
FN:1,(anonymous_1)
FN:2,(anonymous_2)
FN:2,(anonymous_3)
FNF:4
FNH:1
FNDA:17,(anonymous_0)
FNDA:0,(anonymous_1)
FNDA:0,(anonymous_2)
FNDA:0,(anonymous_3)
DA:1,17
DA:2,0
LF:2
LH:1
BRF:0
BRH:0
end_of_record
TN:
SF:src\middleware\authMiddleware.js
FN:4,(anonymous_0)
FN:21,(anonymous_1)
FNF:2
FNH:0
FNDA:0,(anonymous_0)
FNDA:0,(anonymous_1)
DA:4,1
DA:5,0
DA:6,0
DA:8,0
DA:9,0
DA:12,0
DA:13,0
DA:14,0
DA:17,0
DA:19,0
DA:22,0
DA:23,0
DA:26,0
DA:27,0
DA:30,0
DA:31,0
DA:34,0
LF:17
LH:1
BRDA:8,0,0,0
BRDA:8,0,1,0
BRDA:8,1,0,0
BRDA:8,1,1,0
BRDA:13,2,0,0
BRDA:13,2,1,0
BRDA:13,3,0,0
BRDA:13,3,1,0
BRDA:22,4,0,0
BRDA:22,4,1,0
BRDA:26,5,0,0
BRDA:26,5,1,0
BRDA:26,6,0,0
BRDA:26,6,1,0
BRDA:26,6,2,0
BRDA:26,6,3,0
BRF:16
BRH:0
end_of_record
TN:
SF:src\middleware\correlation.middleware.js
FN:13,(anonymous_0)
FN:72,(anonymous_1)
FN:91,(anonymous_2)
FN:92,(anonymous_3)
FN:118,(anonymous_4)
FN:158,(anonymous_5)
FN:189,(anonymous_6)
FN:193,(anonymous_7)
FN:214,(anonymous_8)
FN:218,(anonymous_9)
FN:231,(anonymous_10)
FN:241,(anonymous_11)
FNF:12
FNH:1
FNDA:0,(anonymous_0)
FNDA:0,(anonymous_1)
FNDA:0,(anonymous_2)
FNDA:0,(anonymous_3)
FNDA:0,(anonymous_4)
FNDA:0,(anonymous_5)
FNDA:1,(anonymous_6)
FNDA:0,(anonymous_7)
FNDA:0,(anonymous_8)
FNDA:0,(anonymous_9)
FNDA:0,(anonymous_10)
FNDA:0,(anonymous_11)
DA:13,1
DA:15,0
DA:16,0
DA:17,0
DA:20,0
DA:21,0
DA:22,0
DA:25,0
DA:26,0
DA:27,0
DA:30,0
DA:31,0
DA:32,0
DA:33,0
DA:34,0
DA:35,0
DA:36,0
DA:39,0
DA:40,0
DA:41,0
DA:42,0
DA:46,0
DA:47,0
DA:51,0
DA:52,0
DA:65,0
DA:66,0
DA:71,0
DA:72,0
DA:74,0
DA:79,0
DA:82,0
DA:91,1
DA:92,0
DA:93,0
DA:94,0
DA:97,0
DA:98,0
DA:101,0
DA:104,0
DA:105,0
DA:106,0
DA:108,0
DA:118,1
DA:119,0
DA:122,0
DA:123,0
DA:124,0
DA:125,0
DA:126,0
DA:127,0
DA:132,0
DA:133,0
DA:134,0
DA:135,0
DA:136,0
DA:140,0
DA:141,0
DA:143,0
DA:144,0
DA:146,0
DA:147,0
DA:150,0
DA:158,1
DA:159,0
DA:168,0
DA:169,0
DA:173,0
DA:174,0
DA:175,0
DA:176,0
DA:178,0
DA:190,1
DA:195,0
DA:198,0
DA:199,0
DA:200,0
DA:203,0
DA:204,0
DA:207,0
DA:208,0
DA:209,0
DA:215,0
DA:219,0
DA:224,1
DA:231,1
DA:232,0
DA:241,0
DA:242,0
LF:89
LH:7
BRDA:15,0,0,0
BRDA:15,0,1,0
BRDA:16,1,0,0
BRDA:16,1,1,0
BRDA:34,2,0,0
BRDA:34,2,1,0
BRDA:36,3,0,0
BRDA:36,3,1,0
BRDA:39,4,0,0
BRDA:39,4,1,0
BRDA:46,5,0,0
BRDA:46,5,1,0
BRDA:57,6,0,0
BRDA:57,6,1,0
BRDA:59,7,0,0
BRDA:59,7,1,0
BRDA:65,8,0,0
BRDA:65,8,1,0
BRDA:122,9,0,0
BRDA:122,9,1,0
BRDA:125,10,0,0
BRDA:125,10,1,0
BRDA:132,11,0,0
BRDA:132,11,1,0
BRDA:140,12,0,0
BRDA:140,12,1,0
BRDA:143,13,0,0
BRDA:143,13,1,0
BRDA:146,14,0,0
BRDA:146,14,1,0
BRDA:158,15,0,0
BRDA:168,16,0,0
BRDA:168,16,1,0
BRDA:168,17,0,0
BRDA:168,17,1,0
BRDA:238,18,0,0
BRDA:238,18,1,0
BRF:37
BRH:0
end_of_record
TN:
SF:src\middleware\error-tracking.middleware.js
FN:11,(anonymous_0)
FN:56,extractErrorContext
FN:84,getComponentFromRequest
FN:103,getOperationFromRequest
FN:109,(anonymous_4)
FN:118,sanitizeRequestBody
FN:128,(anonymous_6)
FN:137,(anonymous_7)
FN:150,sanitizeHeaders
FN:172,handleAlert
FN:203,sendToAlertingSystem
FN:229,(anonymous_11)
FN:236,(anonymous_12)
FN:255,getDocumentationLink
FN:276,(anonymous_14)
FN:280,(anonymous_15)
FN:293,(anonymous_16)
FN:299,(anonymous_17)
FN:338,(anonymous_18)
FNF:19
FNH:1
FNDA:0,(anonymous_0)
FNDA:0,extractErrorContext
FNDA:0,getComponentFromRequest
FNDA:0,getOperationFromRequest
FNDA:0,(anonymous_4)
FNDA:0,sanitizeRequestBody
FNDA:0,(anonymous_6)
FNDA:0,(anonymous_7)
FNDA:0,sanitizeHeaders
FNDA:0,handleAlert
FNDA:0,sendToAlertingSystem
FNDA:0,(anonymous_11)
FNDA:0,(anonymous_12)
FNDA:0,getDocumentationLink
FNDA:1,(anonymous_14)
FNDA:0,(anonymous_15)
FNDA:0,(anonymous_16)
FNDA:0,(anonymous_17)
FNDA:0,(anonymous_18)
DA:11,1
DA:12,0
DA:14,0
DA:17,0
DA:20,0
DA:22,0
DA:23,0
DA:27,0
DA:28,0
DA:29,0
DA:32,0
DA:43,0
DA:50,0
DA:57,0
DA:85,0
DA:87,0
DA:88,0
DA:89,0
DA:90,0
DA:91,0
DA:92,0
DA:93,0
DA:94,0
DA:95,0
DA:97,0
DA:104,0
DA:105,0
DA:106,0
DA:109,0
DA:110,0
DA:112,0
DA:119,0
DA:121,0
DA:126,0
DA:128,0
DA:129,0
DA:130,0
DA:132,0
DA:135,0
DA:136,0
DA:137,0
DA:138,0
DA:139,0
DA:140,0
DA:144,0
DA:151,0
DA:153,0
DA:158,0
DA:160,0
DA:161,0
DA:162,0
DA:166,0
DA:173,0
DA:188,0
DA:189,0
DA:191,0
DA:195,0
DA:196,0
DA:212,0
DA:229,1
DA:230,0
DA:231,0
DA:234,0
DA:235,0
DA:236,0
DA:237,0
DA:245,0
DA:249,0
DA:256,0
DA:257,0
DA:260,0
DA:268,0
DA:276,1
DA:277,1
DA:278,1
DA:280,1
DA:281,0
DA:282,0
DA:285,0
DA:286,0
DA:287,0
DA:292,0
DA:293,0
DA:294,0
DA:295,0
DA:296,0
DA:299,0
DA:300,0
DA:303,0
DA:304,0
DA:314,0
DA:315,0
DA:326,0
DA:329,0
DA:338,1
DA:340,0
DA:357,0
LF:97
LH:7
BRDA:22,0,0,0
BRDA:22,0,1,0
BRDA:60,1,0,0
BRDA:60,1,1,0
BRDA:64,2,0,0
BRDA:64,2,1,0
BRDA:77,3,0,0
BRDA:77,3,1,0
BRDA:85,4,0,0
BRDA:85,4,1,0
BRDA:85,4,2,0
BRDA:87,5,0,0
BRDA:87,5,1,0
BRDA:88,6,0,0
BRDA:88,6,1,0
BRDA:89,7,0,0
BRDA:89,7,1,0
BRDA:90,8,0,0
BRDA:90,8,1,0
BRDA:91,9,0,0
BRDA:91,9,1,0
BRDA:92,10,0,0
BRDA:92,10,1,0
BRDA:93,11,0,0
BRDA:93,11,1,0
BRDA:94,12,0,0
BRDA:94,12,1,0
BRDA:95,13,0,0
BRDA:95,13,1,0
BRDA:106,14,0,0
BRDA:106,14,1,0
BRDA:106,14,2,0
BRDA:106,14,3,0
BRDA:109,15,0,0
BRDA:109,15,1,0
BRDA:110,16,0,0
BRDA:110,16,1,0
BRDA:119,17,0,0
BRDA:119,17,1,0
BRDA:119,18,0,0
BRDA:119,18,1,0
BRDA:126,19,0,0
BRDA:126,19,1,0
BRDA:129,20,0,0
BRDA:129,20,1,0
BRDA:129,21,0,0
BRDA:129,21,1,0
BRDA:137,22,0,0
BRDA:137,22,1,0
BRDA:139,23,0,0
BRDA:139,23,1,0
BRDA:139,24,0,0
BRDA:139,24,1,0
BRDA:151,25,0,0
BRDA:151,25,1,0
BRDA:151,26,0,0
BRDA:151,26,1,0
BRDA:161,27,0,0
BRDA:161,27,1,0
BRDA:188,28,0,0
BRDA:188,28,1,0
BRDA:195,29,0,0
BRDA:195,29,1,0
BRDA:234,30,0,0
BRDA:234,30,1,0
BRDA:268,31,0,0
BRDA:268,31,1,0
BRDA:286,32,0,0
BRDA:286,32,1,0
BRDA:294,33,0,0
BRDA:294,33,1,0
BRDA:295,34,0,0
BRDA:295,34,1,0
BRDA:303,35,0,0
BRDA:303,35,1,0
BRDA:314,36,0,0
BRDA:314,36,1,0
BRDA:351,37,0,0
BRDA:351,37,1,0
BRDA:352,38,0,0
BRDA:352,38,1,0
BRDA:353,39,0,0
BRDA:353,39,1,0
BRF:83
BRH:0
end_of_record
TN:
SF:src\middleware\error.middleware.js
FN:8,(anonymous_0)
FN:45,(anonymous_1)
FN:91,(anonymous_2)
FN:92,(anonymous_3)
FN:103,(anonymous_4)
FN:104,(anonymous_5)
FNF:6
FNH:2
FNDA:0,(anonymous_0)
FNDA:0,(anonymous_1)
FNDA:1,(anonymous_2)
FNDA:0,(anonymous_3)
FNDA:1,(anonymous_4)
FNDA:0,(anonymous_5)
DA:9,0
DA:17,0
DA:18,0
DA:22,0
DA:23,0
DA:24,0
DA:25,0
DA:27,0
DA:28,0
DA:32,0
DA:33,0
DA:41,0
DA:45,1
DA:47,0
DA:48,0
DA:49,0
DA:52,0
DA:55,0
DA:71,0
DA:74,0
DA:75,0
DA:81,0
DA:82,0
DA:86,0
DA:87,0
DA:91,1
DA:92,1
DA:93,0
DA:103,1
DA:104,1
DA:105,0
DA:115,0
DA:116,0
LF:33
LH:5
BRDA:11,0,0,0
BRDA:11,0,1,0
BRDA:12,1,0,0
BRDA:12,1,1,0
BRDA:17,2,0,0
BRDA:17,2,1,0
BRDA:23,3,0,0
BRDA:23,3,1,0
BRDA:24,4,0,0
BRDA:24,4,1,0
BRDA:25,5,0,0
BRDA:25,5,1,0
BRDA:27,6,0,0
BRDA:27,6,1,0
BRDA:32,7,0,0
BRDA:32,7,1,0
BRDA:35,8,0,0
BRDA:35,8,1,0
BRDA:36,9,0,0
BRDA:36,9,1,0
BRDA:47,10,0,0
BRDA:47,10,1,0
BRDA:47,11,0,0
BRDA:47,11,1,0
BRDA:48,12,0,0
BRDA:48,12,1,0
BRDA:48,13,0,0
BRDA:48,13,1,0
BRDA:49,14,0,0
BRDA:49,14,1,0
BRDA:49,15,0,0
BRDA:49,15,1,0
BRDA:52,16,0,0
BRDA:52,16,1,0
BRDA:61,17,0,0
BRDA:61,17,1,0
BRDA:71,18,0,0
BRDA:71,18,1,0
BRDA:74,19,0,0
BRDA:74,19,1,0
BRDA:74,20,0,0
BRDA:74,20,1,0
BRF:42
BRH:0
end_of_record
TN:
SF:src\middleware\index.js
FNF:0
FNH:0
LF:0
LH:0
BRF:0
BRH:0
end_of_record
TN:
SF:src\middleware\rateLimit.middleware.js
FN:17,(anonymous_0)
FN:23,(anonymous_1)
FN:48,(anonymous_2)
FN:71,(anonymous_3)
FN:86,(anonymous_4)
FN:101,(anonymous_5)
FN:117,(anonymous_6)
FN:125,(anonymous_7)
FN:162,(anonymous_8)
FN:163,(anonymous_9)
FN:175,parseSize
FNF:11
FNH:1
FNDA:0,(anonymous_0)
FNDA:0,(anonymous_1)
FNDA:0,(anonymous_2)
FNDA:0,(anonymous_3)
FNDA:0,(anonymous_4)
FNDA:0,(anonymous_5)
FNDA:0,(anonymous_6)
FNDA:0,(anonymous_7)
FNDA:1,(anonymous_8)
FNDA:0,(anonymous_9)
FNDA:0,parseSize
DA:6,1
DA:19,0
DA:24,0
DA:25,0
DA:27,0
DA:44,1
DA:49,0
DA:51,0
DA:68,1
DA:72,0
DA:83,1
DA:87,0
DA:98,1
DA:102,0
DA:114,1
DA:117,0
DA:123,1
DA:125,1
DA:126,0
DA:127,0
DA:130,0
DA:131,0
DA:132,0
DA:135,0
DA:136,0
DA:145,0
DA:146,0
DA:150,0
DA:151,0
DA:152,0
DA:153,0
DA:158,0
DA:162,1
DA:163,1
DA:164,0
DA:165,0
DA:166,0
DA:171,0
DA:176,0
DA:177,0
DA:178,0
DA:179,0
LF:42
LH:10
BRDA:19,0,0,0
BRDA:19,0,1,0
BRDA:19,0,2,0
BRDA:126,1,0,0
BRDA:126,1,1,0
BRDA:127,2,0,0
BRDA:127,2,1,0
BRDA:130,3,0,0
BRDA:130,3,1,0
BRDA:130,4,0,0
BRDA:130,4,1,0
BRDA:130,4,2,0
BRDA:131,5,0,0
BRDA:131,5,1,0
BRDA:135,6,0,0
BRDA:135,6,1,0
BRDA:145,7,0,0
BRDA:145,7,1,0
BRDA:150,8,0,0
BRDA:150,8,1,0
BRDA:152,9,0,0
BRDA:152,9,1,0
BRDA:162,10,0,0
BRDA:165,11,0,0
BRDA:165,11,1,0
BRDA:165,12,0,0
BRDA:165,12,1,0
BRDA:178,13,0,0
BRDA:178,13,1,0
BRF:29
BRH:0
end_of_record
TN:
SF:src\middleware\rbac.middleware.js
FN:4,(anonymous_0)
FN:5,(anonymous_1)
FN:18,(anonymous_2)
FN:19,(anonymous_3)
FN:32,(anonymous_4)
FN:33,(anonymous_5)
FN:46,(anonymous_6)
FN:47,(anonymous_7)
FN:60,(anonymous_8)
FN:61,(anonymous_9)
FN:74,(anonymous_10)
FN:75,(anonymous_11)
FN:88,(anonymous_12)
FN:89,(anonymous_13)
FN:105,(anonymous_14)
FN:106,(anonymous_15)
FNF:16
FNH:1
FNDA:0,(anonymous_0)
FNDA:0,(anonymous_1)
FNDA:0,(anonymous_2)
FNDA:0,(anonymous_3)
FNDA:0,(anonymous_4)
FNDA:0,(anonymous_5)
FNDA:0,(anonymous_6)
FNDA:0,(anonymous_7)
FNDA:0,(anonymous_8)
FNDA:0,(anonymous_9)
FNDA:2,(anonymous_10)
FNDA:0,(anonymous_11)
FNDA:0,(anonymous_12)
FNDA:0,(anonymous_13)
FNDA:0,(anonymous_14)
FNDA:0,(anonymous_15)
DA:4,1
DA:5,0
DA:6,0
DA:7,0
DA:10,0
DA:11,0
DA:14,0
DA:18,1
DA:19,0
DA:20,0
DA:21,0
DA:24,0
DA:25,0
DA:28,0
DA:32,1
DA:33,0
DA:34,0
DA:35,0
DA:38,0
DA:39,0
DA:42,0
DA:46,1
DA:47,0
DA:48,0
DA:49,0
DA:52,0
DA:53,0
DA:56,0
DA:60,1
DA:61,0
DA:62,0
DA:63,0
DA:66,0
DA:67,0
DA:70,0
DA:74,1
DA:75,2
DA:76,0
DA:77,0
DA:80,0
DA:81,0
DA:84,0
DA:88,1
DA:89,0
DA:90,0
DA:91,0
DA:94,0
DA:95,0
DA:97,0
DA:98,0
DA:101,0
DA:105,1
DA:106,0
DA:107,0
DA:108,0
DA:111,0
DA:112,0
DA:113,0
DA:114,0
DA:116,0
DA:118,0
LF:61
LH:9
BRDA:6,0,0,0
BRDA:6,0,1,0
BRDA:10,1,0,0
BRDA:10,1,1,0
BRDA:20,2,0,0
BRDA:20,2,1,0
BRDA:24,3,0,0
BRDA:24,3,1,0
BRDA:34,4,0,0
BRDA:34,4,1,0
BRDA:38,5,0,0
BRDA:38,5,1,0
BRDA:48,6,0,0
BRDA:48,6,1,0
BRDA:52,7,0,0
BRDA:52,7,1,0
BRDA:62,8,0,0
BRDA:62,8,1,0
BRDA:66,9,0,0
BRDA:66,9,1,0
BRDA:76,10,0,0
BRDA:76,10,1,0
BRDA:80,11,0,0
BRDA:80,11,1,0
BRDA:88,12,0,0
BRDA:88,13,0,0
BRDA:90,14,0,0
BRDA:90,14,1,0
BRDA:95,15,0,0
BRDA:95,15,1,0
BRDA:97,16,0,0
BRDA:97,16,1,0
BRDA:97,17,0,0
BRDA:97,17,1,0
BRDA:97,17,2,0
BRDA:107,18,0,0
BRDA:107,18,1,0
BRDA:113,19,0,0
BRDA:113,19,1,0
BRF:39
BRH:0
end_of_record
TN:
SF:src\middleware\request-tracking.middleware.js
FN:14,(anonymous_0)
FN:23,(anonymous_1)
FN:108,(anonymous_2)
FN:111,(anonymous_3)
FN:137,mapRequestToBusinessEvent
FN:209,(anonymous_5)
FN:227,getComponentFromPath
FN:241,sanitizeRequestBody
FN:259,sanitizeHeaders
FN:280,(anonymous_9)
FN:284,(anonymous_10)
FN:328,(anonymous_11)
FN:332,(anonymous_12)
FN:340,(anonymous_13)
FN:348,(anonymous_14)
FNF:15
FNH:1
FNDA:0,(anonymous_0)
FNDA:0,(anonymous_1)
FNDA:0,(anonymous_2)
FNDA:0,(anonymous_3)
FNDA:0,mapRequestToBusinessEvent
FNDA:0,(anonymous_5)
FNDA:0,getComponentFromPath
FNDA:0,sanitizeRequestBody
FNDA:0,sanitizeHeaders
FNDA:1,(anonymous_9)
FNDA:0,(anonymous_10)
FNDA:0,(anonymous_11)
FNDA:0,(anonymous_12)
FNDA:0,(anonymous_13)
FNDA:0,(anonymous_14)
DA:14,1
DA:15,0
DA:16,0
DA:19,0
DA:22,0
DA:23,0
DA:24,0
DA:25,0
DA:26,0
DA:27,0
DA:30,0
DA:33,0
DA:46,0
DA:47,0
DA:59,0
DA:60,0
DA:71,0
DA:72,0
DA:85,0
DA:86,0
DA:97,0
DA:100,0
DA:108,1
DA:110,0
DA:111,0
DA:113,0
DA:114,0
DA:115,0
DA:116,0
DA:128,0
DA:131,0
DA:138,0
DA:139,0
DA:142,0
DA:143,0
DA:149,0
DA:150,0
DA:156,0
DA:157,0
DA:164,0
DA:165,0
DA:171,0
DA:172,0
DA:178,0
DA:179,0
DA:186,0
DA:187,0
DA:194,0
DA:195,0
DA:201,0
DA:209,1
DA:211,0
DA:221,0
DA:228,0
DA:229,0
DA:230,0
DA:231,0
DA:232,0
DA:233,0
DA:234,0
DA:235,0
DA:242,0
DA:244,0
DA:245,0
DA:247,0
DA:248,0
DA:249,0
DA:253,0
DA:260,0
DA:262,0
DA:263,0
DA:265,0
DA:266,0
DA:267,0
DA:271,0
DA:281,1
DA:285,0
DA:286,0
DA:289,0
DA:291,0
DA:293,0
DA:298,0
DA:301,0
DA:310,0
DA:312,0
DA:315,0
DA:324,0
DA:329,0
DA:333,0
DA:341,0
DA:349,0
DA:354,1
LF:92
LH:5
BRDA:35,0,0,0
BRDA:35,0,1,0
BRDA:46,1,0,0
BRDA:46,1,1,0
BRDA:49,2,0,0
BRDA:49,2,1,0
BRDA:59,3,0,0
BRDA:59,3,1,0
BRDA:62,4,0,0
BRDA:62,4,1,0
BRDA:63,5,0,0
BRDA:63,5,1,0
BRDA:71,6,0,0
BRDA:71,6,1,0
BRDA:74,7,0,0
BRDA:74,7,1,0
BRDA:76,8,0,0
BRDA:76,8,1,0
BRDA:85,9,0,0
BRDA:85,9,1,0
BRDA:88,10,0,0
BRDA:88,10,1,0
BRDA:89,11,0,0
BRDA:89,11,1,0
BRDA:113,12,0,0
BRDA:113,12,1,0
BRDA:113,13,0,0
BRDA:113,13,1,0
BRDA:115,14,0,0
BRDA:115,14,1,0
BRDA:118,15,0,0
BRDA:118,15,1,0
BRDA:142,16,0,0
BRDA:142,16,1,0
BRDA:142,17,0,0
BRDA:142,17,1,0
BRDA:149,18,0,0
BRDA:149,18,1,0
BRDA:149,19,0,0
BRDA:149,19,1,0
BRDA:156,20,0,0
BRDA:156,20,1,0
BRDA:156,21,0,0
BRDA:156,21,1,0
BRDA:164,22,0,0
BRDA:164,22,1,0
BRDA:164,23,0,0
BRDA:164,23,1,0
BRDA:171,24,0,0
BRDA:171,24,1,0
BRDA:171,25,0,0
BRDA:171,25,1,0
BRDA:178,26,0,0
BRDA:178,26,1,0
BRDA:178,27,0,0
BRDA:178,27,1,0
BRDA:186,28,0,0
BRDA:186,28,1,0
BRDA:186,29,0,0
BRDA:186,29,1,0
BRDA:194,30,0,0
BRDA:194,30,1,0
BRDA:194,31,0,0
BRDA:194,31,1,0
BRDA:213,32,0,0
BRDA:213,32,1,0
BRDA:228,33,0,0
BRDA:228,33,1,0
BRDA:229,34,0,0
BRDA:229,34,1,0
BRDA:230,35,0,0
BRDA:230,35,1,0
BRDA:231,36,0,0
BRDA:231,36,1,0
BRDA:232,37,0,0
BRDA:232,37,1,0
BRDA:233,38,0,0
BRDA:233,38,1,0
BRDA:234,39,0,0
BRDA:234,39,1,0
BRDA:242,40,0,0
BRDA:242,40,1,0
BRDA:248,41,0,0
BRDA:248,41,1,0
BRDA:260,42,0,0
BRDA:260,42,1,0
BRDA:266,43,0,0
BRDA:266,43,1,0
BRDA:280,44,0,1
BRDA:284,45,0,0
BRDA:285,46,0,0
BRDA:285,46,1,0
BRDA:289,47,0,0
BRDA:289,47,1,0
BRDA:303,48,0,0
BRDA:303,48,1,0
BRDA:317,49,0,0
BRDA:317,49,1,0
BRDA:328,50,0,0
BRDA:332,51,0,0
BRDA:340,52,0,0
BRDA:348,53,0,0
BRF:102
BRH:1
end_of_record
TN:
SF:src\middleware\security.middleware.js
FN:38,(anonymous_0)
FN:73,(anonymous_1)
FN:98,sanitizeInput
FN:115,sanitizeString
FN:127,(anonymous_4)
FN:140,(anonymous_5)
FN:142,(anonymous_6)
FN:147,(anonymous_7)
FN:179,(anonymous_8)
FN:185,generateRequestId
FN:190,(anonymous_10)
FN:191,(anonymous_11)
FN:197,(anonymous_12)
FN:209,(anonymous_13)
FN:210,(anonymous_14)
FN:226,(anonymous_15)
FNF:16
FNH:0
FNDA:0,(anonymous_0)
FNDA:0,(anonymous_1)
FNDA:0,sanitizeInput
FNDA:0,sanitizeString
FNDA:0,(anonymous_4)
FNDA:0,(anonymous_5)
FNDA:0,(anonymous_6)
FNDA:0,(anonymous_7)
FNDA:0,(anonymous_8)
FNDA:0,generateRequestId
FNDA:0,(anonymous_10)
FNDA:0,(anonymous_11)
FNDA:0,(anonymous_12)
FNDA:0,(anonymous_13)
FNDA:0,(anonymous_14)
FNDA:0,(anonymous_15)
DA:6,1
DA:37,1
DA:39,0
DA:47,0
DA:49,0
DA:50,0
DA:52,0
DA:73,1
DA:75,0
DA:76,0
DA:80,0
DA:81,0
DA:85,0
DA:86,0
DA:90,0
DA:91,0
DA:94,0
DA:99,0
DA:100,0
DA:103,0
DA:104,0
DA:107,0
DA:108,0
DA:109,0
DA:110,0
DA:112,0
DA:116,0
DA:118,0
DA:127,1
DA:129,0
DA:130,0
DA:133,0
DA:140,0
DA:141,0
DA:142,0
DA:144,0
DA:147,0
DA:148,0
DA:149,0
DA:150,0
DA:151,0
DA:152,0
DA:153,0
DA:154,0
DA:155,0
DA:159,0
DA:161,0
DA:164,0
DA:165,0
DA:166,0
DA:168,0
DA:169,0
DA:175,0
DA:179,1
DA:180,0
DA:181,0
DA:182,0
DA:186,0
DA:190,1
DA:191,0
DA:192,0
DA:193,0
DA:196,0
DA:197,0
DA:198,0
DA:204,0
DA:209,1
DA:210,0
DA:211,0
DA:213,0
DA:214,0
DA:215,0
DA:221,0
DA:226,1
DA:227,0
DA:235,0
LF:76
LH:8
BRDA:47,0,0,0
BRDA:47,0,1,0
BRDA:49,1,0,0
BRDA:49,1,1,0
BRDA:75,2,0,0
BRDA:75,2,1,0
BRDA:80,3,0,0
BRDA:80,3,1,0
BRDA:80,4,0,0
BRDA:80,4,1,0
BRDA:80,4,2,0
BRDA:85,5,0,0
BRDA:85,5,1,0
BRDA:85,6,0,0
BRDA:85,6,1,0
BRDA:85,6,2,0
BRDA:90,7,0,0
BRDA:90,7,1,0
BRDA:90,8,0,0
BRDA:90,8,1,0
BRDA:90,8,2,0
BRDA:99,9,0,0
BRDA:99,9,1,0
BRDA:99,10,0,0
BRDA:99,10,1,0
BRDA:99,10,2,0
BRDA:99,10,3,0
BRDA:103,11,0,0
BRDA:103,11,1,0
BRDA:108,12,0,0
BRDA:108,12,1,0
BRDA:108,13,0,0
BRDA:108,13,1,0
BRDA:116,14,0,0
BRDA:116,14,1,0
BRDA:129,15,0,0
BRDA:129,15,1,0
BRDA:129,16,0,0
BRDA:129,16,1,0
BRDA:141,17,0,0
BRDA:141,17,1,0
BRDA:148,18,0,0
BRDA:148,18,1,0
BRDA:148,19,0,0
BRDA:148,19,1,0
BRDA:150,20,0,0
BRDA:150,20,1,0
BRDA:150,21,0,0
BRDA:150,21,1,0
BRDA:152,22,0,0
BRDA:152,22,1,0
BRDA:152,23,0,0
BRDA:152,23,1,0
BRDA:153,24,0,0
BRDA:153,24,1,0
BRDA:154,25,0,0
BRDA:154,25,1,0
BRDA:164,26,0,0
BRDA:164,26,1,0
BRDA:164,27,0,0
BRDA:164,27,1,0
BRDA:165,28,0,0
BRDA:165,28,1,0
BRDA:165,29,0,0
BRDA:165,29,1,0
BRDA:166,30,0,0
BRDA:166,30,1,0
BRDA:166,31,0,0
BRDA:166,31,1,0
BRDA:168,32,0,0
BRDA:168,32,1,0
BRDA:168,33,0,0
BRDA:168,33,1,0
BRDA:168,33,2,0
BRDA:180,34,0,0
BRDA:180,34,1,0
BRDA:190,35,0,0
BRDA:192,36,0,0
BRDA:192,36,1,0
BRDA:192,37,0,0
BRDA:192,37,1,0
BRDA:192,37,2,0
BRDA:197,38,0,0
BRDA:197,38,1,0
BRDA:197,39,0,0
BRDA:197,39,1,0
BRDA:209,40,0,0
BRDA:211,41,0,0
BRDA:211,41,1,0
BRDA:213,42,0,0
BRDA:213,42,1,0
BRDA:214,43,0,0
BRDA:214,43,1,0
BRF:93
BRH:0
end_of_record
TN:
SF:src\middleware\slowRequest.middleware.js
FN:6,(anonymous_0)
FN:11,(anonymous_1)
FNF:2
FNH:0
FNDA:0,(anonymous_0)
FNDA:0,(anonymous_1)
DA:6,1
DA:7,0
DA:10,0
DA:11,0
DA:12,0
DA:14,0
DA:15,0
DA:26,0
DA:29,0
LF:9
LH:1
BRDA:14,0,0,0
BRDA:14,0,1,0
BRDA:21,1,0,0
BRDA:21,1,1,0
BRF:4
BRH:0
end_of_record
TN:
SF:src\middleware\tracing.middleware.js
FN:19,(anonymous_0)
FN:27,(anonymous_1)
FN:32,(anonymous_2)
FN:49,(anonymous_3)
FN:79,(anonymous_4)
FN:87,(anonymous_5)
FN:102,(anonymous_6)
FN:119,(anonymous_7)
FN:141,(anonymous_8)
FN:153,(anonymous_9)
FN:157,(anonymous_10)
FN:175,(anonymous_11)
FN:199,(anonymous_12)
FN:203,(anonymous_13)
FN:219,(anonymous_14)
FN:248,(anonymous_15)
FN:255,(anonymous_16)
FN:288,getBusinessOperation
FN:346,(anonymous_18)
FN:355,(anonymous_19)
FN:394,(anonymous_20)
FN:422,(anonymous_21)
FN:430,(anonymous_22)
FN:431,(anonymous_23)
FN:439,(anonymous_24)
FN:461,(anonymous_25)
FN:468,(anonymous_26)
FN:508,getTraceStatistics
FN:514,(anonymous_28)
FN:518,(anonymous_29)
FN:526,(anonymous_30)
FNF:31
FNH:0
FNDA:0,(anonymous_0)
FNDA:0,(anonymous_1)
FNDA:0,(anonymous_2)
FNDA:0,(anonymous_3)
FNDA:0,(anonymous_4)
FNDA:0,(anonymous_5)
FNDA:0,(anonymous_6)
FNDA:0,(anonymous_7)
FNDA:0,(anonymous_8)
FNDA:0,(anonymous_9)
FNDA:0,(anonymous_10)
FNDA:0,(anonymous_11)
FNDA:0,(anonymous_12)
FNDA:0,(anonymous_13)
FNDA:0,(anonymous_14)
FNDA:0,(anonymous_15)
FNDA:0,(anonymous_16)
FNDA:0,getBusinessOperation
FNDA:0,(anonymous_18)
FNDA:0,(anonymous_19)
FNDA:0,(anonymous_20)
FNDA:0,(anonymous_21)
FNDA:0,(anonymous_22)
FNDA:0,(anonymous_23)
FNDA:0,(anonymous_24)
FNDA:0,(anonymous_25)
FNDA:0,(anonymous_26)
FNDA:0,getTraceStatistics
FNDA:0,(anonymous_28)
FNDA:0,(anonymous_29)
FNDA:0,(anonymous_30)
DA:10,1
DA:19,1
DA:20,0
DA:21,0
DA:25,0
DA:26,0
DA:27,0
DA:28,0
DA:29,0
DA:31,0
DA:33,0
DA:34,0
DA:37,0
DA:45,0
DA:47,0
DA:50,0
DA:51,0
DA:54,0
DA:63,0
DA:64,0
DA:66,0
DA:71,0
DA:79,1
DA:80,0
DA:81,0
DA:85,0
DA:86,0
DA:87,0
DA:88,0
DA:89,0
DA:92,0
DA:101,0
DA:103,0
DA:105,0
DA:106,0
DA:108,0
DA:109,0
DA:111,0
DA:114,0
DA:115,0
DA:117,0
DA:120,0
DA:122,0
DA:123,0
DA:124,0
DA:126,0
DA:128,0
DA:133,0
DA:141,1
DA:142,0
DA:143,0
DA:147,0
DA:148,0
DA:151,0
DA:152,0
DA:153,0
DA:154,0
DA:156,0
DA:158,0
DA:159,0
DA:161,0
DA:170,0
DA:171,0
DA:173,0
DA:176,0
DA:178,0
DA:188,0
DA:189,0
DA:191,0
DA:197,0
DA:198,0
DA:199,0
DA:200,0
DA:202,0
DA:204,0
DA:206,0
DA:214,0
DA:215,0
DA:217,0
DA:220,0
DA:222,0
DA:231,0
DA:232,0
DA:234,0
DA:240,0
DA:248,1
DA:249,0
DA:250,0
DA:254,0
DA:255,0
DA:257,0
DA:259,0
DA:260,0
DA:270,0
DA:271,0
DA:273,0
DA:276,0
DA:279,0
DA:282,0
DA:289,0
DA:290,0
DA:293,0
DA:294,0
DA:296,0
DA:297,0
DA:299,0
DA:300,0
DA:304,0
DA:305,0
DA:307,0
DA:308,0
DA:310,0
DA:311,0
DA:313,0
DA:314,0
DA:318,0
DA:319,0
DA:321,0
DA:322,0
DA:326,0
DA:327,0
DA:329,0
DA:330,0
DA:334,0
DA:335,0
DA:338,0
DA:346,1
DA:347,0
DA:348,0
DA:351,0
DA:354,0
DA:355,0
DA:356,0
DA:357,0
DA:360,0
DA:368,0
DA:369,0
DA:370,0
DA:378,0
DA:381,0
DA:383,0
DA:386,0
DA:394,1
DA:395,0
DA:397,0
DA:407,0
DA:408,0
DA:411,0
DA:414,0
DA:422,1
DA:423,0
DA:424,0
DA:428,0
DA:430,0
DA:431,0
DA:433,0
DA:434,0
DA:436,0
DA:439,0
DA:441,0
DA:442,0
DA:444,0
DA:447,0
DA:451,0
DA:453,0
DA:461,1
DA:462,0
DA:463,0
DA:467,0
DA:468,0
DA:470,0
DA:483,0
DA:484,0
DA:486,0
DA:489,0
DA:490,0
DA:493,0
DA:499,0
DA:502,0
DA:509,0
DA:510,0
DA:513,0
DA:514,0
DA:517,0
DA:518,0
DA:521,0
DA:526,0
LF:187
LH:9
BRDA:11,0,0,1
BRDA:11,0,1,1
BRDA:20,1,0,0
BRDA:20,1,1,0
BRDA:26,2,0,0
BRDA:26,2,1,0
BRDA:29,3,0,0
BRDA:29,3,1,0
BRDA:80,4,0,0
BRDA:80,4,1,0
BRDA:86,5,0,0
BRDA:86,5,1,0
BRDA:87,6,0,0
BRDA:89,7,0,0
BRDA:89,7,1,0
BRDA:108,8,0,0
BRDA:108,8,1,0
BRDA:142,9,0,0
BRDA:142,9,1,0
BRDA:147,10,0,0
BRDA:147,10,1,0
BRDA:152,11,0,0
BRDA:152,11,1,0
BRDA:159,12,0,0
BRDA:159,12,1,0
BRDA:198,13,0,0
BRDA:198,13,1,0
BRDA:249,14,0,0
BRDA:249,14,1,0
BRDA:259,15,0,0
BRDA:259,15,1,0
BRDA:270,16,0,0
BRDA:270,16,1,0
BRDA:293,17,0,0
BRDA:293,17,1,0
BRDA:293,18,0,0
BRDA:293,18,1,0
BRDA:296,19,0,0
BRDA:296,19,1,0
BRDA:296,20,0,0
BRDA:296,20,1,0
BRDA:299,21,0,0
BRDA:299,21,1,0
BRDA:299,22,0,0
BRDA:299,22,1,0
BRDA:304,23,0,0
BRDA:304,23,1,0
BRDA:304,24,0,0
BRDA:304,24,1,0
BRDA:307,25,0,0
BRDA:307,25,1,0
BRDA:307,26,0,0
BRDA:307,26,1,0
BRDA:310,27,0,0
BRDA:310,27,1,0
BRDA:310,28,0,0
BRDA:310,28,1,0
BRDA:313,29,0,0
BRDA:313,29,1,0
BRDA:313,30,0,0
BRDA:313,30,1,0
BRDA:318,31,0,0
BRDA:318,31,1,0
BRDA:318,32,0,0
BRDA:318,32,1,0
BRDA:321,33,0,0
BRDA:321,33,1,0
BRDA:321,34,0,0
BRDA:321,34,1,0
BRDA:326,35,0,0
BRDA:326,35,1,0
BRDA:326,36,0,0
BRDA:326,36,1,0
BRDA:329,37,0,0
BRDA:329,37,1,0
BRDA:329,38,0,0
BRDA:329,38,1,0
BRDA:334,39,0,0
BRDA:334,39,1,0
BRDA:334,40,0,0
BRDA:334,40,1,0
BRDA:347,41,0,0
BRDA:347,41,1,0
BRDA:368,42,0,0
BRDA:368,42,1,0
BRDA:395,43,0,0
BRDA:395,43,1,0
BRDA:423,44,0,0
BRDA:423,44,1,0
BRDA:431,45,0,0
BRDA:431,45,1,0
BRDA:433,46,0,0
BRDA:433,46,1,0
BRDA:433,47,0,0
BRDA:433,47,1,0
BRDA:439,48,0,0
BRDA:439,48,1,0
BRDA:441,49,0,0
BRDA:441,49,1,0
BRDA:441,50,0,0
BRDA:441,50,1,0
BRDA:462,51,0,0
BRDA:462,51,1,0
BRDA:483,52,0,0
BRDA:483,52,1,0
BRDA:489,53,0,0
BRDA:489,53,1,0
BRDA:510,54,0,0
BRDA:510,54,1,0
BRDA:513,55,0,0
BRDA:513,55,1,0
BRDA:514,56,0,0
BRDA:514,56,1,0
BRDA:517,57,0,0
BRDA:517,57,1,0
BRDA:526,58,0,0
BRDA:526,58,1,0
BRF:117
BRH:2
end_of_record
TN:
SF:src\middleware\validate.middleware.js
FN:4,(anonymous_0)
FN:4,(anonymous_1)
FN:17,(anonymous_2)
FNF:3
FNH:1
FNDA:11,(anonymous_0)
FNDA:0,(anonymous_1)
FNDA:0,(anonymous_2)
DA:4,11
DA:5,0
DA:8,0
DA:14,0
DA:16,0
DA:17,0
DA:23,0
DA:24,0
DA:28,0
DA:29,0
DA:30,0
DA:32,0
LF:12
LH:1
BRDA:5,0,0,0
BRDA:5,0,1,0
BRDA:16,1,0,0
BRDA:16,1,1,0
BRDA:28,2,0,0
BRDA:28,2,1,0
BRDA:29,3,0,0
BRDA:29,3,1,0
BRDA:30,4,0,0
BRDA:30,4,1,0
BRF:10
BRH:0
end_of_record
TN:
SF:src\middleware\validation.middleware.js
FN:123,(anonymous_0)
FN:124,(anonymous_1)
FN:136,(anonymous_2)
FN:156,(anonymous_3)
FN:161,(anonymous_4)
FN:166,(anonymous_5)
FN:173,(anonymous_6)
FNF:7
FNH:0
FNDA:0,(anonymous_0)
FNDA:0,(anonymous_1)
FNDA:0,(anonymous_2)
FNDA:0,(anonymous_3)
FNDA:0,(anonymous_4)
FNDA:0,(anonymous_5)
FNDA:0,(anonymous_6)
DA:6,1
DA:124,0
DA:125,0
DA:129,0
DA:135,0
DA:136,0
DA:142,0
DA:146,0
DA:147,0
DA:148,0
DA:150,0
DA:155,1
DA:157,0
DA:158,0
DA:162,0
DA:163,0
DA:167,0
DA:174,0
DA:175,0
DA:176,0
DA:178,0
LF:21
LH:2
BRDA:123,0,0,0
BRDA:125,1,0,0
BRDA:125,1,1,0
BRDA:126,2,0,0
BRDA:126,2,1,0
BRDA:127,3,0,0
BRDA:127,3,1,0
BRDA:135,4,0,0
BRDA:135,4,1,0
BRDA:146,5,0,0
BRDA:146,5,1,0
BRDA:147,6,0,0
BRDA:147,6,1,0
BRDA:148,7,0,0
BRDA:148,7,1,0
BRF:15
BRH:0
end_of_record
TN:
SF:src\queues\index.js
FN:7,(anonymous_0)
FN:17,(anonymous_1)
FN:64,(anonymous_2)
FN:74,(anonymous_3)
FN:84,(anonymous_4)
FN:94,(anonymous_5)
FN:104,(anonymous_6)
FN:139,(anonymous_7)
FN:166,(anonymous_8)
FN:172,(anonymous_9)
FN:178,(anonymous_10)
FN:185,(anonymous_11)
FN:192,(anonymous_12)
FN:199,(anonymous_13)
FN:203,(anonymous_14)
FN:207,(anonymous_15)
FN:211,(anonymous_16)
FN:215,(anonymous_17)
FNF:18
FNH:1
FNDA:1,(anonymous_0)
FNDA:0,(anonymous_1)
FNDA:0,(anonymous_2)
FNDA:0,(anonymous_3)
FNDA:0,(anonymous_4)
FNDA:0,(anonymous_5)
FNDA:0,(anonymous_6)
FNDA:0,(anonymous_7)
FNDA:0,(anonymous_8)
FNDA:0,(anonymous_9)
FNDA:0,(anonymous_10)
FNDA:0,(anonymous_11)
FNDA:0,(anonymous_12)
FNDA:0,(anonymous_13)
FNDA:0,(anonymous_14)
FNDA:0,(anonymous_15)
FNDA:0,(anonymous_16)
FNDA:0,(anonymous_17)
DA:8,1
DA:9,1
DA:18,0
DA:19,0
DA:22,0
DA:24,0
DA:25,0
DA:32,0
DA:33,0
DA:40,0
DA:41,0
DA:48,0
DA:49,0
DA:55,0
DA:56,0
DA:58,0
DA:59,0
DA:65,0
DA:75,0
DA:85,0
DA:95,0
DA:105,0
DA:107,0
DA:108,0
DA:110,0
DA:112,0
DA:113,0
DA:115,0
DA:116,0
DA:118,0
DA:119,0
DA:121,0
DA:122,0
DA:124,0
DA:127,0
DA:128,0
DA:130,0
DA:134,0
DA:140,0
DA:142,0
DA:143,0
DA:152,0
DA:154,0
DA:155,0
DA:157,0
DA:161,0
DA:168,0
DA:174,0
DA:180,0
DA:181,0
DA:182,0
DA:187,0
DA:194,0
DA:200,0
DA:204,0
DA:208,0
DA:212,0
DA:216,0
DA:217,0
DA:218,0
DA:223,1
LF:61
LH:3
BRDA:18,0,0,0
BRDA:18,0,1,0
BRDA:64,1,0,0
BRDA:74,2,0,0
BRDA:84,3,0,0
BRDA:94,4,0,0
BRDA:110,5,0,0
BRDA:110,5,1,0
BRDA:110,5,2,0
BRDA:110,5,3,0
BRDA:110,5,4,0
BRF:11
BRH:0
end_of_record
TN:
SF:src\queues\queue.manager.js
FN:6,(anonymous_0)
FN:12,(anonymous_1)
FN:28,(anonymous_2)
FN:52,(anonymous_3)
FN:63,(anonymous_4)
FN:67,(anonymous_5)
FN:71,(anonymous_6)
FN:80,(anonymous_7)
FN:84,(anonymous_8)
FN:88,(anonymous_9)
FN:106,(anonymous_10)
FN:118,(anonymous_11)
FN:132,(anonymous_12)
FN:146,(anonymous_13)
FN:160,(anonymous_14)
FN:165,(anonymous_15)
FN:172,(anonymous_16)
FN:183,(anonymous_17)
FNF:18
FNH:1
FNDA:1,(anonymous_0)
FNDA:0,(anonymous_1)
FNDA:0,(anonymous_2)
FNDA:0,(anonymous_3)
FNDA:0,(anonymous_4)
FNDA:0,(anonymous_5)
FNDA:0,(anonymous_6)
FNDA:0,(anonymous_7)
FNDA:0,(anonymous_8)
FNDA:0,(anonymous_9)
FNDA:0,(anonymous_10)
FNDA:0,(anonymous_11)
FNDA:0,(anonymous_12)
FNDA:0,(anonymous_13)
FNDA:0,(anonymous_14)
FNDA:0,(anonymous_15)
FNDA:0,(anonymous_16)
FNDA:0,(anonymous_17)
DA:7,1
DA:8,1
DA:9,1
DA:13,0
DA:14,0
DA:15,0
DA:16,0
DA:19,0
DA:25,0
DA:29,0
DA:30,0
DA:33,0
DA:47,0
DA:48,0
DA:49,0
DA:53,0
DA:54,0
DA:57,0
DA:63,0
DA:64,0
DA:67,0
DA:68,0
DA:71,0
DA:72,0
DA:75,0
DA:76,0
DA:77,0
DA:81,0
DA:85,0
DA:89,0
DA:91,0
DA:92,0
DA:98,0
DA:99,0
DA:101,0
DA:102,0
DA:107,0
DA:108,0
DA:110,0
DA:111,0
DA:113,0
DA:114,0
DA:119,0
DA:120,0
DA:122,0
DA:123,0
DA:124,0
DA:125,0
DA:127,0
DA:128,0
DA:133,0
DA:134,0
DA:136,0
DA:137,0
DA:138,0
DA:139,0
DA:141,0
DA:142,0
DA:147,0
DA:148,0
DA:150,0
DA:151,0
DA:152,0
DA:153,0
DA:155,0
DA:156,0
DA:161,0
DA:164,0
DA:165,0
DA:166,0
DA:171,0
DA:172,0
DA:173,0
DA:177,0
DA:178,0
DA:179,0
DA:180,0
DA:184,0
DA:190,0
DA:191,0
DA:192,0
DA:193,0
DA:195,0
DA:199,0
DA:204,1
LF:85
LH:4
BRDA:13,0,0,0
BRDA:13,0,1,0
BRDA:15,1,0,0
BRDA:15,1,1,0
BRDA:20,2,0,0
BRDA:20,2,1,0
BRDA:21,3,0,0
BRDA:21,3,1,0
BRDA:22,4,0,0
BRDA:22,4,1,0
BRDA:28,5,0,0
BRDA:29,6,0,0
BRDA:29,6,1,0
BRDA:52,7,0,0
BRDA:53,8,0,0
BRDA:53,8,1,0
BRDA:59,9,0,0
BRDA:59,9,1,0
BRDA:88,10,0,0
BRDA:89,11,0,0
BRDA:89,11,1,0
BRDA:93,12,0,0
BRDA:93,12,1,0
BRDA:94,13,0,0
BRDA:94,13,1,0
BRDA:108,14,0,0
BRDA:108,14,1,0
BRDA:120,15,0,0
BRDA:120,15,1,0
BRDA:134,16,0,0
BRDA:134,16,1,0
BRDA:148,17,0,0
BRDA:148,17,1,0
BRF:33
BRH:0
end_of_record
TN:
SF:src\queues\jobs\email.job.js
FN:3,(anonymous_0)
FN:34,sendEmail
FN:36,(anonymous_2)
FN:61,(anonymous_3)
FN:73,(anonymous_4)
FN:89,(anonymous_5)
FN:105,(anonymous_6)
FN:120,(anonymous_7)
FN:136,(anonymous_8)
FN:152,(anonymous_9)
FN:167,(anonymous_10)
FN:183,(anonymous_11)
FNF:12
FNH:0
FNDA:0,(anonymous_0)
FNDA:0,sendEmail
FNDA:0,(anonymous_2)
FNDA:0,(anonymous_3)
FNDA:0,(anonymous_4)
FNDA:0,(anonymous_5)
FNDA:0,(anonymous_6)
FNDA:0,(anonymous_7)
FNDA:0,(anonymous_8)
FNDA:0,(anonymous_9)
FNDA:0,(anonymous_10)
FNDA:0,(anonymous_11)
DA:3,1
DA:4,0
DA:6,0
DA:7,0
DA:15,0
DA:17,0
DA:22,0
DA:24,0
DA:29,0
DA:36,0
DA:39,0
DA:40,0
DA:43,0
DA:52,0
DA:59,1
DA:61,0
DA:73,0
DA:89,0
DA:105,0
DA:120,0
DA:136,0
DA:152,0
DA:167,0
DA:183,0
LF:24
LH:2
BRDA:39,0,0,0
BRDA:39,0,1,0
BRF:2
BRH:0
end_of_record
TN:
SF:src\queues\jobs\notification.job.js
FN:3,(anonymous_0)
FN:47,sendInAppNotification
FN:65,sendPushNotification
FN:68,(anonymous_3)
FN:89,sendEmailNotification
FN:108,(anonymous_5)
FN:124,(anonymous_6)
FN:140,(anonymous_7)
FN:155,(anonymous_8)
FN:170,(anonymous_9)
FN:186,(anonymous_10)
FN:203,(anonymous_11)
FN:216,(anonymous_12)
FNF:13
FNH:0
FNDA:0,(anonymous_0)
FNDA:0,sendInAppNotification
FNDA:0,sendPushNotification
FNDA:0,(anonymous_3)
FNDA:0,sendEmailNotification
FNDA:0,(anonymous_5)
FNDA:0,(anonymous_6)
FNDA:0,(anonymous_7)
FNDA:0,(anonymous_8)
FNDA:0,(anonymous_9)
FNDA:0,(anonymous_10)
FNDA:0,(anonymous_11)
FNDA:0,(anonymous_12)
DA:3,1
DA:4,0
DA:6,0
DA:7,0
DA:14,0
DA:17,0
DA:18,0
DA:21,0
DA:22,0
DA:25,0
DA:26,0
DA:29,0
DA:35,0
DA:37,0
DA:42,0
DA:48,0
DA:51,0
DA:53,0
DA:59,0
DA:60,0
DA:66,0
DA:68,0
DA:75,0
DA:77,0
DA:83,0
DA:84,0
DA:90,0
DA:92,0
DA:94,0
DA:100,0
DA:101,0
DA:106,1
DA:108,0
DA:124,0
DA:140,0
DA:155,0
DA:170,0
DA:186,0
DA:203,0
DA:216,0
LF:40
LH:2
BRDA:17,0,0,0
BRDA:17,0,1,0
BRDA:21,1,0,0
BRDA:21,1,1,0
BRDA:25,2,0,0
BRDA:25,2,1,0
BRDA:203,3,0,0
BRF:7
BRH:0
end_of_record
TN:
SF:src\repositories\admin.repo.js
FN:3,(anonymous_0)
FN:9,(anonymous_1)
FN:12,(anonymous_2)
FN:21,(anonymous_3)
FN:26,(anonymous_4)
FN:29,(anonymous_5)
FN:43,(anonymous_6)
FN:57,(anonymous_7)
FN:60,(anonymous_8)
FN:63,(anonymous_9)
FN:66,(anonymous_10)
FN:71,(anonymous_11)
FNF:12
FNH:0
FNDA:0,(anonymous_0)
FNDA:0,(anonymous_1)
FNDA:0,(anonymous_2)
FNDA:0,(anonymous_3)
FNDA:0,(anonymous_4)
FNDA:0,(anonymous_5)
FNDA:0,(anonymous_6)
FNDA:0,(anonymous_7)
FNDA:0,(anonymous_8)
FNDA:0,(anonymous_9)
FNDA:0,(anonymous_10)
FNDA:0,(anonymous_11)
DA:3,1
DA:4,0
DA:9,1
DA:10,0
DA:12,1
DA:13,0
DA:21,1
DA:22,0
DA:26,1
DA:27,0
DA:29,1
DA:30,0
DA:43,1
DA:44,0
DA:57,1
DA:58,0
DA:60,1
DA:61,0
DA:63,1
DA:64,0
DA:66,1
DA:67,0
DA:71,1
DA:72,0
LF:24
LH:12
BRDA:3,0,0,0
BRDA:21,1,0,0
BRDA:26,2,0,0
BRDA:57,3,0,0
BRDA:63,4,0,0
BRDA:66,5,0,0
BRDA:71,6,0,0
BRF:7
BRH:0
end_of_record
TN:
SF:src\repositories\comment.repo.js
FN:3,(anonymous_0)
FN:9,(anonymous_1)
FN:14,(anonymous_2)
FN:20,(anonymous_3)
FN:58,(anonymous_4)
FN:84,(anonymous_5)
FN:89,(anonymous_6)
FN:94,(anonymous_7)
FN:99,(anonymous_8)
FN:102,(anonymous_9)
FN:108,(anonymous_10)
FN:114,(anonymous_11)
FN:120,(anonymous_12)
FNF:13
FNH:0
FNDA:0,(anonymous_0)
FNDA:0,(anonymous_1)
FNDA:0,(anonymous_2)
FNDA:0,(anonymous_3)
FNDA:0,(anonymous_4)
FNDA:0,(anonymous_5)
FNDA:0,(anonymous_6)
FNDA:0,(anonymous_7)
FNDA:0,(anonymous_8)
FNDA:0,(anonymous_9)
FNDA:0,(anonymous_10)
FNDA:0,(anonymous_11)
FNDA:0,(anonymous_12)
DA:3,1
DA:4,0
DA:9,1
DA:10,0
DA:14,1
DA:15,0
DA:20,1
DA:21,0
DA:23,0
DA:28,0
DA:29,0
DA:32,0
DA:33,0
DA:34,0
DA:38,0
DA:49,0
DA:51,0
DA:52,0
DA:54,0
DA:58,1
DA:59,0
DA:61,0
DA:71,0
DA:72,0
DA:75,0
DA:77,0
DA:78,0
DA:80,0
DA:84,1
DA:85,0
DA:89,1
DA:90,0
DA:94,1
DA:95,0
DA:99,1
DA:100,0
DA:102,1
DA:103,0
DA:108,1
DA:109,0
DA:114,1
DA:115,0
DA:120,1
DA:121,0
LF:44
LH:13
BRDA:3,0,0,0
BRDA:9,1,0,0
BRDA:14,2,0,0
BRDA:28,3,0,0
BRDA:28,3,1,0
BRDA:32,4,0,0
BRDA:32,4,1,0
BRDA:33,5,0,0
BRDA:33,5,1,0
BRDA:51,6,0,0
BRDA:51,6,1,0
BRDA:71,7,0,0
BRDA:71,7,1,0
BRDA:77,8,0,0
BRDA:77,8,1,0
BRDA:99,9,0,0
BRDA:102,10,0,0
BRDA:108,11,0,0
BRDA:114,12,0,0
BRF:19
BRH:0
end_of_record
TN:
SF:src\repositories\follow.repo.js
FN:5,(anonymous_0)
FN:10,(anonymous_1)
FN:27,(anonymous_2)
FN:66,(anonymous_3)
FN:81,(anonymous_4)
FN:111,(anonymous_5)
FN:130,(anonymous_6)
FN:160,(anonymous_7)
FN:179,(anonymous_8)
FN:190,(anonymous_9)
FN:201,(anonymous_10)
FN:218,(anonymous_11)
FN:231,(anonymous_12)
FN:232,(anonymous_13)
FN:242,(anonymous_14)
FN:247,(anonymous_15)
FN:253,(anonymous_16)
FN:258,(anonymous_17)
FN:263,(anonymous_18)
FN:268,(anonymous_19)
FN:273,(anonymous_20)
FN:276,(anonymous_21)
FN:279,(anonymous_22)
FN:285,(anonymous_23)
FNF:24
FNH:1
FNDA:2,(anonymous_0)
FNDA:0,(anonymous_1)
FNDA:0,(anonymous_2)
FNDA:0,(anonymous_3)
FNDA:0,(anonymous_4)
FNDA:0,(anonymous_5)
FNDA:0,(anonymous_6)
FNDA:0,(anonymous_7)
FNDA:0,(anonymous_8)
FNDA:0,(anonymous_9)
FNDA:0,(anonymous_10)
FNDA:0,(anonymous_11)
FNDA:0,(anonymous_12)
FNDA:0,(anonymous_13)
FNDA:0,(anonymous_14)
FNDA:0,(anonymous_15)
FNDA:0,(anonymous_16)
FNDA:0,(anonymous_17)
FNDA:0,(anonymous_18)
FNDA:0,(anonymous_19)
FNDA:0,(anonymous_20)
FNDA:0,(anonymous_21)
FNDA:0,(anonymous_22)
FNDA:0,(anonymous_23)
DA:6,2
DA:11,0
DA:12,0
DA:20,0
DA:22,0
DA:28,0
DA:29,0
DA:58,0
DA:59,0
DA:61,0
DA:67,0
DA:68,0
DA:74,0
DA:76,0
DA:82,0
DA:83,0
DA:84,0
DA:85,0
DA:87,0
DA:106,0
DA:110,0
DA:111,0
DA:125,0
DA:131,0
DA:132,0
DA:133,0
DA:134,0
DA:136,0
DA:155,0
DA:159,0
DA:160,0
DA:174,0
DA:180,0
DA:181,0
DA:185,0
DA:191,0
DA:192,0
DA:196,0
DA:202,0
DA:203,0
DA:208,0
DA:213,0
DA:219,0
DA:220,0
DA:230,0
DA:231,0
DA:232,0
DA:235,0
DA:237,0
DA:242,2
DA:243,0
DA:247,2
DA:248,0
DA:253,2
DA:254,0
DA:258,2
DA:259,0
DA:263,2
DA:264,0
DA:268,2
DA:269,0
DA:273,2
DA:274,0
DA:276,2
DA:277,0
DA:279,2
DA:280,0
DA:285,2
DA:286,0
LF:69
LH:11
BRDA:58,0,0,0
BRDA:58,0,1,0
BRDA:81,1,0,0
BRDA:83,2,0,0
BRDA:83,3,0,0
BRDA:83,4,0,0
BRDA:83,5,0,0
BRDA:130,6,0,0
BRDA:132,7,0,0
BRDA:132,8,0,0
BRDA:132,9,0,0
BRDA:132,10,0,0
BRDA:263,11,0,0
BRDA:268,12,0,0
BRDA:273,13,0,0
BRDA:276,14,0,0
BRDA:279,15,0,0
BRDA:285,16,0,0
BRF:18
BRH:0
end_of_record
TN:
SF:src\repositories\like.repo.js
FN:5,(anonymous_0)
FN:10,(anonymous_1)
FN:27,(anonymous_2)
FN:68,(anonymous_3)
FN:87,(anonymous_4)
FN:109,(anonymous_5)
FN:115,(anonymous_6)
FN:126,(anonymous_7)
FN:137,(anonymous_8)
FN:163,(anonymous_9)
FN:182,(anonymous_10)
FN:217,(anonymous_11)
FN:241,(anonymous_12)
FN:264,(anonymous_13)
FN:276,(anonymous_14)
FN:281,(anonymous_15)
FN:286,(anonymous_16)
FNF:17
FNH:1
FNDA:1,(anonymous_0)
FNDA:0,(anonymous_1)
FNDA:0,(anonymous_2)
FNDA:0,(anonymous_3)
FNDA:0,(anonymous_4)
FNDA:0,(anonymous_5)
FNDA:0,(anonymous_6)
FNDA:0,(anonymous_7)
FNDA:0,(anonymous_8)
FNDA:0,(anonymous_9)
FNDA:0,(anonymous_10)
FNDA:0,(anonymous_11)
FNDA:0,(anonymous_12)
FNDA:0,(anonymous_13)
FNDA:0,(anonymous_14)
FNDA:0,(anonymous_15)
FNDA:0,(anonymous_16)
DA:6,1
DA:11,0
DA:12,0
DA:20,0
DA:22,0
DA:28,0
DA:30,0
DA:31,0
DA:32,0
DA:35,0
DA:61,0
DA:63,0
DA:69,0
DA:70,0
DA:77,0
DA:82,0
DA:88,0
DA:89,0
DA:90,0
DA:93,0
DA:94,0
DA:97,0
DA:108,0
DA:109,0
DA:110,0
DA:114,0
DA:115,0
DA:116,0
DA:119,0
DA:121,0
DA:127,0
DA:128,0
DA:132,0
DA:138,0
DA:139,0
DA:140,0
DA:142,0
DA:160,0
DA:162,0
DA:163,0
DA:177,0
DA:183,0
DA:184,0
DA:185,0
DA:187,0
DA:215,0
DA:217,0
DA:224,0
DA:236,0
DA:242,0
DA:243,0
DA:245,0
DA:246,0
DA:252,0
DA:264,0
DA:271,0
DA:276,1
DA:277,0
DA:281,1
DA:282,0
DA:286,1
DA:287,0
LF:62
LH:4
BRDA:31,0,0,0
BRDA:31,0,1,0
BRDA:79,1,0,0
BRDA:79,1,1,0
BRDA:89,2,0,0
BRDA:89,2,1,0
BRDA:89,3,0,0
BRDA:89,3,1,0
BRDA:93,4,0,0
BRDA:93,4,1,0
BRDA:116,5,0,0
BRDA:116,5,1,0
BRDA:137,6,0,0
BRDA:139,7,0,0
BRDA:139,8,0,0
BRDA:182,9,0,0
BRDA:184,10,0,0
BRDA:184,11,0,0
BRDA:241,12,0,0
BRDA:245,13,0,0
BRDA:245,13,1,0
BRF:21
BRH:0
end_of_record
TN:
SF:src\repositories\post.repo.js
FN:11,(anonymous_0)
FN:16,(anonymous_1)
FN:53,(anonymous_2)
FN:140,(anonymous_3)
FN:175,(anonymous_4)
FN:225,(anonymous_5)
FN:267,(anonymous_6)
FN:283,(anonymous_7)
FN:289,(anonymous_8)
FN:295,(anonymous_9)
FN:298,(anonymous_10)
FN:322,(anonymous_11)
FN:371,(anonymous_12)
FN:410,(anonymous_13)
FN:415,(anonymous_14)
FN:420,(anonymous_15)
FN:425,(anonymous_16)
FN:427,(anonymous_17)
FN:436,(anonymous_18)
FN:439,(anonymous_19)
FN:442,(anonymous_20)
FNF:21
FNH:6
FNDA:2,(anonymous_0)
FNDA:5,(anonymous_1)
FNDA:3,(anonymous_2)
FNDA:13,(anonymous_3)
FNDA:0,(anonymous_4)
FNDA:0,(anonymous_5)
FNDA:0,(anonymous_6)
FNDA:0,(anonymous_7)
FNDA:0,(anonymous_8)
FNDA:0,(anonymous_9)
FNDA:0,(anonymous_10)
FNDA:1,(anonymous_11)
FNDA:1,(anonymous_12)
FNDA:0,(anonymous_13)
FNDA:0,(anonymous_14)
FNDA:0,(anonymous_15)
FNDA:0,(anonymous_16)
FNDA:0,(anonymous_17)
FNDA:0,(anonymous_18)
FNDA:0,(anonymous_19)
FNDA:0,(anonymous_20)
DA:8,2
DA:12,2
DA:17,5
DA:18,5
DA:39,5
DA:41,5
DA:48,0
DA:54,3
DA:56,3
DA:65,3
DA:68,3
DA:73,3
DA:74,3
DA:75,0
DA:79,3
DA:82,3
DA:83,0
DA:84,0
DA:85,0
DA:87,0
DA:99,3
DA:126,3
DA:127,3
DA:128,0
DA:132,3
DA:135,3
DA:136,3
DA:137,0
DA:140,13
DA:148,3
DA:149,3
DA:151,3
DA:157,3
DA:166,3
DA:167,3
DA:169,0
DA:170,0
DA:176,0
DA:182,0
DA:184,0
DA:185,0
DA:188,0
DA:225,0
DA:233,0
DA:250,0
DA:262,0
DA:268,0
DA:269,0
DA:274,0
DA:276,0
DA:278,0
DA:283,2
DA:284,0
DA:289,2
DA:290,0
DA:295,2
DA:296,0
DA:298,2
DA:299,0
DA:300,0
DA:318,0
DA:322,2
DA:323,1
DA:325,1
DA:330,1
DA:331,0
DA:334,1
DA:335,1
DA:336,0
DA:340,1
DA:362,1
DA:364,0
DA:365,0
DA:367,0
DA:371,2
DA:372,1
DA:376,1
DA:378,0
DA:387,1
DA:397,1
DA:398,0
DA:401,1
DA:403,0
DA:404,0
DA:406,0
DA:410,2
DA:411,0
DA:415,2
DA:416,0
DA:420,2
DA:421,0
DA:425,2
DA:426,0
DA:428,0
DA:436,2
DA:437,0
DA:439,2
DA:440,0
DA:442,2
DA:443,0
LF:100
LH:52
BRDA:39,0,0,0
BRDA:39,0,1,5
BRDA:53,1,0,0
BRDA:58,2,0,0
BRDA:59,3,0,0
BRDA:60,4,0,3
BRDA:61,5,0,3
BRDA:62,6,0,3
BRDA:63,7,0,3
BRDA:64,8,0,3
BRDA:74,9,0,0
BRDA:74,9,1,3
BRDA:82,10,0,0
BRDA:82,10,1,3
BRDA:127,11,0,0
BRDA:127,11,1,3
BRDA:136,12,0,0
BRDA:136,12,1,3
BRDA:149,13,0,0
BRDA:149,13,1,3
BRDA:175,14,0,0
BRDA:178,15,0,0
BRDA:179,16,0,0
BRDA:180,17,0,0
BRDA:181,18,0,0
BRDA:274,19,0,0
BRDA:274,19,1,0
BRDA:276,20,0,0
BRDA:276,20,1,0
BRDA:283,21,0,0
BRDA:289,22,0,0
BRDA:330,23,0,0
BRDA:330,23,1,1
BRDA:334,24,0,1
BRDA:334,24,1,0
BRDA:335,25,0,0
BRDA:335,25,1,1
BRDA:364,26,0,0
BRDA:364,26,1,0
BRDA:376,27,0,0
BRDA:376,27,1,1
BRDA:397,28,0,0
BRDA:397,28,1,1
BRDA:403,29,0,0
BRDA:403,29,1,0
BRDA:436,30,0,0
BRDA:439,31,0,0
BRF:47
BRH:16
end_of_record
TN:
SF:src\repositories\user.repo.js
FN:5,(anonymous_0)
FN:10,(anonymous_1)
FN:15,(anonymous_2)
FN:21,(anonymous_3)
FN:28,(anonymous_4)
FN:36,(anonymous_5)
FN:38,(anonymous_6)
FN:43,(anonymous_7)
FN:48,(anonymous_8)
FN:56,(anonymous_9)
FN:59,(anonymous_10)
FN:67,(anonymous_11)
FN:70,(anonymous_12)
FNF:13
FNH:2
FNDA:0,(anonymous_0)
FNDA:0,(anonymous_1)
FNDA:4,(anonymous_2)
FNDA:1,(anonymous_3)
FNDA:0,(anonymous_4)
FNDA:0,(anonymous_5)
FNDA:0,(anonymous_6)
FNDA:0,(anonymous_7)
FNDA:0,(anonymous_8)
FNDA:0,(anonymous_9)
FNDA:0,(anonymous_10)
FNDA:0,(anonymous_11)
FNDA:0,(anonymous_12)
DA:3,2
DA:5,2
DA:6,0
DA:10,2
DA:11,0
DA:15,2
DA:16,4
DA:21,2
DA:22,1
DA:28,2
DA:29,0
DA:36,2
DA:38,2
DA:39,0
DA:43,2
DA:44,0
DA:48,2
DA:49,0
DA:56,2
DA:57,0
DA:59,2
DA:60,0
DA:67,2
DA:68,0
DA:70,2
DA:71,0
LF:26
LH:16
BRDA:18,0,0,4
BRDA:18,0,1,0
BRDA:25,1,0,1
BRDA:25,1,1,0
BRDA:33,2,0,0
BRDA:33,2,1,0
BRDA:53,3,0,0
BRDA:53,3,1,0
BRDA:64,4,0,0
BRDA:64,4,1,0
BRF:10
BRH:2
end_of_record
TN:
SF:src\routes\admin.js
FNF:0
FNH:0
DA:12,1
DA:18,1
DA:24,1
DA:30,1
LF:4
LH:4
BRF:0
BRH:0
end_of_record
TN:
SF:src\routes\auth.js
FNF:0
FNH:0
DA:7,1
DA:58,1
DA:113,1
DA:150,1
DA:176,1
DA:192,1
LF:6
LH:6
BRF:0
BRH:0
end_of_record
TN:
SF:src\routes\comments.js
FNF:0
FNH:0
DA:15,1
DA:22,1
DA:25,1
DA:28,1
DA:31,1
DA:34,1
DA:37,1
LF:7
LH:7
BRF:0
BRH:0
end_of_record
TN:
SF:src\routes\health.routes.js
FN:65,(anonymous_0)
FN:70,(anonymous_1)
FN:111,(anonymous_2)
FN:134,(anonymous_3)
FN:147,(anonymous_4)
FN:164,checkDatabaseHealth
FN:181,checkCacheHealth
FN:211,checkRedisHealth
FN:237,checkQueueHealth
FN:253,parseRedisMemoryInfo
FN:257,(anonymous_10)
FN:273,updateMetrics
FN:278,(anonymous_12)
FN:280,(anonymous_13)
FN:303,(anonymous_14)
FN:306,(anonymous_15)
FNF:16
FNH:0
FNDA:0,(anonymous_0)
FNDA:0,(anonymous_1)
FNDA:0,(anonymous_2)
FNDA:0,(anonymous_3)
FNDA:0,(anonymous_4)
FNDA:0,checkDatabaseHealth
FNDA:0,checkCacheHealth
FNDA:0,checkRedisHealth
FNDA:0,checkQueueHealth
FNDA:0,parseRedisMemoryInfo
FNDA:0,(anonymous_10)
FNDA:0,updateMetrics
FNDA:0,(anonymous_12)
FNDA:0,(anonymous_13)
FNDA:0,(anonymous_14)
FNDA:0,(anonymous_15)
DA:10,1
DA:13,1
DA:16,1
DA:22,1
DA:25,1
DA:32,1
DA:39,1
DA:45,1
DA:51,1
DA:58,1
DA:65,1
DA:66,0
DA:70,1
DA:71,0
DA:72,0
DA:80,0
DA:81,0
DA:82,0
DA:84,0
DA:88,0
DA:89,0
DA:90,0
DA:92,0
DA:96,0
DA:97,0
DA:98,0
DA:100,0
DA:104,0
DA:105,0
DA:106,0
DA:108,0
DA:111,0
DA:112,0
DA:114,0
DA:123,0
DA:124,0
DA:134,1
DA:135,0
DA:136,0
DA:138,0
DA:147,1
DA:148,0
DA:150,0
DA:153,0
DA:156,0
DA:158,0
DA:159,0
DA:165,0
DA:167,0
DA:168,0
DA:169,0
DA:171,0
DA:177,0
DA:182,0
DA:184,0
DA:186,0
DA:187,0
DA:189,0
DA:190,0
DA:191,0
DA:193,0
DA:194,0
DA:197,0
DA:198,0
DA:200,0
DA:207,0
DA:212,0
DA:214,0
DA:215,0
DA:216,0
DA:217,0
DA:220,0
DA:221,0
DA:223,0
DA:224,0
DA:226,0
DA:233,0
DA:238,0
DA:239,0
DA:241,0
DA:249,0
DA:254,0
DA:255,0
DA:257,0
DA:258,0
DA:259,0
DA:261,0
DA:262,0
DA:264,0
DA:265,0
DA:269,0
DA:274,0
DA:276,0
DA:277,0
DA:278,0
DA:279,0
DA:280,0
DA:281,0
DA:282,0
DA:290,0
DA:291,0
DA:292,0
DA:293,0
DA:298,0
DA:303,1
DA:304,0
DA:306,0
DA:307,0
DA:308,0
DA:310,0
DA:314,0
DA:319,0
LF:112
LH:15
BRDA:18,0,0,1
BRDA:18,0,1,0
BRDA:112,1,0,0
BRDA:112,1,1,0
BRDA:138,2,0,0
BRDA:138,2,1,0
BRDA:193,3,0,0
BRDA:193,3,1,0
BRDA:193,4,0,0
BRDA:193,4,1,0
BRDA:216,5,0,0
BRDA:216,5,1,0
BRDA:258,6,0,0
BRDA:258,6,1,0
BRDA:261,7,0,0
BRDA:261,7,1,0
BRDA:264,8,0,0
BRDA:264,8,1,0
BRDA:277,9,0,0
BRDA:277,9,1,0
BRDA:279,10,0,0
BRDA:279,10,1,0
BRDA:281,11,0,0
BRDA:281,11,1,0
BRDA:290,12,0,0
BRDA:290,12,1,0
BRDA:292,13,0,0
BRDA:292,13,1,0
BRDA:308,14,0,0
BRDA:308,14,1,0
BRF:30
BRH:1
end_of_record
TN:
SF:src\routes\likes.js
FNF:0
FNH:0
DA:5,1
DA:15,1
DA:18,1
LF:3
LH:3
BRF:0
BRH:0
end_of_record
TN:
SF:src\routes\metrics.js
FN:17,(anonymous_0)
FN:177,(anonymous_1)
FNF:2
FNH:0
FNDA:0,(anonymous_0)
FNDA:0,(anonymous_1)
DA:14,1
DA:17,1
DA:18,0
DA:19,0
DA:22,0
DA:23,0
DA:26,0
DA:27,0
DA:36,0
DA:38,0
DA:39,0
DA:42,0
DA:43,0
DA:52,0
DA:53,0
DA:60,0
DA:63,0
DA:64,0
DA:68,0
DA:74,0
DA:75,0
DA:77,0
DA:78,0
DA:82,0
DA:97,0
DA:107,0
DA:125,0
DA:127,0
DA:138,0
DA:139,0
DA:141,0
DA:142,0
DA:143,0
DA:146,0
DA:147,0
DA:148,0
DA:151,0
DA:152,0
DA:153,0
DA:156,0
DA:157,0
DA:160,0
DA:167,0
DA:168,0
DA:177,1
DA:178,0
DA:179,0
DA:181,0
DA:208,0
DA:209,0
DA:212,0
DA:213,0
LF:52
LH:3
BRDA:52,0,0,0
BRDA:52,0,1,0
BRDA:52,1,0,0
BRDA:52,1,1,0
BRDA:54,2,0,0
BRDA:54,2,1,0
BRDA:55,3,0,0
BRDA:55,3,1,0
BRDA:56,4,0,0
BRDA:56,4,1,0
BRDA:85,5,0,0
BRDA:85,5,1,0
BRDA:141,6,0,0
BRDA:141,6,1,0
BRDA:146,7,0,0
BRDA:146,7,1,0
BRDA:151,8,0,0
BRDA:151,8,1,0
BRDA:156,9,0,0
BRDA:156,9,1,0
BRDA:162,10,0,0
BRDA:162,10,1,0
BRF:22
BRH:0
end_of_record
TN:
SF:src\routes\observability.routes.js
FN:19,(anonymous_0)
FN:32,(anonymous_1)
FN:45,(anonymous_2)
FN:82,(anonymous_3)
FN:88,(anonymous_4)
FNF:5
FNH:0
FNDA:0,(anonymous_0)
FNDA:0,(anonymous_1)
FNDA:0,(anonymous_2)
FNDA:0,(anonymous_3)
FNDA:0,(anonymous_4)
DA:7,1
DA:10,1
DA:11,1
DA:12,1
DA:13,1
DA:15,0
DA:19,1
DA:20,0
DA:32,1
DA:33,0
DA:45,1
DA:46,0
DA:47,0
DA:48,0
DA:50,0
DA:65,0
DA:66,0
DA:68,0
DA:77,0
DA:82,1
DA:83,0
DA:84,0
DA:88,1
DA:89,0
DA:90,0
LF:25
LH:10
BRDA:13,0,0,1
BRDA:13,0,1,0
BRDA:51,1,0,0
BRDA:51,1,1,0
BRDA:52,2,0,0
BRDA:52,2,1,0
BRDA:62,3,0,0
BRDA:62,3,1,0
BRDA:65,4,0,0
BRDA:65,4,1,0
BRF:10
BRH:1
end_of_record
TN:
SF:src\routes\posts.js
FNF:0
FNH:0
DA:6,1
DA:7,1
DA:10,1
DA:11,1
DA:12,1
DA:13,1
DA:14,1
DA:16,1
DA:19,1
DA:22,1
DA:23,1
DA:24,1
DA:27,1
LF:13
LH:13
BRF:0
BRH:0
end_of_record
TN:
SF:src\routes\user.js
FNF:0
FNH:0
DA:17,1
DA:19,1
DA:20,1
DA:22,1
DA:23,1
DA:25,1
DA:26,1
DA:28,1
DA:29,1
LF:9
LH:9
BRF:0
BRH:0
end_of_record
TN:
SF:src\services\activityService.js
FN:11,(anonymous_0)
FNF:1
FNH:1
FNDA:1,(anonymous_0)
DA:4,2
DA:5,2
DA:11,2
DA:15,1
LF:4
LH:4
BRDA:11,0,0,0
BRDA:11,1,0,0
BRF:2
BRH:0
end_of_record
TN:
SF:src\services\admin.service.js
FN:10,(anonymous_0)
FN:31,(anonymous_1)
FN:50,(anonymous_2)
FN:69,(anonymous_3)
FN:102,(anonymous_4)
FN:121,(anonymous_5)
FN:144,(anonymous_6)
FN:188,(anonymous_7)
FNF:8
FNH:0
FNDA:0,(anonymous_0)
FNDA:0,(anonymous_1)
[...]
BRDA:384,41,0,0
BRDA:384,41,1,0
BRDA:392,42,0,0
BRDA:429,43,0,0
BRDA:429,43,1,0
BRDA:435,44,0,0
BRDA:435,44,1,0
BRDA:459,45,0,0
BRDA:459,45,1,0
BRDA:460,46,0,0
BRDA:460,46,1,0
BRDA:475,47,0,0
BRDA:480,48,0,0
BRDA:480,48,1,0
BRDA:484,49,0,0
BRDA:484,49,1,0
BRDA:522,50,0,0
BRDA:530,51,0,0
BRDA:565,52,0,0
BRDA:571,53,0,0
BRDA:571,53,1,0
BRDA:572,54,0,0
BRDA:572,54,1,0
BRDA:576,55,0,0
BRDA:576,55,1,0
BRDA:578,56,0,0
BRDA:578,56,1,0
BRDA:583,57,0,0
BRDA:583,57,1,0
BRDA:587,58,0,0
BRDA:587,58,1,0
BRDA:589,59,0,0
BRDA:589,59,1,0
BRDA:611,60,0,0
BRDA:611,60,1,0
BRDA:628,61,0,0
BRDA:637,62,0,0
BRDA:637,62,1,0
BRDA:650,63,0,0
BRDA:660,64,0,0
BRDA:660,64,1,0
BRDA:662,65,0,0
BRDA:662,65,1,0
BRF:116
BRH:8
end_of_record
TN:
SF:src\utils\error-intelligence.js
FN:216,(anonymous_0)
FN:227,(anonymous_1)
FN:242,(anonymous_2)
FN:295,(anonymous_3)
FN:315,(anonymous_4)
FN:354,(anonymous_5)
FN:366,(anonymous_6)
FN:383,(anonymous_7)
FN:448,(anonymous_8)
FN:467,(anonymous_9)
FN:499,(anonymous_10)
FN:508,(anonymous_11)
FN:512,(anonymous_12)
FN:524,(anonymous_13)
FN:538,(anonymous_14)
FN:543,(anonymous_15)
FN:564,(anonymous_16)
FN:575,(anonymous_17)
FN:614,(anonymous_18)
FN:650,(anonymous_19)
FN:673,(anonymous_20)
FN:712,(anonymous_21)
FNF:22
FNH:2
FNDA:1,(anonymous_0)
FNDA:1,(anonymous_1)
FNDA:0,(anonymous_2)
FNDA:0,(anonymous_3)
FNDA:0,(anonymous_4)
FNDA:0,(anonymous_5)
FNDA:0,(anonymous_6)
FNDA:0,(anonymous_7)
FNDA:0,(anonymous_8)
FNDA:0,(anonymous_9)
FNDA:0,(anonymous_10)
FNDA:0,(anonymous_11)
FNDA:0,(anonymous_12)
FNDA:0,(anonymous_13)
FNDA:0,(anonymous_14)
FNDA:0,(anonymous_15)
FNDA:0,(anonymous_16)
FNDA:0,(anonymous_17)
FNDA:0,(anonymous_18)
FNDA:0,(anonymous_19)
FNDA:0,(anonymous_20)
FNDA:0,(anonymous_21)
DA:12,1
DA:21,1
DA:37,1
DA:217,1
DA:218,1
DA:219,1
DA:220,1
DA:221,1
DA:228,1
DA:229,9
DA:230,54
DA:243,0
DA:251,0
DA:252,0
DA:253,0
DA:256,0
DA:257,0
DA:258,0
DA:260,0
DA:261,0
DA:262,0
DA:264,0
DA:265,0
DA:266,0
DA:269,0
DA:270,0
DA:271,0
DA:272,0
DA:278,0
DA:281,0
DA:282,0
DA:285,0
DA:286,0
DA:289,0
DA:296,0
DA:297,0
DA:299,0
DA:308,0
DA:309,0
DA:316,0
DA:317,0
DA:326,0
DA:327,0
DA:329,0
DA:336,0
DA:337,0
DA:343,0
DA:355,0
DA:367,0
DA:369,0
DA:377,0
DA:384,0
DA:385,0
DA:386,0
DA:389,0
DA:390,0
DA:393,0
DA:396,0
DA:397,0
DA:409,0
DA:410,0
DA:411,0
DA:412,0
DA:423,0
DA:424,0
DA:428,0
DA:437,0
DA:449,0
DA:450,0
DA:452,0
DA:465,0
DA:467,0
DA:469,0
DA:471,0
DA:472,0
DA:475,0
DA:476,0
DA:479,0
DA:480,0
DA:483,0
DA:484,0
DA:487,0
DA:499,0
DA:508,0
DA:509,0
DA:512,0
DA:513,0
DA:516,0
DA:518,0
DA:525,0
DA:526,0
DA:527,0
DA:529,0
DA:530,0
DA:531,0
DA:533,0
DA:534,0
DA:536,0
DA:537,0
DA:538,0
DA:541,0
DA:542,0
DA:543,0
DA:547,0
DA:558,0
DA:565,0
DA:566,0
DA:574,0
DA:575,0
DA:576,0
DA:577,0
DA:578,0
DA:579,0
DA:580,0
DA:581,0
DA:587,0
DA:588,0
DA:589,0
DA:590,0
DA:593,0
DA:594,0
DA:595,0
DA:596,0
DA:600,0
DA:601,0
DA:604,0
DA:605,0
DA:608,0
DA:615,0
DA:616,0
DA:617,0
DA:620,0
DA:621,0
DA:625,0
DA:626,0
DA:630,0
DA:631,0
DA:635,0
DA:636,0
DA:640,0
DA:641,0
DA:644,0
DA:651,0
DA:652,0
DA:654,0
DA:655,0
DA:656,0
DA:657,0
DA:658,0
DA:659,0
DA:663,0
DA:664,0
DA:667,0
DA:674,0
DA:675,0
DA:677,0
DA:692,0
DA:693,0
DA:694,0
DA:695,0
DA:698,0
DA:699,0
DA:700,0
DA:701,0
DA:704,0
DA:705,0
DA:706,0
DA:707,0
DA:711,0
DA:712,0
DA:713,0
DA:716,0
DA:717,0
DA:718,0
DA:719,0
DA:722,0
DA:727,1
LF:177
LH:12
BRDA:242,0,0,0
BRDA:252,1,0,0
BRDA:252,1,1,0
BRDA:260,2,0,0
BRDA:260,2,1,0
BRDA:261,3,0,0
BRDA:261,3,1,0
BRDA:262,4,0,0
BRDA:262,4,1,0
BRDA:264,5,0,0
BRDA:264,5,1,0
BRDA:269,6,0,0
BRDA:269,6,1,0
BRDA:281,7,0,0
BRDA:281,7,1,0
BRDA:285,8,0,0
BRDA:285,8,1,0
BRDA:295,9,0,0
BRDA:316,10,0,0
BRDA:316,10,1,0
BRDA:326,11,0,0
BRDA:326,11,1,0
BRDA:327,12,0,0
BRDA:327,12,1,0
BRDA:336,13,0,0
BRDA:336,13,1,0
BRDA:346,14,0,0
BRDA:346,14,1,0
BRDA:347,15,0,0
BRDA:347,15,1,0
BRDA:356,16,0,0
BRDA:356,16,1,0
BRDA:357,17,0,0
BRDA:357,17,1,0
BRDA:358,18,0,0
BRDA:358,18,1,0
BRDA:359,19,0,0
BRDA:359,19,1,0
BRDA:367,20,0,0
BRDA:367,20,1,0
BRDA:370,21,0,0
BRDA:370,21,1,0
BRDA:371,22,0,0
BRDA:371,22,1,0
BRDA:372,23,0,0
BRDA:372,23,1,0
BRDA:373,24,0,0
BRDA:373,24,1,0
BRDA:383,25,0,0
BRDA:389,26,0,0
BRDA:389,26,1,0
BRDA:396,27,0,0
BRDA:396,27,1,0
BRDA:423,28,0,0
BRDA:423,28,1,0
BRDA:448,29,0,0
BRDA:469,30,0,0
BRDA:469,30,1,0
BRDA:476,31,0,0
BRDA:476,31,1,0
BRDA:480,32,0,0
BRDA:480,32,1,0
BRDA:483,33,0,0
BRDA:483,33,1,0
BRDA:484,34,0,0
BRDA:484,34,1,0
BRDA:516,35,0,0
BRDA:516,35,1,0
BRDA:524,36,0,0
BRDA:538,37,0,0
BRDA:538,37,1,0
BRDA:564,38,0,0
BRDA:574,39,0,0
BRDA:574,39,1,0
BRDA:576,40,0,0
BRDA:576,40,1,0
BRDA:576,41,0,0
BRDA:576,41,1,0
BRDA:578,42,0,0
BRDA:578,42,1,0
BRDA:578,43,0,0
BRDA:578,43,1,0
BRDA:580,44,0,0
BRDA:580,44,1,0
BRDA:580,45,0,0
BRDA:580,45,1,0
BRDA:587,46,0,0
BRDA:587,46,1,0
BRDA:593,47,0,0
BRDA:593,47,1,0
BRDA:600,48,0,0
BRDA:600,48,1,0
BRDA:604,49,0,0
BRDA:604,49,1,0
BRDA:614,50,0,0
BRDA:620,51,0,0
BRDA:620,51,1,0
BRDA:625,52,0,0
BRDA:625,52,1,0
BRDA:630,53,0,0
BRDA:630,53,1,0
BRDA:630,54,0,0
BRDA:630,54,1,0
BRDA:635,55,0,0
BRDA:635,55,1,0
BRDA:635,56,0,0
BRDA:635,56,1,0
BRDA:635,56,2,0
BRDA:640,57,0,0
BRDA:640,57,1,0
BRDA:650,58,0,0
BRDA:655,59,0,0
BRDA:655,59,1,0
BRDA:663,60,0,0
BRDA:663,60,1,0
BRDA:685,61,0,0
BRDA:685,61,1,0
BRDA:686,62,0,0
BRDA:686,62,1,0
BRDA:692,63,0,0
BRDA:692,63,1,0
BRDA:698,64,0,0
BRDA:698,64,1,0
BRDA:699,65,0,0
BRDA:699,65,1,0
BRDA:704,66,0,0
BRDA:704,66,1,0
BRDA:705,67,0,0
BRDA:705,67,1,0
BRDA:713,68,0,0
BRDA:713,68,1,0
BRDA:716,69,0,0
BRDA:716,69,1,0
BRDA:716,70,0,0
BRDA:716,70,1,0
BRDA:717,71,0,0
BRDA:717,71,1,0
BRF:137
BRH:0
end_of_record
TN:
SF:src\utils\health-checker.js
FN:7,(anonymous_0)
FN:16,(anonymous_1)
FN:18,(anonymous_2)
FN:50,(anonymous_3)
FN:82,(anonymous_4)
FN:109,(anonymous_5)
FN:126,(anonymous_6)
FN:155,(anonymous_7)
FN:170,(anonymous_8)
FN:181,(anonymous_9)
FN:182,(anonymous_10)
FN:222,(anonymous_11)
FN:226,(anonymous_12)
FN:246,(anonymous_13)
FN:267,(anonymous_14)
FN:268,(anonymous_15)
FN:270,(anonymous_16)
FN:272,(anonymous_17)
FN:279,(anonymous_18)
FN:295,(anonymous_19)
FN:296,(anonymous_20)
FN:297,(anonymous_21)
FN:298,(anonymous_22)
FN:303,(anonymous_23)
FN:307,(anonymous_24)
FN:311,(anonymous_25)
FN:312,(anonymous_26)
FN:316,(anonymous_27)
FN:333,(anonymous_28)
FN:338,(anonymous_29)
FNF:30
FNH:3
FNDA:1,(anonymous_0)
FNDA:1,(anonymous_1)
FNDA:0,(anonymous_2)
FNDA:0,(anonymous_3)
FNDA:0,(anonymous_4)
FNDA:0,(anonymous_5)
FNDA:0,(anonymous_6)
FNDA:4,(anonymous_7)
FNDA:0,(anonymous_8)
FNDA:0,(anonymous_9)
FNDA:0,(anonymous_10)
FNDA:0,(anonymous_11)
FNDA:0,(anonymous_12)
FNDA:0,(anonymous_13)
FNDA:0,(anonymous_14)
FNDA:0,(anonymous_15)
FNDA:0,(anonymous_16)
FNDA:0,(anonymous_17)
FNDA:0,(anonymous_18)
FNDA:0,(anonymous_19)
FNDA:0,(anonymous_20)
FNDA:0,(anonymous_21)
FNDA:0,(anonymous_22)
FNDA:0,(anonymous_23)
FNDA:0,(anonymous_24)
FNDA:0,(anonymous_25)
FNDA:0,(anonymous_26)
FNDA:0,(anonymous_27)
FNDA:0,(anonymous_28)
FNDA:0,(anonymous_29)
DA:8,1
DA:9,1
DA:10,1
DA:13,1
DA:18,1
DA:19,0
DA:21,0
DA:22,0
DA:23,0
DA:24,0
DA:26,0
DA:36,0
DA:49,1
DA:50,0
DA:51,0
DA:53,0
DA:54,0
DA:55,0
DA:56,0
DA:58,0
DA:68,0
DA:82,1
DA:83,0
DA:84,0
DA:86,0
DA:87,0
DA:88,0
DA:90,0
DA:93,0
DA:109,1
DA:110,0
DA:111,0
DA:113,0
DA:126,1
DA:127,0
DA:129,0
DA:130,0
DA:131,0
DA:133,0
DA:142,0
DA:156,4
DA:157,0
DA:160,4
DA:167,4
DA:171,0
DA:172,0
DA:173,0
DA:176,0
DA:179,0
DA:180,0
DA:181,0
DA:182,0
DA:185,0
DA:190,0
DA:196,0
DA:198,0
DA:200,0
DA:201,0
DA:202,0
DA:207,0
DA:218,0
DA:219,0
DA:223,0
DA:224,0
DA:226,0
DA:227,0
DA:228,0
DA:229,0
DA:231,0
DA:240,0
DA:244,0
DA:246,0
DA:247,0
DA:248,0
DA:249,0
DA:251,0
DA:252,0
DA:264,0
DA:268,0
DA:270,0
DA:271,0
DA:272,0
DA:273,0
DA:275,0
DA:280,0
DA:281,0
DA:282,0
DA:283,0
DA:285,0
DA:295,0
DA:296,0
DA:297,0
DA:298,0
DA:304,0
DA:308,0
DA:312,0
DA:317,0
DA:318,0
DA:319,0
DA:320,0
DA:322,0
DA:324,0
DA:330,1
DA:333,1
DA:334,0
DA:335,0
DA:338,1
DA:339,0
DA:340,0
LF:109
LH:15
BRDA:49,0,0,0
BRDA:49,0,1,1
BRDA:90,1,0,0
BRDA:90,1,1,0
BRDA:91,2,0,0
BRDA:91,2,1,0
BRDA:156,3,0,0
BRDA:156,3,1,4
BRDA:170,4,0,0
BRDA:172,5,0,0
BRDA:172,5,1,0
BRDA:176,6,0,0
BRDA:176,6,1,0
BRDA:200,7,0,0
BRDA:200,7,1,0
BRDA:247,8,0,0
BRDA:247,8,1,0
BRDA:256,9,0,0
BRDA:256,9,1,0
BRDA:270,10,0,0
BRDA:270,10,1,0
BRDA:272,11,0,0
BRDA:272,11,1,0
BRDA:272,12,0,0
BRDA:272,12,1,0
BRDA:290,13,0,0
BRDA:290,13,1,0
BRDA:319,14,0,0
BRDA:319,14,1,0
BRF:29
BRH:2
end_of_record
TN:
SF:src\utils\metrics.js
FNF:0
FNH:0
DA:4,1
DA:7,1
DA:10,1
DA:18,1
DA:25,1
DA:31,1
DA:36,1
DA:41,1
DA:47,1
DA:54,1
DA:60,1
DA:67,1
DA:68,1
DA:69,1
DA:70,1
DA:71,1
DA:72,1
DA:73,1
DA:74,1
DA:75,1
LF:20
LH:20
BRF:0
BRH:0
end_of_record
TN:
SF:src\utils\observability.js
FN:5,(anonymous_0)
FN:46,(anonymous_1)
FN:60,(anonymous_2)
FN:101,(anonymous_3)
FN:109,(anonymous_4)
FN:113,(anonymous_5)
FN:117,(anonymous_6)
FN:121,(anonymous_7)
FN:126,(anonymous_8)
FN:138,(anonymous_9)
FN:158,(anonymous_10)
FN:162,(anonymous_11)
FN:166,(anonymous_12)
FN:170,(anonymous_13)
FN:175,(anonymous_14)
FN:183,(anonymous_15)
FN:188,(anonymous_16)
FN:192,(anonymous_17)
FN:196,(anonymous_18)
FN:200,(anonymous_19)
FN:204,(anonymous_20)
FN:209,(anonymous_21)
FN:213,(anonymous_22)
FN:217,(anonymous_23)
FN:226,(anonymous_24)
FN:243,(anonymous_25)
FN:277,(anonymous_26)
FN:290,(anonymous_27)
FN:326,(anonymous_28)
FN:331,(anonymous_29)
FN:365,(anonymous_30)
FN:370,(anonymous_31)
FN:371,(anonymous_32)
FNF:33
FNH:1
FNDA:2,(anonymous_0)
FNDA:0,(anonymous_1)
FNDA:0,(anonymous_2)
FNDA:0,(anonymous_3)
FNDA:0,(anonymous_4)
FNDA:0,(anonymous_5)
FNDA:0,(anonymous_6)
FNDA:0,(anonymous_7)
FNDA:0,(anonymous_8)
FNDA:0,(anonymous_9)
FNDA:0,(anonymous_10)
FNDA:0,(anonymous_11)
FNDA:0,(anonymous_12)
FNDA:0,(anonymous_13)
FNDA:0,(anonymous_14)
FNDA:0,(anonymous_15)
FNDA:0,(anonymous_16)
FNDA:0,(anonymous_17)
FNDA:0,(anonymous_18)
FNDA:0,(anonymous_19)
FNDA:0,(anonymous_20)
FNDA:0,(anonymous_21)
FNDA:0,(anonymous_22)
FNDA:0,(anonymous_23)
FNDA:0,(anonymous_24)
FNDA:0,(anonymous_25)
FNDA:0,(anonymous_26)
FNDA:0,(anonymous_27)
FNDA:0,(anonymous_28)
FNDA:0,(anonymous_29)
FNDA:0,(anonymous_30)
FNDA:0,(anonymous_31)
FNDA:0,(anonymous_32)
DA:6,2
DA:40,2
DA:41,2
DA:42,2
DA:47,0
DA:48,0
DA:50,0
DA:51,0
DA:54,0
DA:55,0
DA:56,0
DA:59,0
DA:60,0
DA:61,0
DA:64,0
DA:67,0
DA:68,0
DA:70,0
DA:74,0
DA:75,0
DA:85,0
DA:95,0
DA:98,0
DA:102,0
DA:104,0
DA:105,0
DA:110,0
DA:114,0
DA:118,0
DA:122,0
DA:127,0
DA:129,0
DA:130,0
DA:131,0
DA:139,0
DA:141,0
DA:142,0
DA:145,0
DA:148,0
DA:150,0
DA:159,0
DA:163,0
DA:167,0
DA:171,0
DA:176,0
DA:177,0
DA:179,0
DA:184,0
DA:189,0
DA:193,0
DA:197,0
DA:201,0
DA:205,0
DA:210,0
DA:211,0
DA:213,0
DA:214,0
DA:216,0
DA:217,0
DA:227,0
DA:228,0
DA:230,0
DA:244,0
DA:245,0
DA:246,0
DA:250,0
DA:278,0
DA:291,0
DA:327,0
DA:332,0
DA:333,0
DA:341,0
DA:344,0
DA:345,0
DA:347,0
DA:358,0
DA:362,2
DA:365,2
DA:366,0
DA:370,2
DA:371,0
DA:372,0
DA:373,0
DA:374,0
DA:375,0
DA:376,0
DA:377,0
DA:379,0
DA:380,0
LF:89
LH:7
BRDA:48,0,0,0
BRDA:48,0,1,0
BRDA:56,1,0,0
BRDA:56,1,1,0
BRDA:67,2,0,0
BRDA:67,2,1,0
BRDA:67,3,0,0
BRDA:67,3,1,0
BRDA:74,4,0,0
BRDA:74,4,1,0
BRDA:104,5,0,0
BRDA:104,5,1,0
BRDA:118,6,0,0
BRDA:118,6,1,0
BRDA:122,7,0,0
BRDA:122,7,1,0
BRDA:129,8,0,0
BRDA:129,8,1,0
BRDA:141,9,0,0
BRDA:141,9,1,0
BRDA:148,10,0,0
BRDA:148,10,1,0
BRDA:175,11,0,0
BRDA:176,12,0,0
BRDA:176,12,1,0
BRDA:211,13,0,0
BRDA:211,13,1,0
BRDA:232,14,0,0
BRDA:232,14,1,0
BRDA:246,15,0,0
BRDA:246,15,1,0
BRDA:254,16,0,0
BRDA:254,16,1,0
BRDA:255,17,0,0
BRDA:255,17,1,0
BRDA:331,18,0,0
BRDA:331,19,0,0
BRDA:332,20,0,0
BRDA:332,20,1,0
BRDA:344,21,0,0
BRDA:344,21,1,0
BRDA:345,22,0,0
BRDA:345,22,1,0
BRDA:376,23,0,0
BRDA:376,23,1,0
BRF:45
BRH:0
end_of_record
TN:
SF:src\utils\pagination.js
FN:18,(anonymous_0)
FN:71,(anonymous_1)
FN:99,(anonymous_2)
FN:128,(anonymous_3)
FN:156,(anonymous_4)
FN:187,(anonymous_5)
FN:212,(anonymous_6)
FN:220,(anonymous_7)
FN:240,withPagination
FN:241,(anonymous_9)
FNF:10
FNH:3
FNDA:3,(anonymous_0)
FNDA:0,(anonymous_1)
FNDA:0,(anonymous_2)
FNDA:0,(anonymous_3)
FNDA:3,(anonymous_4)
FNDA:3,(anonymous_5)
FNDA:0,(anonymous_6)
FNDA:0,(anonymous_7)
FNDA:0,withPagination
FNDA:0,(anonymous_9)
DA:26,3
DA:29,3
DA:30,3
DA:31,0
DA:35,3
DA:36,3
DA:37,0
DA:41,3
DA:46,3
DA:47,3
DA:48,0
DA:51,3
DA:72,0
DA:74,0
DA:84,0
DA:85,0
DA:86,0
DA:87,0
DA:90,0
DA:100,0
DA:102,0
DA:109,0
DA:110,0
DA:114,0
DA:115,0
DA:116,0
DA:119,0
DA:129,0
DA:131,0
DA:140,0
DA:143,0
DA:144,0
DA:147,0
DA:157,3
DA:158,3
DA:159,3
DA:161,3
DA:162,3
DA:165,3
DA:166,0
DA:167,0
DA:168,3
DA:169,3
DA:170,3
DA:173,3
DA:188,3
DA:190,3
DA:191,0
DA:194,3
DA:195,0
DA:198,3
DA:199,0
DA:202,3
DA:203,0
DA:204,0
DA:207,3
DA:212,2
DA:213,0
DA:214,0
DA:215,0
DA:216,0
DA:217,0
DA:220,2
DA:221,0
DA:241,0
DA:242,0
DA:243,0
DA:248,0
DA:254,0
DA:257,0
DA:258,0
DA:259,0
DA:265,0
LF:73
LH:27
BRDA:18,0,0,0
BRDA:20,1,0,0
BRDA:21,2,0,0
BRDA:22,3,0,0
BRDA:23,4,0,0
BRDA:24,5,0,0
BRDA:25,6,0,0
BRDA:30,7,0,0
BRDA:30,7,1,3
BRDA:36,8,0,0
BRDA:36,8,1,3
BRDA:41,9,0,3
BRDA:41,9,1,0
BRDA:47,10,0,0
BRDA:47,10,1,3
BRDA:47,11,0,3
BRDA:47,11,1,0
BRDA:57,12,0,0
BRDA:57,12,1,3
BRDA:71,13,0,0
BRDA:71,14,0,0
BRDA:84,15,0,0
BRDA:84,15,1,0
BRDA:99,16,0,0
BRDA:109,17,0,0
BRDA:109,17,1,0
BRDA:114,18,0,0
BRDA:114,18,1,0
BRDA:128,19,0,0
BRDA:129,20,0,0
BRDA:129,21,0,0
BRDA:132,22,0,0
BRDA:132,22,1,0
BRDA:133,23,0,0
BRDA:133,23,1,0
BRDA:134,24,0,0
BRDA:134,24,1,0
BRDA:135,25,0,0
BRDA:135,25,1,0
BRDA:136,26,0,0
BRDA:136,26,1,0
BRDA:137,27,0,0
BRDA:137,27,1,0
BRDA:140,28,0,0
BRDA:140,28,1,0
BRDA:143,29,0,0
BRDA:143,29,1,0
BRDA:159,30,0,3
BRDA:159,30,1,0
BRDA:165,31,0,0
BRDA:165,31,1,3
BRDA:168,32,0,3
BRDA:168,32,1,0
BRDA:168,33,0,3
BRDA:168,33,1,3
BRDA:190,34,0,0
BRDA:190,34,1,3
BRDA:194,35,0,0
BRDA:194,35,1,3
BRDA:194,36,0,3
BRDA:194,36,1,3
BRDA:198,37,0,0
BRDA:198,37,1,3
BRDA:202,38,0,0
BRDA:202,38,1,3
BRDA:213,39,0,0
BRDA:213,39,1,0
BRDA:214,40,0,0
BRDA:214,40,1,0
BRDA:216,41,0,0
BRDA:216,41,1,0
BRDA:240,42,0,0
BRDA:243,43,0,0
BRDA:243,43,1,0
BRDA:243,44,0,0
BRDA:243,44,1,0
BRDA:257,45,0,0
BRDA:257,45,1,0
BRDA:257,46,0,0
BRDA:257,46,1,0
BRDA:258,47,0,0
BRDA:258,47,1,0
BRF:82
BRH:17
end_of_record
TN:
SF:src\utils\passwordValidator.js
FN:7,(anonymous_0)
FN:63,(anonymous_1)
FN:95,(anonymous_2)
FN:108,(anonymous_3)
FNF:4
FNH:0
FNDA:0,(anonymous_0)
FNDA:0,(anonymous_1)
FNDA:0,(anonymous_2)
FNDA:0,(anonymous_3)
DA:8,0
DA:11,0
DA:12,0
DA:16,0
DA:17,0
DA:21,0
DA:22,0
DA:26,0
DA:27,0
DA:31,0
DA:32,0
DA:36,0
DA:42,0
DA:43,0
DA:47,0
DA:48,0
DA:52,0
DA:53,0
DA:56,0
DA:64,0
DA:66,0
DA:69,0
DA:70,0
DA:71,0
DA:74,0
DA:75,0
DA:76,0
DA:77,0
DA:80,0
DA:85,0
DA:89,0
DA:90,0
DA:92,0
DA:96,0
DA:105,0
DA:109,0
LF:36
LH:0
BRDA:11,0,0,0
BRDA:11,0,1,0
BRDA:11,1,0,0
BRDA:11,1,1,0
BRDA:16,2,0,0
BRDA:16,2,1,0
BRDA:21,3,0,0
BRDA:21,3,1,0
BRDA:26,4,0,0
BRDA:26,4,1,0
BRDA:31,5,0,0
BRDA:31,5,1,0
BRDA:42,6,0,0
BRDA:42,6,1,0
BRDA:47,7,0,0
BRDA:47,7,1,0
BRDA:47,8,0,0
BRDA:47,8,1,0
BRDA:52,9,0,0
BRDA:52,9,1,0
BRDA:64,10,0,0
BRDA:64,10,1,0
BRDA:69,11,0,0
BRDA:69,11,1,0
BRDA:70,12,0,0
BRDA:70,12,1,0
BRDA:71,13,0,0
BRDA:71,13,1,0
BRDA:74,14,0,0
BRDA:74,14,1,0
BRDA:75,15,0,0
BRDA:75,15,1,0
BRDA:76,16,0,0
BRDA:76,16,1,0
BRDA:77,17,0,0
BRDA:77,17,1,0
BRDA:80,18,0,0
BRDA:80,18,1,0
BRDA:80,19,0,0
BRDA:80,19,1,0
BRDA:80,19,2,0
BRDA:80,19,3,0
BRDA:80,19,4,0
BRDA:89,20,0,0
BRDA:89,20,1,0
BRDA:90,21,0,0
BRDA:90,21,1,0
BRDA:105,22,0,0
BRDA:105,22,1,0
BRF:49
BRH:0
end_of_record
TN:
SF:src\utils\performanceMonitor.js
FN:7,(anonymous_0)
FN:11,(anonymous_1)
FN:20,(anonymous_2)
FN:23,(anonymous_3)
FN:51,(anonymous_4)
FN:85,(anonymous_5)
FN:95,(anonymous_6)
FN:95,(anonymous_7)
FN:121,(anonymous_8)
FN:126,(anonymous_9)
FN:134,(anonymous_10)
FN:135,(anonymous_11)
FN:143,(anonymous_12)
FN:144,(anonymous_13)
FN:153,(anonymous_14)
FN:171,(anonymous_15)
FN:176,(anonymous_16)
FN:189,(anonymous_17)
FN:197,(anonymous_18)
FN:213,(anonymous_19)
FN:238,(anonymous_20)
FN:246,(anonymous_21)
FN:261,(anonymous_22)
FN:278,performanceMiddleware
FN:279,(anonymous_24)
FN:283,(anonymous_25)
FN:303,trackPerformance
FN:304,(anonymous_27)
FN:308,(anonymous_28)
FN:333,(anonymous_29)
FNF:30
FNH:3
FNDA:0,(anonymous_0)
FNDA:0,(anonymous_1)
FNDA:3,(anonymous_2)
FNDA:3,(anonymous_3)
FNDA:3,(anonymous_4)
FNDA:0,(anonymous_5)
FNDA:0,(anonymous_6)
FNDA:0,(anonymous_7)
FNDA:0,(anonymous_8)
FNDA:0,(anonymous_9)
FNDA:0,(anonymous_10)
FNDA:0,(anonymous_11)
FNDA:0,(anonymous_12)
FNDA:0,(anonymous_13)
FNDA:0,(anonymous_14)
FNDA:0,(anonymous_15)
FNDA:0,(anonymous_16)
FNDA:0,(anonymous_17)
FNDA:0,(anonymous_18)
FNDA:0,(anonymous_19)
FNDA:0,(anonymous_20)
FNDA:0,(anonymous_21)
FNDA:0,(anonymous_22)
FNDA:0,performanceMiddleware
FNDA:0,(anonymous_24)
FNDA:0,(anonymous_25)
FNDA:0,trackPerformance
FNDA:0,(anonymous_27)
FNDA:0,(anonymous_28)
FNDA:0,(anonymous_29)
DA:8,0
DA:9,0
DA:10,0
DA:11,0
DA:21,3
DA:23,3
DA:24,3
DA:25,3
DA:28,3
DA:29,0
DA:38,3
DA:40,3
DA:52,3
DA:53,1
DA:63,3
DA:64,3
DA:65,3
DA:66,3
DA:67,3
DA:69,3
DA:70,0
DA:74,3
DA:75,3
DA:76,0
DA:86,0
DA:87,0
DA:88,0
DA:91,0
DA:92,0
DA:95,0
DA:96,0
DA:97,0
DA:98,0
DA:99,0
DA:101,0
DA:122,0
DA:123,0
DA:124,0
DA:126,0
DA:135,0
DA:144,0
DA:154,0
DA:156,0
DA:157,0
DA:158,0
DA:160,0
DA:161,0
DA:164,0
DA:165,0
DA:172,0
DA:174,0
DA:175,0
DA:176,0
DA:180,0
DA:181,0
DA:190,0
DA:198,0
DA:200,0
DA:214,0
DA:215,0
DA:216,0
DA:218,0
DA:239,0
DA:241,0
DA:242,0
DA:246,0
DA:256,0
DA:257,0
DA:261,0
DA:271,0
DA:279,0
DA:280,0
DA:281,0
DA:283,0
DA:284,0
DA:285,0
DA:287,0
DA:296,0
DA:304,0
DA:305,0
DA:306,0
DA:308,0
DA:309,0
DA:315,0
DA:316,0
DA:317,0
DA:318,0
DA:320,0
DA:321,0
DA:325,0
DA:330,2
DA:331,2
DA:332,2
DA:333,2
LF:94
LH:21
BRDA:20,0,0,0
BRDA:23,1,0,0
BRDA:23,2,0,3
BRDA:28,3,0,0
BRDA:28,3,1,3
BRDA:51,4,0,0
BRDA:51,5,0,0
BRDA:52,6,0,1
BRDA:52,6,1,2
BRDA:69,7,0,0
BRDA:69,7,1,3
BRDA:75,8,0,0
BRDA:75,8,1,3
BRDA:87,9,0,0
BRDA:87,9,1,0
BRDA:109,10,0,0
BRDA:109,10,1,0
BRDA:110,11,0,0
BRDA:110,11,1,0
BRDA:111,12,0,0
BRDA:111,12,1,0
BRDA:112,13,0,0
BRDA:112,13,1,0
BRDA:134,14,0,0
BRDA:143,15,0,0
BRDA:154,16,0,0
BRDA:154,16,1,0
BRDA:160,17,0,0
BRDA:160,17,1,0
BRDA:180,18,0,0
BRDA:180,18,1,0
BRDA:241,19,0,0
BRDA:241,19,1,0
BRDA:256,20,0,0
BRDA:256,20,1,0
BRDA:281,21,0,0
BRDA:281,21,1,0
BRDA:293,22,0,0
BRDA:293,22,1,0
BRDA:306,23,0,0
BRDA:306,23,1,0
BRF:41
BRH:6
end_of_record
TN:
SF:src\utils\structuredLogger.js
FN:9,(anonymous_0)
FN:16,(anonymous_1)
FN:24,(anonymous_2)
FN:54,(anonymous_3)
FN:58,(anonymous_4)
FN:62,(anonymous_5)
FN:66,(anonymous_6)
FN:71,(anonymous_7)
FN:81,(anonymous_8)
FN:96,(anonymous_9)
FN:110,(anonymous_10)
FN:127,(anonymous_11)
FN:142,(anonymous_12)
FN:151,(anonymous_13)
FNF:14
FNH:1
FNDA:1,(anonymous_0)
FNDA:0,(anonymous_1)
FNDA:0,(anonymous_2)
FNDA:0,(anonymous_3)
FNDA:0,(anonymous_4)
FNDA:0,(anonymous_5)
FNDA:0,(anonymous_6)
FNDA:0,(anonymous_7)
FNDA:0,(anonymous_8)
FNDA:0,(anonymous_9)
FNDA:0,(anonymous_10)
FNDA:0,(anonymous_11)
FNDA:0,(anonymous_12)
FNDA:0,(anonymous_13)
DA:10,1
DA:11,1
DA:12,1
DA:17,0
DA:18,0
DA:19,0
DA:20,0
DA:25,0
DA:27,0
DA:37,0
DA:38,0
DA:46,0
DA:50,0
DA:55,0
DA:59,0
DA:63,0
DA:67,0
DA:72,0
DA:82,0
DA:97,0
DA:103,0
DA:104,0
DA:106,0
DA:111,0
DA:120,0
DA:121,0
DA:123,0
DA:128,0
DA:134,0
DA:135,0
DA:136,0
DA:137,0
DA:143,0
DA:152,0
DA:159,0
DA:160,0
DA:162,0
DA:168,1
LF:38
LH:4
BRDA:9,0,0,1
BRDA:11,1,0,1
BRDA:11,1,1,0
BRDA:12,2,0,1
BRDA:12,2,1,1
BRDA:24,3,0,0
BRDA:25,4,0,0
BRDA:25,4,1,0
BRDA:37,5,0,0
BRDA:37,5,1,0
BRDA:54,6,0,0
BRDA:58,7,0,0
BRDA:62,8,0,0
BRDA:66,9,0,0
BRDA:71,10,0,0
BRDA:75,11,0,0
BRDA:75,11,1,0
BRDA:76,12,0,0
BRDA:76,12,1,0
BRDA:96,13,0,0
BRDA:98,14,0,0
BRDA:98,14,1,0
BRDA:103,15,0,0
BRDA:103,15,1,0
BRDA:110,16,0,0
BRDA:120,17,0,0
BRDA:120,17,1,0
BRDA:127,18,0,0
BRDA:127,19,0,0
BRDA:134,20,0,0
BRDA:134,20,1,0
BRDA:136,21,0,0
BRDA:136,21,1,0
BRDA:137,22,0,0
BRDA:137,22,1,0
BRDA:142,23,0,0
BRDA:151,24,0,0
BRDA:159,25,0,0
BRDA:159,25,1,0
BRF:39
BRH:4
end_of_record
TN:
SF:src\validators\auth.schema.js
FNF:0
FNH:0
DA:3,1
DA:12,1
LF:2
LH:2
BRF:0
BRH:0
end_of_record
TN:
SF:src\validators\comment.schema.js
FNF:0
FNH:0
DA:3,1
DA:9,1
LF:2
LH:2
BRF:0
BRH:0
end_of_record
TN:
SF:src\validators\pagination.schema.js
FNF:0
FNH:0
DA:3,1
LF:1
LH:1
BRF:0
BRH:0
end_of_record
TN:
SF:src\validators\user.schema.js
FNF:0
FNH:0
DA:3,1
LF:1
LH:1
BRF:0
BRH:0
end_of_record
